10314:    "xml": "<Event xmlns=\"http://schemas.microsoft.com/win/2004/08/events/event\"><System><Provider Name=\"Microsoft-Windows-Security-Auditing\" Guid=\"{54849625-5478-4994-a5ba-3e3b0328c30d}\"></Provider>\n<EventID Qualifiers=\"\">4656</EventID>\n<Version>1</Version>\n<Level>0</Level>\n<Task>12801</Task>\n<Opcode>0</Opcode>\n<Keywords>0x8020000000000000</Keywords>\n<TimeCreated SystemTime=\"2024-07-15 16:46:16.812654+00:00\"></TimeCreated>\n<EventRecordID>170087</EventRecordID>\n<Correlation ActivityID=\"\" RelatedActivityID=\"\"></Correlation>\n<Execution ProcessID=\"4\" ThreadID=\"6000\"></Execution>\n<Channel>Security</Channel>\n<Computer>DESKTOP-EKVR84B</Computer>\n<Security UserID=\"\"></Security>\n</System>\n<EventData><Data Name=\"SubjectUserSid\">S-1-5-18</Data>\n<Data Name=\"SubjectUserName\">DESKTOP-EKVR84B$</Data>\n<Data Name=\"SubjectDomainName\">WORKGROUP</Data>\n<Data Name=\"SubjectLogonId\">0x00000000000003e7</Data>\n<Data Name=\"ObjectServer\">Security</Data>\n<Data Name=\"ObjectType\">Key</Data>\n<Data Name=\"ObjectName\">\\REGISTRY\\MACHINE\\SOFTWARE\\Microsoft\\EnterpriseCertificates\\Root\\Certificates</Data>\n<Data Name=\"HandleId\">0x00000000000003b8</Data>\n<Data Name=\"TransactionId\">{00000000-0000-0000-0000-000000000000}</Data>\n<Data Name=\"AccessList\">%%1537\r\n\t\t\t\t%%1538\r\n\t\t\t\t%%4432\r\n\t\t\t\t%%4433\r\n\t\t\t\t%%4434\r\n\t\t\t\t%%4435\r\n\t\t\t\t%%4436\r\n\t\t\t\t</Data>\n<Data Name=\"AccessReason\">-</Data>\n<Data Name=\"AccessMask\">0x0003001f</Data>\n<Data Name=\"PrivilegeList\">-</Data>\n<Data Name=\"RestrictedSidCount\">0</Data>\n<Data Name=\"ProcessId\">0x0000000000002578</Data>\n<Data Name=\"ProcessName\">C:\\Windows\\System32\\CompatTelRunner.exe</Data>\n<Data Name=\"ResourceAttributes\">-</Data>\n</EventData>\n</Event>\n"
10320:    "xml": "<Event xmlns=\"http://schemas.microsoft.com/win/2004/08/events/event\"><System><Provider Name=\"Microsoft-Windows-Security-Auditing\" Guid=\"{54849625-5478-4994-a5ba-3e3b0328c30d}\"></Provider>\n<EventID Qualifiers=\"\">4658</EventID>\n<Version>0</Version>\n<Level>0</Level>\n<Task>12801</Task>\n<Opcode>0</Opcode>\n<Keywords>0x8020000000000000</Keywords>\n<TimeCreated SystemTime=\"2024-07-15 16:46:16.812681+00:00\"></TimeCreated>\n<EventRecordID>170088</EventRecordID>\n<Correlation ActivityID=\"\" RelatedActivityID=\"\"></Correlation>\n<Execution ProcessID=\"4\" ThreadID=\"6000\"></Execution>\n<Channel>Security</Channel>\n<Computer>DESKTOP-EKVR84B</Computer>\n<Security UserID=\"\"></Security>\n</System>\n<EventData><Data Name=\"SubjectUserSid\">S-1-5-18</Data>\n<Data Name=\"SubjectUserName\">DESKTOP-EKVR84B$</Data>\n<Data Name=\"SubjectDomainName\">WORKGROUP</Data>\n<Data Name=\"SubjectLogonId\">0x00000000000003e7</Data>\n<Data Name=\"ObjectServer\">Security</Data>\n<Data Name=\"HandleId\">0x00000000000003b8</Data>\n<Data Name=\"ProcessId\">0x0000000000002578</Data>\n<Data Name=\"ProcessName\">C:\\Windows\\System32\\CompatTelRunner.exe</Data>\n</EventData>\n</Event>\n"
11412:    "xml": "<Event xmlns=\"http://schemas.microsoft.com/win/2004/08/events/event\"><System><Provider Name=\"Microsoft-Windows-Security-Auditing\" Guid=\"{54849625-5478-4994-a5ba-3e3b0328c30d}\"></Provider>\n<EventID Qualifiers=\"\">4656</EventID>\n<Version>1</Version>\n<Level>0</Level>\n<Task>12812</Task>\n<Opcode>0</Opcode>\n<Keywords>0x8020000000000000</Keywords>\n<TimeCreated SystemTime=\"2024-07-15 16:46:41.440115+00:00\"></TimeCreated>\n<EventRecordID>170215</EventRecordID>\n<Correlation ActivityID=\"\" RelatedActivityID=\"\"></Correlation>\n<Execution ProcessID=\"4\" ThreadID=\"264\"></Execution>\n<Channel>Security</Channel>\n<Computer>DESKTOP-EKVR84B</Computer>\n<Security UserID=\"\"></Security>\n</System>\n<EventData><Data Name=\"SubjectUserSid\">S-1-5-18</Data>\n<Data Name=\"SubjectUserName\">DESKTOP-EKVR84B$</Data>\n<Data Name=\"SubjectDomainName\">WORKGROUP</Data>\n<Data Name=\"SubjectLogonId\">0x00000000000003e7</Data>\n<Data Name=\"ObjectServer\">Security</Data>\n<Data Name=\"ObjectType\">File</Data>\n<Data Name=\"ObjectName\">\\Device\\CdRom0\\Autorun.inf</Data>\n<Data Name=\"HandleId\">0x0000000000000260</Data>\n<Data Name=\"TransactionId\">{00000000-0000-0000-0000-000000000000}</Data>\n<Data Name=\"AccessList\">%%1538\r\n\t\t\t\t%%1541\r\n\t\t\t\t%%4416\r\n\t\t\t\t%%4419\r\n\t\t\t\t%%4423\r\n\t\t\t\t</Data>\n<Data Name=\"AccessReason\">-</Data>\n<Data Name=\"AccessMask\">0x00120089</Data>\n<Data Name=\"PrivilegeList\">-</Data>\n<Data Name=\"RestrictedSidCount\">0</Data>\n<Data Name=\"ProcessId\">0x00000000000009b8</Data>\n<Data Name=\"ProcessName\">C:\\Windows\\System32\\svchost.exe</Data>\n<Data Name=\"ResourceAttributes\">-</Data>\n</EventData>\n</Event>\n"
11418:    "xml": "<Event xmlns=\"http://schemas.microsoft.com/win/2004/08/events/event\"><System><Provider Name=\"Microsoft-Windows-Security-Auditing\" Guid=\"{54849625-5478-4994-a5ba-3e3b0328c30d}\"></Provider>\n<EventID Qualifiers=\"\">4663</EventID>\n<Version>1</Version>\n<Level>0</Level>\n<Task>12812</Task>\n<Opcode>0</Opcode>\n<Keywords>0x8020000000000000</Keywords>\n<TimeCreated SystemTime=\"2024-07-15 16:46:41.440193+00:00\"></TimeCreated>\n<EventRecordID>170216</EventRecordID>\n<Correlation ActivityID=\"\" RelatedActivityID=\"\"></Correlation>\n<Execution ProcessID=\"4\" ThreadID=\"264\"></Execution>\n<Channel>Security</Channel>\n<Computer>DESKTOP-EKVR84B</Computer>\n<Security UserID=\"\"></Security>\n</System>\n<EventData><Data Name=\"SubjectUserSid\">S-1-5-18</Data>\n<Data Name=\"SubjectUserName\">DESKTOP-EKVR84B$</Data>\n<Data Name=\"SubjectDomainName\">WORKGROUP</Data>\n<Data Name=\"SubjectLogonId\">0x00000000000003e7</Data>\n<Data Name=\"ObjectServer\">Security</Data>\n<Data Name=\"ObjectType\">File</Data>\n<Data Name=\"ObjectName\">\\Device\\CdRom0\\Autorun.inf</Data>\n<Data Name=\"HandleId\">0x0000000000000260</Data>\n<Data Name=\"AccessList\">%%4416\r\n\t\t\t\t</Data>\n<Data Name=\"AccessMask\">0x00000001</Data>\n<Data Name=\"ProcessId\">0x00000000000009b8</Data>\n<Data Name=\"ProcessName\">C:\\Windows\\System32\\svchost.exe</Data>\n<Data Name=\"ResourceAttributes\"></Data>\n</EventData>\n</Event>\n"
11442:    "xml": "<Event xmlns=\"http://schemas.microsoft.com/win/2004/08/events/event\"><System><Provider Name=\"Microsoft-Windows-Security-Auditing\" Guid=\"{54849625-5478-4994-a5ba-3e3b0328c30d}\"></Provider>\n<EventID Qualifiers=\"\">4656</EventID>\n<Version>1</Version>\n<Level>0</Level>\n<Task>12812</Task>\n<Opcode>0</Opcode>\n<Keywords>0x8020000000000000</Keywords>\n<TimeCreated SystemTime=\"2024-07-15 16:46:41.441191+00:00\"></TimeCreated>\n<EventRecordID>170220</EventRecordID>\n<Correlation ActivityID=\"\" RelatedActivityID=\"\"></Correlation>\n<Execution ProcessID=\"4\" ThreadID=\"264\"></Execution>\n<Channel>Security</Channel>\n<Computer>DESKTOP-EKVR84B</Computer>\n<Security UserID=\"\"></Security>\n</System>\n<EventData><Data Name=\"SubjectUserSid\">S-1-5-18</Data>\n<Data Name=\"SubjectUserName\">DESKTOP-EKVR84B$</Data>\n<Data Name=\"SubjectDomainName\">WORKGROUP</Data>\n<Data Name=\"SubjectLogonId\">0x00000000000003e7</Data>\n<Data Name=\"ObjectServer\">Security</Data>\n<Data Name=\"ObjectType\">File</Data>\n<Data Name=\"ObjectName\">\\Device\\CdRom0\\Autorun.inf</Data>\n<Data Name=\"HandleId\">0x0000000000000260</Data>\n<Data Name=\"TransactionId\">{00000000-0000-0000-0000-000000000000}</Data>\n<Data Name=\"AccessList\">%%1538\r\n\t\t\t\t%%1541\r\n\t\t\t\t%%4416\r\n\t\t\t\t%%4419\r\n\t\t\t\t%%4423\r\n\t\t\t\t</Data>\n<Data Name=\"AccessReason\">-</Data>\n<Data Name=\"AccessMask\">0x00120089</Data>\n<Data Name=\"PrivilegeList\">-</Data>\n<Data Name=\"RestrictedSidCount\">0</Data>\n<Data Name=\"ProcessId\">0x00000000000009b8</Data>\n<Data Name=\"ProcessName\">C:\\Windows\\System32\\svchost.exe</Data>\n<Data Name=\"ResourceAttributes\">-</Data>\n</EventData>\n</Event>\n"
11448:    "xml": "<Event xmlns=\"http://schemas.microsoft.com/win/2004/08/events/event\"><System><Provider Name=\"Microsoft-Windows-Security-Auditing\" Guid=\"{54849625-5478-4994-a5ba-3e3b0328c30d}\"></Provider>\n<EventID Qualifiers=\"\">4663</EventID>\n<Version>1</Version>\n<Level>0</Level>\n<Task>12812</Task>\n<Opcode>0</Opcode>\n<Keywords>0x8020000000000000</Keywords>\n<TimeCreated SystemTime=\"2024-07-15 16:46:41.441240+00:00\"></TimeCreated>\n<EventRecordID>170221</EventRecordID>\n<Correlation ActivityID=\"\" RelatedActivityID=\"\"></Correlation>\n<Execution ProcessID=\"4\" ThreadID=\"264\"></Execution>\n<Channel>Security</Channel>\n<Computer>DESKTOP-EKVR84B</Computer>\n<Security UserID=\"\"></Security>\n</System>\n<EventData><Data Name=\"SubjectUserSid\">S-1-5-18</Data>\n<Data Name=\"SubjectUserName\">DESKTOP-EKVR84B$</Data>\n<Data Name=\"SubjectDomainName\">WORKGROUP</Data>\n<Data Name=\"SubjectLogonId\">0x00000000000003e7</Data>\n<Data Name=\"ObjectServer\">Security</Data>\n<Data Name=\"ObjectType\">File</Data>\n<Data Name=\"ObjectName\">\\Device\\CdRom0\\Autorun.inf</Data>\n<Data Name=\"HandleId\">0x0000000000000260</Data>\n<Data Name=\"AccessList\">%%4416\r\n\t\t\t\t</Data>\n<Data Name=\"AccessMask\">0x00000001</Data>\n<Data Name=\"ProcessId\">0x00000000000009b8</Data>\n<Data Name=\"ProcessName\">C:\\Windows\\System32\\svchost.exe</Data>\n<Data Name=\"ResourceAttributes\"></Data>\n</EventData>\n</Event>\n"
11472:    "xml": "<Event xmlns=\"http://schemas.microsoft.com/win/2004/08/events/event\"><System><Provider Name=\"Microsoft-Windows-Security-Auditing\" Guid=\"{54849625-5478-4994-a5ba-3e3b0328c30d}\"></Provider>\n<EventID Qualifiers=\"\">4656</EventID>\n<Version>1</Version>\n<Level>0</Level>\n<Task>12812</Task>\n<Opcode>0</Opcode>\n<Keywords>0x8020000000000000</Keywords>\n<TimeCreated SystemTime=\"2024-07-15 16:46:41.441822+00:00\"></TimeCreated>\n<EventRecordID>170225</EventRecordID>\n<Correlation ActivityID=\"\" RelatedActivityID=\"\"></Correlation>\n<Execution ProcessID=\"4\" ThreadID=\"264\"></Execution>\n<Channel>Security</Channel>\n<Computer>DESKTOP-EKVR84B</Computer>\n<Security UserID=\"\"></Security>\n</System>\n<EventData><Data Name=\"SubjectUserSid\">S-1-5-18</Data>\n<Data Name=\"SubjectUserName\">DESKTOP-EKVR84B$</Data>\n<Data Name=\"SubjectDomainName\">WORKGROUP</Data>\n<Data Name=\"SubjectLogonId\">0x00000000000003e7</Data>\n<Data Name=\"ObjectServer\">Security</Data>\n<Data Name=\"ObjectType\">File</Data>\n<Data Name=\"ObjectName\">\\Device\\CdRom0\\Autorun.inf</Data>\n<Data Name=\"HandleId\">0x0000000000000260</Data>\n<Data Name=\"TransactionId\">{00000000-0000-0000-0000-000000000000}</Data>\n<Data Name=\"AccessList\">%%1538\r\n\t\t\t\t%%1541\r\n\t\t\t\t%%4416\r\n\t\t\t\t%%4419\r\n\t\t\t\t%%4423\r\n\t\t\t\t</Data>\n<Data Name=\"AccessReason\">-</Data>\n<Data Name=\"AccessMask\">0x00120089</Data>\n<Data Name=\"PrivilegeList\">-</Data>\n<Data Name=\"RestrictedSidCount\">0</Data>\n<Data Name=\"ProcessId\">0x00000000000009b8</Data>\n<Data Name=\"ProcessName\">C:\\Windows\\System32\\svchost.exe</Data>\n<Data Name=\"ResourceAttributes\">-</Data>\n</EventData>\n</Event>\n"
11478:    "xml": "<Event xmlns=\"http://schemas.microsoft.com/win/2004/08/events/event\"><System><Provider Name=\"Microsoft-Windows-Security-Auditing\" Guid=\"{54849625-5478-4994-a5ba-3e3b0328c30d}\"></Provider>\n<EventID Qualifiers=\"\">4663</EventID>\n<Version>1</Version>\n<Level>0</Level>\n<Task>12812</Task>\n<Opcode>0</Opcode>\n<Keywords>0x8020000000000000</Keywords>\n<TimeCreated SystemTime=\"2024-07-15 16:46:41.441875+00:00\"></TimeCreated>\n<EventRecordID>170226</EventRecordID>\n<Correlation ActivityID=\"\" RelatedActivityID=\"\"></Correlation>\n<Execution ProcessID=\"4\" ThreadID=\"264\"></Execution>\n<Channel>Security</Channel>\n<Computer>DESKTOP-EKVR84B</Computer>\n<Security UserID=\"\"></Security>\n</System>\n<EventData><Data Name=\"SubjectUserSid\">S-1-5-18</Data>\n<Data Name=\"SubjectUserName\">DESKTOP-EKVR84B$</Data>\n<Data Name=\"SubjectDomainName\">WORKGROUP</Data>\n<Data Name=\"SubjectLogonId\">0x00000000000003e7</Data>\n<Data Name=\"ObjectServer\">Security</Data>\n<Data Name=\"ObjectType\">File</Data>\n<Data Name=\"ObjectName\">\\Device\\CdRom0\\Autorun.inf</Data>\n<Data Name=\"HandleId\">0x0000000000000260</Data>\n<Data Name=\"AccessList\">%%4416\r\n\t\t\t\t</Data>\n<Data Name=\"AccessMask\">0x00000001</Data>\n<Data Name=\"ProcessId\">0x00000000000009b8</Data>\n<Data Name=\"ProcessName\">C:\\Windows\\System32\\svchost.exe</Data>\n<Data Name=\"ResourceAttributes\"></Data>\n</EventData>\n</Event>\n"
11502:    "xml": "<Event xmlns=\"http://schemas.microsoft.com/win/2004/08/events/event\"><System><Provider Name=\"Microsoft-Windows-Security-Auditing\" Guid=\"{54849625-5478-4994-a5ba-3e3b0328c30d}\"></Provider>\n<EventID Qualifiers=\"\">4656</EventID>\n<Version>1</Version>\n<Level>0</Level>\n<Task>12812</Task>\n<Opcode>0</Opcode>\n<Keywords>0x8020000000000000</Keywords>\n<TimeCreated SystemTime=\"2024-07-15 16:46:41.442392+00:00\"></TimeCreated>\n<EventRecordID>170230</EventRecordID>\n<Correlation ActivityID=\"\" RelatedActivityID=\"\"></Correlation>\n<Execution ProcessID=\"4\" ThreadID=\"264\"></Execution>\n<Channel>Security</Channel>\n<Computer>DESKTOP-EKVR84B</Computer>\n<Security UserID=\"\"></Security>\n</System>\n<EventData><Data Name=\"SubjectUserSid\">S-1-5-18</Data>\n<Data Name=\"SubjectUserName\">DESKTOP-EKVR84B$</Data>\n<Data Name=\"SubjectDomainName\">WORKGROUP</Data>\n<Data Name=\"SubjectLogonId\">0x00000000000003e7</Data>\n<Data Name=\"ObjectServer\">Security</Data>\n<Data Name=\"ObjectType\">File</Data>\n<Data Name=\"ObjectName\">\\Device\\CdRom0\\Autorun.inf</Data>\n<Data Name=\"HandleId\">0x0000000000000260</Data>\n<Data Name=\"TransactionId\">{00000000-0000-0000-0000-000000000000}</Data>\n<Data Name=\"AccessList\">%%1538\r\n\t\t\t\t%%1541\r\n\t\t\t\t%%4416\r\n\t\t\t\t%%4419\r\n\t\t\t\t%%4423\r\n\t\t\t\t</Data>\n<Data Name=\"AccessReason\">-</Data>\n<Data Name=\"AccessMask\">0x00120089</Data>\n<Data Name=\"PrivilegeList\">-</Data>\n<Data Name=\"RestrictedSidCount\">0</Data>\n<Data Name=\"ProcessId\">0x00000000000009b8</Data>\n<Data Name=\"ProcessName\">C:\\Windows\\System32\\svchost.exe</Data>\n<Data Name=\"ResourceAttributes\">-</Data>\n</EventData>\n</Event>\n"
11508:    "xml": "<Event xmlns=\"http://schemas.microsoft.com/win/2004/08/events/event\"><System><Provider Name=\"Microsoft-Windows-Security-Auditing\" Guid=\"{54849625-5478-4994-a5ba-3e3b0328c30d}\"></Provider>\n<EventID Qualifiers=\"\">4663</EventID>\n<Version>1</Version>\n<Level>0</Level>\n<Task>12812</Task>\n<Opcode>0</Opcode>\n<Keywords>0x8020000000000000</Keywords>\n<TimeCreated SystemTime=\"2024-07-15 16:46:41.442461+00:00\"></TimeCreated>\n<EventRecordID>170231</EventRecordID>\n<Correlation ActivityID=\"\" RelatedActivityID=\"\"></Correlation>\n<Execution ProcessID=\"4\" ThreadID=\"264\"></Execution>\n<Channel>Security</Channel>\n<Computer>DESKTOP-EKVR84B</Computer>\n<Security UserID=\"\"></Security>\n</System>\n<EventData><Data Name=\"SubjectUserSid\">S-1-5-18</Data>\n<Data Name=\"SubjectUserName\">DESKTOP-EKVR84B$</Data>\n<Data Name=\"SubjectDomainName\">WORKGROUP</Data>\n<Data Name=\"SubjectLogonId\">0x00000000000003e7</Data>\n<Data Name=\"ObjectServer\">Security</Data>\n<Data Name=\"ObjectType\">File</Data>\n<Data Name=\"ObjectName\">\\Device\\CdRom0\\Autorun.inf</Data>\n<Data Name=\"HandleId\">0x0000000000000260</Data>\n<Data Name=\"AccessList\">%%4416\r\n\t\t\t\t</Data>\n<Data Name=\"AccessMask\">0x00000001</Data>\n<Data Name=\"ProcessId\">0x00000000000009b8</Data>\n<Data Name=\"ProcessName\">C:\\Windows\\System32\\svchost.exe</Data>\n<Data Name=\"ResourceAttributes\"></Data>\n</EventData>\n</Event>\n"
17532:    "xml": "<Event xmlns=\"http://schemas.microsoft.com/win/2004/08/events/event\"><System><Provider Name=\"Microsoft-Windows-Security-Auditing\" Guid=\"{54849625-5478-4994-a5ba-3e3b0328c30d}\"></Provider>\n<EventID Qualifiers=\"\">4656</EventID>\n<Version>1</Version>\n<Level>0</Level>\n<Task>12801</Task>\n<Opcode>0</Opcode>\n<Keywords>0x8020000000000000</Keywords>\n<TimeCreated SystemTime=\"2024-07-15 16:46:51.078869+00:00\"></TimeCreated>\n<EventRecordID>171212</EventRecordID>\n<Correlation ActivityID=\"\" RelatedActivityID=\"\"></Correlation>\n<Execution ProcessID=\"4\" ThreadID=\"4904\"></Execution>\n<Channel>Security</Channel>\n<Computer>DESKTOP-EKVR84B</Computer>\n<Security UserID=\"\"></Security>\n</System>\n<EventData><Data Name=\"SubjectUserSid\">S-1-5-18</Data>\n<Data Name=\"SubjectUserName\">DESKTOP-EKVR84B$</Data>\n<Data Name=\"SubjectDomainName\">WORKGROUP</Data>\n<Data Name=\"SubjectLogonId\">0x00000000000003e7</Data>\n<Data Name=\"ObjectServer\">Security</Data>\n<Data Name=\"ObjectType\">Key</Data>\n<Data Name=\"ObjectName\">\\REGISTRY\\MACHINE\\SOFTWARE\\Microsoft\\Windows\\CurrentVersion\\Run</Data>\n<Data Name=\"HandleId\">0x0000000000000328</Data>\n<Data Name=\"TransactionId\">{00000000-0000-0000-0000-000000000000}</Data>\n<Data Name=\"AccessList\">%%1538\r\n\t\t\t\t%%4433\r\n\t\t\t\t%%4434\r\n\t\t\t\t</Data>\n<Data Name=\"AccessReason\">-</Data>\n<Data Name=\"AccessMask\">0x00020006</Data>\n<Data Name=\"PrivilegeList\">-</Data>\n<Data Name=\"RestrictedSidCount\">0</Data>\n<Data Name=\"ProcessId\">0x0000000000000e48</Data>\n<Data Name=\"ProcessName\">C:\\ProgramData\\Microsoft\\Windows Defender\\Platform\\4.18.24060.7-0\\MsMpEng.exe</Data>\n<Data Name=\"ResourceAttributes\">-</Data>\n</EventData>\n</Event>\n"
17538:    "xml": "<Event xmlns=\"http://schemas.microsoft.com/win/2004/08/events/event\"><System><Provider Name=\"Microsoft-Windows-Security-Auditing\" Guid=\"{54849625-5478-4994-a5ba-3e3b0328c30d}\"></Provider>\n<EventID Qualifiers=\"\">4663</EventID>\n<Version>1</Version>\n<Level>0</Level>\n<Task>12801</Task>\n<Opcode>0</Opcode>\n<Keywords>0x8020000000000000</Keywords>\n<TimeCreated SystemTime=\"2024-07-15 16:46:51.078871+00:00\"></TimeCreated>\n<EventRecordID>171213</EventRecordID>\n<Correlation ActivityID=\"\" RelatedActivityID=\"\"></Correlation>\n<Execution ProcessID=\"4\" ThreadID=\"4904\"></Execution>\n<Channel>Security</Channel>\n<Computer>DESKTOP-EKVR84B</Computer>\n<Security UserID=\"\"></Security>\n</System>\n<EventData><Data Name=\"SubjectUserSid\">S-1-5-18</Data>\n<Data Name=\"SubjectUserName\">DESKTOP-EKVR84B$</Data>\n<Data Name=\"SubjectDomainName\">WORKGROUP</Data>\n<Data Name=\"SubjectLogonId\">0x00000000000003e7</Data>\n<Data Name=\"ObjectServer\">Security</Data>\n<Data Name=\"ObjectType\">Key</Data>\n<Data Name=\"ObjectName\">\\REGISTRY\\MACHINE\\SOFTWARE\\Microsoft\\Windows\\CurrentVersion\\Run</Data>\n<Data Name=\"HandleId\">0x0000000000000328</Data>\n<Data Name=\"AccessList\">%%4433\r\n\t\t\t\t</Data>\n<Data Name=\"AccessMask\">0x00000002</Data>\n<Data Name=\"ProcessId\">0x0000000000000e48</Data>\n<Data Name=\"ProcessName\">C:\\ProgramData\\Microsoft\\Windows Defender\\Platform\\4.18.24060.7-0\\MsMpEng.exe</Data>\n<Data Name=\"ResourceAttributes\">-</Data>\n</EventData>\n</Event>\n"
17802:    "xml": "<Event xmlns=\"http://schemas.microsoft.com/win/2004/08/events/event\"><System><Provider Name=\"Microsoft-Windows-Security-Auditing\" Guid=\"{54849625-5478-4994-a5ba-3e3b0328c30d}\"></Provider>\n<EventID Qualifiers=\"\">4702</EventID>\n<Version>1</Version>\n<Level>0</Level>\n<Task>12804</Task>\n<Opcode>0</Opcode>\n<Keywords>0x8020000000000000</Keywords>\n<TimeCreated SystemTime=\"2024-07-15 16:46:53.887203+00:00\"></TimeCreated>\n<EventRecordID>171256</EventRecordID>\n<Correlation ActivityID=\"{8a8c95d9-d6d6-0000-0397-8c8ad6d6da01}\" RelatedActivityID=\"\"></Correlation>\n<Execution ProcessID=\"684\" ThreadID=\"736\"></Execution>\n<Channel>Security</Channel>\n<Computer>DESKTOP-EKVR84B</Computer>\n<Security UserID=\"\"></Security>\n</System>\n<EventData><Data Name=\"SubjectUserSid\">S-1-5-18</Data>\n<Data Name=\"SubjectUserName\">DESKTOP-EKVR84B$</Data>\n<Data Name=\"SubjectDomainName\">WORKGROUP</Data>\n<Data Name=\"SubjectLogonId\">0x00000000000003e7</Data>\n<Data Name=\"TaskName\">\\Microsoft\\Windows\\UpdateOrchestrator\\Schedule Work</Data>\n<Data Name=\"TaskContentNew\">&lt;?xml version=\"1.0\" encoding=\"UTF-16\"?&gt;\r\n&lt;Task version=\"1.2\" xmlns=\"http://schemas.microsoft.com/windows/2004/02/mit/task\"&gt;\r\n  &lt;RegistrationInfo&gt;\r\n    &lt;URI&gt;\\Microsoft\\Windows\\UpdateOrchestrator\\Schedule Work&lt;/URI&gt;\r\n    &lt;SecurityDescriptor&gt;D:P(A;;FA;;;SY)(A;;FRFX;;;LS)(A;;FRFX;;;BA)&lt;/SecurityDescriptor&gt;\r\n  &lt;/RegistrationInfo&gt;\r\n  &lt;Triggers&gt;\r\n    &lt;TimeTrigger&gt;\r\n      &lt;StartBoundary&gt;2024-07-16T00:48:42-07:00&lt;/StartBoundary&gt;\r\n      &lt;Enabled&gt;true&lt;/Enabled&gt;\r\n    &lt;/TimeTrigger&gt;\r\n  &lt;/Triggers&gt;\r\n  &lt;Principals&gt;\r\n    &lt;Principal id=\"Author\"&gt;\r\n      &lt;RunLevel&gt;LeastPrivilege&lt;/RunLevel&gt;\r\n      &lt;UserId&gt;S-1-5-18&lt;/UserId&gt;\r\n    &lt;/Principal&gt;\r\n  &lt;/Principals&gt;\r\n  &lt;Settings&gt;\r\n    &lt;MultipleInstancesPolicy&gt;IgnoreNew&lt;/MultipleInstancesPolicy&gt;\r\n    &lt;DisallowStartIfOnBatteries&gt;true&lt;/DisallowStartIfOnBatteries&gt;\r\n    &lt;StopIfGoingOnBatteries&gt;true&lt;/StopIfGoingOnBatteries&gt;\r\n    &lt;AllowHardTerminate&gt;true&lt;/AllowHardTerminate&gt;\r\n    &lt;StartWhenAvailable&gt;true&lt;/StartWhenAvailable&gt;\r\n    &lt;RunOnlyIfNetworkAvailable&gt;false&lt;/RunOnlyIfNetworkAvailable&gt;\r\n    &lt;IdleSettings&gt;\r\n      &lt;Duration&gt;PT10M&lt;/Duration&gt;\r\n      &lt;WaitTimeout&gt;PT1H&lt;/WaitTimeout&gt;\r\n      &lt;StopOnIdleEnd&gt;true&lt;/StopOnIdleEnd&gt;\r\n      &lt;RestartOnIdle&gt;false&lt;/RestartOnIdle&gt;\r\n    &lt;/IdleSettings&gt;\r\n    &lt;AllowStartOnDemand&gt;true&lt;/AllowStartOnDemand&gt;\r\n    &lt;Enabled&gt;false&lt;/Enabled&gt;\r\n    &lt;Hidden&gt;false&lt;/Hidden&gt;\r\n    &lt;RunOnlyIfIdle&gt;false&lt;/RunOnlyIfIdle&gt;\r\n    &lt;WakeToRun&gt;false&lt;/WakeToRun&gt;\r\n    &lt;ExecutionTimeLimit&gt;PT72H&lt;/ExecutionTimeLimit&gt;\r\n    &lt;Priority&gt;7&lt;/Priority&gt;\r\n  &lt;/Settings&gt;\r\n  &lt;Actions Context=\"Author\"&gt;\r\n    &lt;Exec&gt;\r\n      &lt;Command&gt;%systemroot%\\system32\\usoclient.exe&lt;/Command&gt;\r\n      &lt;Arguments&gt;StartWork&lt;/Arguments&gt;\r\n    &lt;/Exec&gt;\r\n  &lt;/Actions&gt;\r\n&lt;/Task&gt;</Data>\n<Data Name=\"ClientProcessStartKey\">10696049115005083</Data>\n<Data Name=\"ClientProcessId\">6696</Data>\n<Data Name=\"ParentProcessId\">784</Data>\n<Data Name=\"RpcCallClientLocality\">0</Data>\n<Data Name=\"FQDN\">DESKTOP-EKVR84B</Data>\n</EventData>\n</Event>\n"
17832:    "xml": "<Event xmlns=\"http://schemas.microsoft.com/win/2004/08/events/event\"><System><Provider Name=\"Microsoft-Windows-Security-Auditing\" Guid=\"{54849625-5478-4994-a5ba-3e3b0328c30d}\"></Provider>\n<EventID Qualifiers=\"\">4702</EventID>\n<Version>1</Version>\n<Level>0</Level>\n<Task>12804</Task>\n<Opcode>0</Opcode>\n<Keywords>0x8020000000000000</Keywords>\n<TimeCreated SystemTime=\"2024-07-15 16:46:54.130630+00:00\"></TimeCreated>\n<EventRecordID>171261</EventRecordID>\n<Correlation ActivityID=\"{8a8c95d9-d6d6-0000-0397-8c8ad6d6da01}\" RelatedActivityID=\"\"></Correlation>\n<Execution ProcessID=\"684\" ThreadID=\"736\"></Execution>\n<Channel>Security</Channel>\n<Computer>DESKTOP-EKVR84B</Computer>\n<Security UserID=\"\"></Security>\n</System>\n<EventData><Data Name=\"SubjectUserSid\">S-1-5-18</Data>\n<Data Name=\"SubjectUserName\">DESKTOP-EKVR84B$</Data>\n<Data Name=\"SubjectDomainName\">WORKGROUP</Data>\n<Data Name=\"SubjectLogonId\">0x00000000000003e7</Data>\n<Data Name=\"TaskName\">\\Microsoft\\Windows\\UpdateOrchestrator\\Schedule Work</Data>\n<Data Name=\"TaskContentNew\">&lt;?xml version=\"1.0\" encoding=\"UTF-16\"?&gt;\r\n&lt;Task version=\"1.2\" xmlns=\"http://schemas.microsoft.com/windows/2004/02/mit/task\"&gt;\r\n  &lt;RegistrationInfo&gt;\r\n    &lt;URI&gt;\\Microsoft\\Windows\\UpdateOrchestrator\\Schedule Work&lt;/URI&gt;\r\n    &lt;SecurityDescriptor&gt;D:P(A;;FA;;;SY)(A;;FRFX;;;LS)(A;;FRFX;;;BA)&lt;/SecurityDescriptor&gt;\r\n  &lt;/RegistrationInfo&gt;\r\n  &lt;Triggers&gt;\r\n    &lt;TimeTrigger&gt;\r\n      &lt;StartBoundary&gt;2024-07-16T00:48:42-07:00&lt;/StartBoundary&gt;\r\n      &lt;Enabled&gt;true&lt;/Enabled&gt;\r\n    &lt;/TimeTrigger&gt;\r\n  &lt;/Triggers&gt;\r\n  &lt;Principals&gt;\r\n    &lt;Principal id=\"Author\"&gt;\r\n      &lt;UserId&gt;S-1-5-18&lt;/UserId&gt;\r\n      &lt;RunLevel&gt;LeastPrivilege&lt;/RunLevel&gt;\r\n    &lt;/Principal&gt;\r\n  &lt;/Principals&gt;\r\n  &lt;Settings&gt;\r\n    &lt;MultipleInstancesPolicy&gt;IgnoreNew&lt;/MultipleInstancesPolicy&gt;\r\n    &lt;DisallowStartIfOnBatteries&gt;true&lt;/DisallowStartIfOnBatteries&gt;\r\n    &lt;StopIfGoingOnBatteries&gt;true&lt;/StopIfGoingOnBatteries&gt;\r\n    &lt;AllowHardTerminate&gt;true&lt;/AllowHardTerminate&gt;\r\n    &lt;StartWhenAvailable&gt;true&lt;/StartWhenAvailable&gt;\r\n    &lt;RunOnlyIfNetworkAvailable&gt;false&lt;/RunOnlyIfNetworkAvailable&gt;\r\n    &lt;IdleSettings&gt;\r\n      &lt;Duration&gt;PT10M&lt;/Duration&gt;\r\n      &lt;WaitTimeout&gt;PT1H&lt;/WaitTimeout&gt;\r\n      &lt;StopOnIdleEnd&gt;true&lt;/StopOnIdleEnd&gt;\r\n      &lt;RestartOnIdle&gt;false&lt;/RestartOnIdle&gt;\r\n    &lt;/IdleSettings&gt;\r\n    &lt;AllowStartOnDemand&gt;true&lt;/AllowStartOnDemand&gt;\r\n    &lt;Enabled&gt;false&lt;/Enabled&gt;\r\n    &lt;Hidden&gt;false&lt;/Hidden&gt;\r\n    &lt;RunOnlyIfIdle&gt;false&lt;/RunOnlyIfIdle&gt;\r\n    &lt;WakeToRun&gt;false&lt;/WakeToRun&gt;\r\n    &lt;ExecutionTimeLimit&gt;PT72H&lt;/ExecutionTimeLimit&gt;\r\n    &lt;Priority&gt;7&lt;/Priority&gt;\r\n  &lt;/Settings&gt;\r\n  &lt;Actions Context=\"Author\"&gt;\r\n    &lt;Exec&gt;\r\n      &lt;Command&gt;%systemroot%\\system32\\usoclient.exe&lt;/Command&gt;\r\n      &lt;Arguments&gt;StartWork&lt;/Arguments&gt;\r\n    &lt;/Exec&gt;\r\n  &lt;/Actions&gt;\r\n&lt;/Task&gt;</Data>\n<Data Name=\"ClientProcessStartKey\">10696049115005086</Data>\n<Data Name=\"ClientProcessId\">7100</Data>\n<Data Name=\"ParentProcessId\">656</Data>\n<Data Name=\"RpcCallClientLocality\">0</Data>\n<Data Name=\"FQDN\">DESKTOP-EKVR84B</Data>\n</EventData>\n</Event>\n"
17838:    "xml": "<Event xmlns=\"http://schemas.microsoft.com/win/2004/08/events/event\"><System><Provider Name=\"Microsoft-Windows-Security-Auditing\" Guid=\"{54849625-5478-4994-a5ba-3e3b0328c30d}\"></Provider>\n<EventID Qualifiers=\"\">4702</EventID>\n<Version>1</Version>\n<Level>0</Level>\n<Task>12804</Task>\n<Opcode>0</Opcode>\n<Keywords>0x8020000000000000</Keywords>\n<TimeCreated SystemTime=\"2024-07-15 16:46:54.155970+00:00\"></TimeCreated>\n<EventRecordID>171262</EventRecordID>\n<Correlation ActivityID=\"{8a8c95d9-d6d6-0000-0397-8c8ad6d6da01}\" RelatedActivityID=\"\"></Correlation>\n<Execution ProcessID=\"684\" ThreadID=\"736\"></Execution>\n<Channel>Security</Channel>\n<Computer>DESKTOP-EKVR84B</Computer>\n<Security UserID=\"\"></Security>\n</System>\n<EventData><Data Name=\"SubjectUserSid\">S-1-5-18</Data>\n<Data Name=\"SubjectUserName\">DESKTOP-EKVR84B$</Data>\n<Data Name=\"SubjectDomainName\">WORKGROUP</Data>\n<Data Name=\"SubjectLogonId\">0x00000000000003e7</Data>\n<Data Name=\"TaskName\">\\Microsoft\\Windows\\UpdateOrchestrator\\Schedule Wake To Work</Data>\n<Data Name=\"TaskContentNew\">&lt;?xml version=\"1.0\" encoding=\"UTF-16\"?&gt;\r\n&lt;Task version=\"1.2\" xmlns=\"http://schemas.microsoft.com/windows/2004/02/mit/task\"&gt;\r\n  &lt;RegistrationInfo&gt;\r\n    &lt;URI&gt;\\Microsoft\\Windows\\UpdateOrchestrator\\Schedule Wake To Work&lt;/URI&gt;\r\n    &lt;SecurityDescriptor&gt;D:P(A;;FA;;;SY)(A;;FRFX;;;LS)(A;;FRFX;;;BA)&lt;/SecurityDescriptor&gt;\r\n  &lt;/RegistrationInfo&gt;\r\n  &lt;Triggers /&gt;\r\n  &lt;Principals&gt;\r\n    &lt;Principal id=\"Author\"&gt;\r\n      &lt;RunLevel&gt;LeastPrivilege&lt;/RunLevel&gt;\r\n      &lt;UserId&gt;S-1-5-18&lt;/UserId&gt;\r\n    &lt;/Principal&gt;\r\n  &lt;/Principals&gt;\r\n  &lt;Settings&gt;\r\n    &lt;MultipleInstancesPolicy&gt;IgnoreNew&lt;/MultipleInstancesPolicy&gt;\r\n    &lt;DisallowStartIfOnBatteries&gt;true&lt;/DisallowStartIfOnBatteries&gt;\r\n    &lt;StopIfGoingOnBatteries&gt;true&lt;/StopIfGoingOnBatteries&gt;\r\n    &lt;AllowHardTerminate&gt;true&lt;/AllowHardTerminate&gt;\r\n    &lt;StartWhenAvailable&gt;false&lt;/StartWhenAvailable&gt;\r\n    &lt;RunOnlyIfNetworkAvailable&gt;false&lt;/RunOnlyIfNetworkAvailable&gt;\r\n    &lt;IdleSettings&gt;\r\n      &lt;Duration&gt;PT10M&lt;/Duration&gt;\r\n      &lt;WaitTimeout&gt;PT1H&lt;/WaitTimeout&gt;\r\n      &lt;StopOnIdleEnd&gt;true&lt;/StopOnIdleEnd&gt;\r\n      &lt;RestartOnIdle&gt;false&lt;/RestartOnIdle&gt;\r\n    &lt;/IdleSettings&gt;\r\n    &lt;AllowStartOnDemand&gt;true&lt;/AllowStartOnDemand&gt;\r\n    &lt;Enabled&gt;false&lt;/Enabled&gt;\r\n    &lt;Hidden&gt;false&lt;/Hidden&gt;\r\n    &lt;RunOnlyIfIdle&gt;false&lt;/RunOnlyIfIdle&gt;\r\n    &lt;WakeToRun&gt;false&lt;/WakeToRun&gt;\r\n    &lt;ExecutionTimeLimit&gt;PT72H&lt;/ExecutionTimeLimit&gt;\r\n    &lt;Priority&gt;7&lt;/Priority&gt;\r\n  &lt;/Settings&gt;\r\n  &lt;Actions Context=\"Author\"&gt;\r\n    &lt;Exec&gt;\r\n      &lt;Command&gt;%systemroot%\\system32\\usoclient.exe&lt;/Command&gt;\r\n      &lt;Arguments&gt;StartWork&lt;/Arguments&gt;\r\n    &lt;/Exec&gt;\r\n  &lt;/Actions&gt;\r\n&lt;/Task&gt;</Data>\n<Data Name=\"ClientProcessStartKey\">10696049115005083</Data>\n<Data Name=\"ClientProcessId\">6696</Data>\n<Data Name=\"ParentProcessId\">784</Data>\n<Data Name=\"RpcCallClientLocality\">0</Data>\n<Data Name=\"FQDN\">DESKTOP-EKVR84B</Data>\n</EventData>\n</Event>\n"
17844:    "xml": "<Event xmlns=\"http://schemas.microsoft.com/win/2004/08/events/event\"><System><Provider Name=\"Microsoft-Windows-Security-Auditing\" Guid=\"{54849625-5478-4994-a5ba-3e3b0328c30d}\"></Provider>\n<EventID Qualifiers=\"\">4702</EventID>\n<Version>1</Version>\n<Level>0</Level>\n<Task>12804</Task>\n<Opcode>0</Opcode>\n<Keywords>0x8020000000000000</Keywords>\n<TimeCreated SystemTime=\"2024-07-15 16:46:54.207386+00:00\"></TimeCreated>\n<EventRecordID>171263</EventRecordID>\n<Correlation ActivityID=\"{8a8c95d9-d6d6-0000-0397-8c8ad6d6da01}\" RelatedActivityID=\"\"></Correlation>\n<Execution ProcessID=\"684\" ThreadID=\"732\"></Execution>\n<Channel>Security</Channel>\n<Computer>DESKTOP-EKVR84B</Computer>\n<Security UserID=\"\"></Security>\n</System>\n<EventData><Data Name=\"SubjectUserSid\">S-1-5-18</Data>\n<Data Name=\"SubjectUserName\">DESKTOP-EKVR84B$</Data>\n<Data Name=\"SubjectDomainName\">WORKGROUP</Data>\n<Data Name=\"SubjectLogonId\">0x00000000000003e7</Data>\n<Data Name=\"TaskName\">\\Microsoft\\Windows\\UpdateOrchestrator\\Schedule Wake To Work</Data>\n<Data Name=\"TaskContentNew\">&lt;?xml version=\"1.0\" encoding=\"UTF-16\"?&gt;\r\n&lt;Task version=\"1.2\" xmlns=\"http://schemas.microsoft.com/windows/2004/02/mit/task\"&gt;\r\n  &lt;RegistrationInfo&gt;\r\n    &lt;URI&gt;\\Microsoft\\Windows\\UpdateOrchestrator\\Schedule Wake To Work&lt;/URI&gt;\r\n    &lt;SecurityDescriptor&gt;D:P(A;;FA;;;SY)(A;;FRFX;;;LS)(A;;FRFX;;;BA)&lt;/SecurityDescriptor&gt;\r\n  &lt;/RegistrationInfo&gt;\r\n  &lt;Triggers /&gt;\r\n  &lt;Principals&gt;\r\n    &lt;Principal id=\"Author\"&gt;\r\n      &lt;UserId&gt;S-1-5-18&lt;/UserId&gt;\r\n      &lt;RunLevel&gt;LeastPrivilege&lt;/RunLevel&gt;\r\n    &lt;/Principal&gt;\r\n  &lt;/Principals&gt;\r\n  &lt;Settings&gt;\r\n    &lt;MultipleInstancesPolicy&gt;IgnoreNew&lt;/MultipleInstancesPolicy&gt;\r\n    &lt;DisallowStartIfOnBatteries&gt;true&lt;/DisallowStartIfOnBatteries&gt;\r\n    &lt;StopIfGoingOnBatteries&gt;true&lt;/StopIfGoingOnBatteries&gt;\r\n    &lt;AllowHardTerminate&gt;true&lt;/AllowHardTerminate&gt;\r\n    &lt;StartWhenAvailable&gt;false&lt;/StartWhenAvailable&gt;\r\n    &lt;RunOnlyIfNetworkAvailable&gt;false&lt;/RunOnlyIfNetworkAvailable&gt;\r\n    &lt;IdleSettings&gt;\r\n      &lt;Duration&gt;PT10M&lt;/Duration&gt;\r\n      &lt;WaitTimeout&gt;PT1H&lt;/WaitTimeout&gt;\r\n      &lt;StopOnIdleEnd&gt;true&lt;/StopOnIdleEnd&gt;\r\n      &lt;RestartOnIdle&gt;false&lt;/RestartOnIdle&gt;\r\n    &lt;/IdleSettings&gt;\r\n    &lt;AllowStartOnDemand&gt;true&lt;/AllowStartOnDemand&gt;\r\n    &lt;Enabled&gt;false&lt;/Enabled&gt;\r\n    &lt;Hidden&gt;false&lt;/Hidden&gt;\r\n    &lt;RunOnlyIfIdle&gt;false&lt;/RunOnlyIfIdle&gt;\r\n    &lt;WakeToRun&gt;false&lt;/WakeToRun&gt;\r\n    &lt;ExecutionTimeLimit&gt;PT72H&lt;/ExecutionTimeLimit&gt;\r\n    &lt;Priority&gt;7&lt;/Priority&gt;\r\n  &lt;/Settings&gt;\r\n  &lt;Actions Context=\"Author\"&gt;\r\n    &lt;Exec&gt;\r\n      &lt;Command&gt;%systemroot%\\system32\\usoclient.exe&lt;/Command&gt;\r\n      &lt;Arguments&gt;StartWork&lt;/Arguments&gt;\r\n    &lt;/Exec&gt;\r\n  &lt;/Actions&gt;\r\n&lt;/Task&gt;</Data>\n<Data Name=\"ClientProcessStartKey\">10696049115005086</Data>\n<Data Name=\"ClientProcessId\">7100</Data>\n<Data Name=\"ParentProcessId\">656</Data>\n<Data Name=\"RpcCallClientLocality\">0</Data>\n<Data Name=\"FQDN\">DESKTOP-EKVR84B</Data>\n</EventData>\n</Event>\n"
17850:    "xml": "<Event xmlns=\"http://schemas.microsoft.com/win/2004/08/events/event\"><System><Provider Name=\"Microsoft-Windows-Security-Auditing\" Guid=\"{54849625-5478-4994-a5ba-3e3b0328c30d}\"></Provider>\n<EventID Qualifiers=\"\">4702</EventID>\n<Version>1</Version>\n<Level>0</Level>\n<Task>12804</Task>\n<Opcode>0</Opcode>\n<Keywords>0x8020000000000000</Keywords>\n<TimeCreated SystemTime=\"2024-07-15 16:46:54.257822+00:00\"></TimeCreated>\n<EventRecordID>171264</EventRecordID>\n<Correlation ActivityID=\"{8a8c95d9-d6d6-0000-0397-8c8ad6d6da01}\" RelatedActivityID=\"\"></Correlation>\n<Execution ProcessID=\"684\" ThreadID=\"732\"></Execution>\n<Channel>Security</Channel>\n<Computer>DESKTOP-EKVR84B</Computer>\n<Security UserID=\"\"></Security>\n</System>\n<EventData><Data Name=\"SubjectUserSid\">S-1-5-18</Data>\n<Data Name=\"SubjectUserName\">DESKTOP-EKVR84B$</Data>\n<Data Name=\"SubjectDomainName\">WORKGROUP</Data>\n<Data Name=\"SubjectLogonId\">0x00000000000003e7</Data>\n<Data Name=\"TaskName\">\\Microsoft\\Windows\\UpdateOrchestrator\\Schedule Maintenance Work</Data>\n<Data Name=\"TaskContentNew\">&lt;?xml version=\"1.0\" encoding=\"UTF-16\"?&gt;\r\n&lt;Task version=\"1.2\" xmlns=\"http://schemas.microsoft.com/windows/2004/02/mit/task\"&gt;\r\n  &lt;RegistrationInfo&gt;\r\n    &lt;URI&gt;\\Microsoft\\Windows\\UpdateOrchestrator\\Schedule Maintenance Work&lt;/URI&gt;\r\n    &lt;SecurityDescriptor&gt;D:P(A;;FA;;;SY)(A;;FRFX;;;LS)(A;;FRFX;;;BA)&lt;/SecurityDescriptor&gt;\r\n  &lt;/RegistrationInfo&gt;\r\n  &lt;Triggers /&gt;\r\n  &lt;Principals&gt;\r\n    &lt;Principal id=\"Author\"&gt;\r\n      &lt;RunLevel&gt;LeastPrivilege&lt;/RunLevel&gt;\r\n      &lt;UserId&gt;S-1-5-18&lt;/UserId&gt;\r\n    &lt;/Principal&gt;\r\n  &lt;/Principals&gt;\r\n  &lt;Settings&gt;\r\n    &lt;MultipleInstancesPolicy&gt;IgnoreNew&lt;/MultipleInstancesPolicy&gt;\r\n    &lt;DisallowStartIfOnBatteries&gt;true&lt;/DisallowStartIfOnBatteries&gt;\r\n    &lt;StopIfGoingOnBatteries&gt;true&lt;/StopIfGoingOnBatteries&gt;\r\n    &lt;AllowHardTerminate&gt;true&lt;/AllowHardTerminate&gt;\r\n    &lt;StartWhenAvailable&gt;false&lt;/StartWhenAvailable&gt;\r\n    &lt;RunOnlyIfNetworkAvailable&gt;false&lt;/RunOnlyIfNetworkAvailable&gt;\r\n    &lt;IdleSettings&gt;\r\n      &lt;Duration&gt;PT10M&lt;/Duration&gt;\r\n      &lt;WaitTimeout&gt;PT1H&lt;/WaitTimeout&gt;\r\n      &lt;StopOnIdleEnd&gt;true&lt;/StopOnIdleEnd&gt;\r\n      &lt;RestartOnIdle&gt;false&lt;/RestartOnIdle&gt;\r\n    &lt;/IdleSettings&gt;\r\n    &lt;AllowStartOnDemand&gt;true&lt;/AllowStartOnDemand&gt;\r\n    &lt;Enabled&gt;false&lt;/Enabled&gt;\r\n    &lt;Hidden&gt;false&lt;/Hidden&gt;\r\n    &lt;RunOnlyIfIdle&gt;false&lt;/RunOnlyIfIdle&gt;\r\n    &lt;WakeToRun&gt;false&lt;/WakeToRun&gt;\r\n    &lt;ExecutionTimeLimit&gt;PT72H&lt;/ExecutionTimeLimit&gt;\r\n    &lt;Priority&gt;7&lt;/Priority&gt;\r\n  &lt;/Settings&gt;\r\n  &lt;Actions Context=\"Author\"&gt;\r\n    &lt;Exec&gt;\r\n      &lt;Command&gt;%systemroot%\\system32\\usoclient.exe&lt;/Command&gt;\r\n      &lt;Arguments&gt;StartMaintenanceWork&lt;/Arguments&gt;\r\n    &lt;/Exec&gt;\r\n  &lt;/Actions&gt;\r\n&lt;/Task&gt;</Data>\n<Data Name=\"ClientProcessStartKey\">10696049115005083</Data>\n<Data Name=\"ClientProcessId\">6696</Data>\n<Data Name=\"ParentProcessId\">784</Data>\n<Data Name=\"RpcCallClientLocality\">0</Data>\n<Data Name=\"FQDN\">DESKTOP-EKVR84B</Data>\n</EventData>\n</Event>\n"
17856:    "xml": "<Event xmlns=\"http://schemas.microsoft.com/win/2004/08/events/event\"><System><Provider Name=\"Microsoft-Windows-Security-Auditing\" Guid=\"{54849625-5478-4994-a5ba-3e3b0328c30d}\"></Provider>\n<EventID Qualifiers=\"\">4702</EventID>\n<Version>1</Version>\n<Level>0</Level>\n<Task>12804</Task>\n<Opcode>0</Opcode>\n<Keywords>0x8020000000000000</Keywords>\n<TimeCreated SystemTime=\"2024-07-15 16:46:54.279400+00:00\"></TimeCreated>\n<EventRecordID>171265</EventRecordID>\n<Correlation ActivityID=\"{8a8c95d9-d6d6-0000-0397-8c8ad6d6da01}\" RelatedActivityID=\"\"></Correlation>\n<Execution ProcessID=\"684\" ThreadID=\"732\"></Execution>\n<Channel>Security</Channel>\n<Computer>DESKTOP-EKVR84B</Computer>\n<Security UserID=\"\"></Security>\n</System>\n<EventData><Data Name=\"SubjectUserSid\">S-1-5-18</Data>\n<Data Name=\"SubjectUserName\">DESKTOP-EKVR84B$</Data>\n<Data Name=\"SubjectDomainName\">WORKGROUP</Data>\n<Data Name=\"SubjectLogonId\">0x00000000000003e7</Data>\n<Data Name=\"TaskName\">\\Microsoft\\Windows\\UpdateOrchestrator\\Schedule Maintenance Work</Data>\n<Data Name=\"TaskContentNew\">&lt;?xml version=\"1.0\" encoding=\"UTF-16\"?&gt;\r\n&lt;Task version=\"1.2\" xmlns=\"http://schemas.microsoft.com/windows/2004/02/mit/task\"&gt;\r\n  &lt;RegistrationInfo&gt;\r\n    &lt;URI&gt;\\Microsoft\\Windows\\UpdateOrchestrator\\Schedule Maintenance Work&lt;/URI&gt;\r\n    &lt;SecurityDescriptor&gt;D:P(A;;FA;;;SY)(A;;FRFX;;;LS)(A;;FRFX;;;BA)&lt;/SecurityDescriptor&gt;\r\n  &lt;/RegistrationInfo&gt;\r\n  &lt;Triggers /&gt;\r\n  &lt;Principals&gt;\r\n    &lt;Principal id=\"Author\"&gt;\r\n      &lt;UserId&gt;S-1-5-18&lt;/UserId&gt;\r\n      &lt;RunLevel&gt;LeastPrivilege&lt;/RunLevel&gt;\r\n    &lt;/Principal&gt;\r\n  &lt;/Principals&gt;\r\n  &lt;Settings&gt;\r\n    &lt;MultipleInstancesPolicy&gt;IgnoreNew&lt;/MultipleInstancesPolicy&gt;\r\n    &lt;DisallowStartIfOnBatteries&gt;true&lt;/DisallowStartIfOnBatteries&gt;\r\n    &lt;StopIfGoingOnBatteries&gt;true&lt;/StopIfGoingOnBatteries&gt;\r\n    &lt;AllowHardTerminate&gt;true&lt;/AllowHardTerminate&gt;\r\n    &lt;StartWhenAvailable&gt;false&lt;/StartWhenAvailable&gt;\r\n    &lt;RunOnlyIfNetworkAvailable&gt;false&lt;/RunOnlyIfNetworkAvailable&gt;\r\n    &lt;IdleSettings&gt;\r\n      &lt;Duration&gt;PT10M&lt;/Duration&gt;\r\n      &lt;WaitTimeout&gt;PT1H&lt;/WaitTimeout&gt;\r\n      &lt;StopOnIdleEnd&gt;true&lt;/StopOnIdleEnd&gt;\r\n      &lt;RestartOnIdle&gt;false&lt;/RestartOnIdle&gt;\r\n    &lt;/IdleSettings&gt;\r\n    &lt;AllowStartOnDemand&gt;true&lt;/AllowStartOnDemand&gt;\r\n    &lt;Enabled&gt;false&lt;/Enabled&gt;\r\n    &lt;Hidden&gt;false&lt;/Hidden&gt;\r\n    &lt;RunOnlyIfIdle&gt;false&lt;/RunOnlyIfIdle&gt;\r\n    &lt;WakeToRun&gt;false&lt;/WakeToRun&gt;\r\n    &lt;ExecutionTimeLimit&gt;PT72H&lt;/ExecutionTimeLimit&gt;\r\n    &lt;Priority&gt;7&lt;/Priority&gt;\r\n  &lt;/Settings&gt;\r\n  &lt;Actions Context=\"Author\"&gt;\r\n    &lt;Exec&gt;\r\n      &lt;Command&gt;%systemroot%\\system32\\usoclient.exe&lt;/Command&gt;\r\n      &lt;Arguments&gt;StartMaintenanceWork&lt;/Arguments&gt;\r\n    &lt;/Exec&gt;\r\n  &lt;/Actions&gt;\r\n&lt;/Task&gt;</Data>\n<Data Name=\"ClientProcessStartKey\">10696049115005086</Data>\n<Data Name=\"ClientProcessId\">7100</Data>\n<Data Name=\"ParentProcessId\">656</Data>\n<Data Name=\"RpcCallClientLocality\">0</Data>\n<Data Name=\"FQDN\">DESKTOP-EKVR84B</Data>\n</EventData>\n</Event>\n"
18780:    "xml": "<Event xmlns=\"http://schemas.microsoft.com/win/2004/08/events/event\"><System><Provider Name=\"Microsoft-Windows-Security-Auditing\" Guid=\"{54849625-5478-4994-a5ba-3e3b0328c30d}\"></Provider>\n<EventID Qualifiers=\"\">4656</EventID>\n<Version>1</Version>\n<Level>0</Level>\n<Task>12801</Task>\n<Opcode>0</Opcode>\n<Keywords>0x8020000000000000</Keywords>\n<TimeCreated SystemTime=\"2024-07-15 16:46:58.920553+00:00\"></TimeCreated>\n<EventRecordID>171418</EventRecordID>\n<Correlation ActivityID=\"\" RelatedActivityID=\"\"></Correlation>\n<Execution ProcessID=\"4\" ThreadID=\"6492\"></Execution>\n<Channel>Security</Channel>\n<Computer>DESKTOP-EKVR84B</Computer>\n<Security UserID=\"\"></Security>\n</System>\n<EventData><Data Name=\"SubjectUserSid\">S-1-5-18</Data>\n<Data Name=\"SubjectUserName\">DESKTOP-EKVR84B$</Data>\n<Data Name=\"SubjectDomainName\">WORKGROUP</Data>\n<Data Name=\"SubjectLogonId\">0x00000000000003e7</Data>\n<Data Name=\"ObjectServer\">Security</Data>\n<Data Name=\"ObjectType\">Key</Data>\n<Data Name=\"ObjectName\">\\REGISTRY\\MACHINE\\SOFTWARE\\Microsoft\\Windows\\CurrentVersion\\Run</Data>\n<Data Name=\"HandleId\">0x00000000000009d0</Data>\n<Data Name=\"TransactionId\">{00000000-0000-0000-0000-000000000000}</Data>\n<Data Name=\"AccessList\">%%1538\r\n\t\t\t\t%%4433\r\n\t\t\t\t%%4434\r\n\t\t\t\t</Data>\n<Data Name=\"AccessReason\">-</Data>\n<Data Name=\"AccessMask\">0x00020006</Data>\n<Data Name=\"PrivilegeList\">-</Data>\n<Data Name=\"RestrictedSidCount\">0</Data>\n<Data Name=\"ProcessId\">0x0000000000000e48</Data>\n<Data Name=\"ProcessName\">C:\\ProgramData\\Microsoft\\Windows Defender\\Platform\\4.18.24060.7-0\\MsMpEng.exe</Data>\n<Data Name=\"ResourceAttributes\">-</Data>\n</EventData>\n</Event>\n"
18786:    "xml": "<Event xmlns=\"http://schemas.microsoft.com/win/2004/08/events/event\"><System><Provider Name=\"Microsoft-Windows-Security-Auditing\" Guid=\"{54849625-5478-4994-a5ba-3e3b0328c30d}\"></Provider>\n<EventID Qualifiers=\"\">4663</EventID>\n<Version>1</Version>\n<Level>0</Level>\n<Task>12801</Task>\n<Opcode>0</Opcode>\n<Keywords>0x8020000000000000</Keywords>\n<TimeCreated SystemTime=\"2024-07-15 16:46:58.920574+00:00\"></TimeCreated>\n<EventRecordID>171419</EventRecordID>\n<Correlation ActivityID=\"\" RelatedActivityID=\"\"></Correlation>\n<Execution ProcessID=\"4\" ThreadID=\"6492\"></Execution>\n<Channel>Security</Channel>\n<Computer>DESKTOP-EKVR84B</Computer>\n<Security UserID=\"\"></Security>\n</System>\n<EventData><Data Name=\"SubjectUserSid\">S-1-5-18</Data>\n<Data Name=\"SubjectUserName\">DESKTOP-EKVR84B$</Data>\n<Data Name=\"SubjectDomainName\">WORKGROUP</Data>\n<Data Name=\"SubjectLogonId\">0x00000000000003e7</Data>\n<Data Name=\"ObjectServer\">Security</Data>\n<Data Name=\"ObjectType\">Key</Data>\n<Data Name=\"ObjectName\">\\REGISTRY\\MACHINE\\SOFTWARE\\Microsoft\\Windows\\CurrentVersion\\Run</Data>\n<Data Name=\"HandleId\">0x00000000000009d0</Data>\n<Data Name=\"AccessList\">%%4433\r\n\t\t\t\t</Data>\n<Data Name=\"AccessMask\">0x00000002</Data>\n<Data Name=\"ProcessId\">0x0000000000000e48</Data>\n<Data Name=\"ProcessName\">C:\\ProgramData\\Microsoft\\Windows Defender\\Platform\\4.18.24060.7-0\\MsMpEng.exe</Data>\n<Data Name=\"ResourceAttributes\">-</Data>\n</EventData>\n</Event>\n"
19302:    "xml": "<Event xmlns=\"http://schemas.microsoft.com/win/2004/08/events/event\"><System><Provider Name=\"Microsoft-Windows-Security-Auditing\" Guid=\"{54849625-5478-4994-a5ba-3e3b0328c30d}\"></Provider>\n<EventID Qualifiers=\"\">4702</EventID>\n<Version>1</Version>\n<Level>0</Level>\n<Task>12804</Task>\n<Opcode>0</Opcode>\n<Keywords>0x8020000000000000</Keywords>\n<TimeCreated SystemTime=\"2024-07-15 16:47:02.139555+00:00\"></TimeCreated>\n<EventRecordID>171505</EventRecordID>\n<Correlation ActivityID=\"{8a8c95d9-d6d6-0000-0397-8c8ad6d6da01}\" RelatedActivityID=\"\"></Correlation>\n<Execution ProcessID=\"684\" ThreadID=\"4108\"></Execution>\n<Channel>Security</Channel>\n<Computer>DESKTOP-EKVR84B</Computer>\n<Security UserID=\"\"></Security>\n</System>\n<EventData><Data Name=\"SubjectUserSid\">S-1-5-18</Data>\n<Data Name=\"SubjectUserName\">DESKTOP-EKVR84B$</Data>\n<Data Name=\"SubjectDomainName\">WORKGROUP</Data>\n<Data Name=\"SubjectLogonId\">0x00000000000003e7</Data>\n<Data Name=\"TaskName\">\\Microsoft\\Windows\\WindowsUpdate\\RUXIM\\PLUGScheduler</Data>\n<Data Name=\"TaskContentNew\">&lt;?xml version=\"1.0\" encoding=\"UTF-16\"?&gt;\r\n&lt;Task version=\"1.4\" xmlns=\"http://schemas.microsoft.com/windows/2004/02/mit/task\"&gt;\r\n  &lt;RegistrationInfo&gt;\r\n    &lt;Source&gt;Microsoft Corporation&lt;/Source&gt;\r\n    &lt;Author&gt;Microsoft Corporation&lt;/Author&gt;\r\n    &lt;Version&gt;1.0&lt;/Version&gt;\r\n    &lt;Description&gt;Performs periodic Windows Update maintenance tasks.&lt;/Description&gt;\r\n    &lt;SecurityDescriptor&gt;D:(A;;GA;;;SY)(A;;FRFX;;;LS)(A;;FRFX;;;BA)&lt;/SecurityDescriptor&gt;\r\n    &lt;URI&gt;\\Microsoft\\Windows\\WindowsUpdate\\RUXIM\\PLUGScheduler&lt;/URI&gt;\r\n  &lt;/RegistrationInfo&gt;\r\n  &lt;Triggers&gt;\r\n    &lt;RegistrationTrigger&gt;\r\n      &lt;Enabled&gt;true&lt;/Enabled&gt;\r\n      &lt;Delay&gt;PT4H&lt;/Delay&gt;\r\n    &lt;/RegistrationTrigger&gt;\r\n    &lt;TimeTrigger&gt;\r\n      &lt;StartBoundary&gt;2022-11-02T08:19:08&lt;/StartBoundary&gt;\r\n      &lt;Enabled&gt;true&lt;/Enabled&gt;\r\n      &lt;RandomDelay&gt;PT4H&lt;/RandomDelay&gt;\r\n    &lt;/TimeTrigger&gt;\r\n    &lt;LogonTrigger&gt;\r\n      &lt;Enabled&gt;true&lt;/Enabled&gt;\r\n    &lt;/LogonTrigger&gt;\r\n    &lt;CalendarTrigger&gt;\r\n      &lt;StartBoundary&gt;2021-06-11T08:19:18&lt;/StartBoundary&gt;\r\n      &lt;Enabled&gt;true&lt;/Enabled&gt;\r\n      &lt;RandomDelay&gt;PT4H&lt;/RandomDelay&gt;\r\n      &lt;ScheduleByDay&gt;\r\n        &lt;DaysInterval&gt;1&lt;/DaysInterval&gt;\r\n      &lt;/ScheduleByDay&gt;\r\n    &lt;/CalendarTrigger&gt;\r\n  &lt;/Triggers&gt;\r\n  &lt;Principals&gt;\r\n    &lt;Principal id=\"LocalSystem\"&gt;\r\n      &lt;UserId&gt;S-1-5-18&lt;/UserId&gt;\r\n      &lt;RunLevel&gt;HighestAvailable&lt;/RunLevel&gt;\r\n      &lt;LogonType&gt;InteractiveToken&lt;/LogonType&gt;\r\n    &lt;/Principal&gt;\r\n  &lt;/Principals&gt;\r\n  &lt;Settings&gt;\r\n    &lt;MultipleInstancesPolicy&gt;IgnoreNew&lt;/MultipleInstancesPolicy&gt;\r\n    &lt;DisallowStartIfOnBatteries&gt;true&lt;/DisallowStartIfOnBatteries&gt;\r\n    &lt;StopIfGoingOnBatteries&gt;false&lt;/StopIfGoingOnBatteries&gt;\r\n    &lt;AllowHardTerminate&gt;true&lt;/AllowHardTerminate&gt;\r\n    &lt;StartWhenAvailable&gt;true&lt;/StartWhenAvailable&gt;\r\n    &lt;RunOnlyIfNetworkAvailable&gt;false&lt;/RunOnlyIfNetworkAvailable&gt;\r\n    &lt;IdleSettings&gt;\r\n      &lt;StopOnIdleEnd&gt;true&lt;/StopOnIdleEnd&gt;\r\n      &lt;RestartOnIdle&gt;false&lt;/RestartOnIdle&gt;\r\n    &lt;/IdleSettings&gt;\r\n    &lt;AllowStartOnDemand&gt;false&lt;/AllowStartOnDemand&gt;\r\n    &lt;Enabled&gt;true&lt;/Enabled&gt;\r\n    &lt;Hidden&gt;true&lt;/Hidden&gt;\r\n    &lt;RunOnlyIfIdle&gt;false&lt;/RunOnlyIfIdle&gt;\r\n    &lt;DisallowStartOnRemoteAppSession&gt;false&lt;/DisallowStartOnRemoteAppSession&gt;\r\n    &lt;UseUnifiedSchedulingEngine&gt;true&lt;/UseUnifiedSchedulingEngine&gt;\r\n    &lt;WakeToRun&gt;false&lt;/WakeToRun&gt;\r\n    &lt;ExecutionTimeLimit&gt;PT4H&lt;/ExecutionTimeLimit&gt;\r\n    &lt;Priority&gt;7&lt;/Priority&gt;\r\n  &lt;/Settings&gt;\r\n  &lt;Actions Context=\"LocalSystem\"&gt;\r\n    &lt;Exec&gt;\r\n      &lt;Command&gt;\"%ProgramFiles%\\RUXIM\\PLUGscheduler.exe\"&lt;/Command&gt;\r\n      &lt;WorkingDirectory&gt;%ProgramFiles%\\RUXIM&lt;/WorkingDirectory&gt;\r\n    &lt;/Exec&gt;\r\n  &lt;/Actions&gt;\r\n&lt;/Task&gt;</Data>\n<Data Name=\"ClientProcessStartKey\">10696049115005028</Data>\n<Data Name=\"ClientProcessId\">4144</Data>\n<Data Name=\"ParentProcessId\">1292</Data>\n<Data Name=\"RpcCallClientLocality\">0</Data>\n<Data Name=\"FQDN\">DESKTOP-EKVR84B</Data>\n</EventData>\n</Event>\n"
