24894:    "xml": "<Event xmlns=\"http://schemas.microsoft.com/win/2004/08/events/event\"><System><Provider Name=\"Microsoft-Windows-Security-Auditing\" Guid=\"{54849625-5478-4994-a5ba-3e3b0328c30d}\"></Provider>\n<EventID Qualifiers=\"\">4663</EventID>\n<Version>1</Version>\n<Level>0</Level>\n<Task>12812</Task>\n<Opcode>0</Opcode>\n<Keywords>0x8020000000000000</Keywords>\n<TimeCreated SystemTime=\"2024-07-15 16:59:40.842146+00:00\"></TimeCreated>\n<EventRecordID>172345</EventRecordID>\n<Correlation ActivityID=\"\" RelatedActivityID=\"\"></Correlation>\n<Execution ProcessID=\"4\" ThreadID=\"288\"></Execution>\n<Channel>Security</Channel>\n<Computer>DESKTOP-EKVR84B</Computer>\n<Security UserID=\"\"></Security>\n</System>\n<EventData><Data Name=\"SubjectUserSid\">S-1-5-18</Data>\n<Data Name=\"SubjectUserName\">DESKTOP-EKVR84B$</Data>\n<Data Name=\"SubjectDomainName\">WORKGROUP</Data>\n<Data Name=\"SubjectLogonId\">0x00000000000003e7</Data>\n<Data Name=\"ObjectServer\">Security</Data>\n<Data Name=\"ObjectType\">File</Data>\n<Data Name=\"ObjectName\">\\Device\\CdRom0\\Autorun.inf</Data>\n<Data Name=\"HandleId\">0x0000000000000280</Data>\n<Data Name=\"AccessList\">%%4416\r\n\t\t\t\t</Data>\n<Data Name=\"AccessMask\">0x00000001</Data>\n<Data Name=\"ProcessId\">0x0000000000000a24</Data>\n<Data Name=\"ProcessName\">C:\\Windows\\System32\\svchost.exe</Data>\n<Data Name=\"ResourceAttributes\"></Data>\n</EventData>\n</Event>\n"
24918:    "xml": "<Event xmlns=\"http://schemas.microsoft.com/win/2004/08/events/event\"><System><Provider Name=\"Microsoft-Windows-Security-Auditing\" Guid=\"{54849625-5478-4994-a5ba-3e3b0328c30d}\"></Provider>\n<EventID Qualifiers=\"\">4656</EventID>\n<Version>1</Version>\n<Level>0</Level>\n<Task>12812</Task>\n<Opcode>0</Opcode>\n<Keywords>0x8020000000000000</Keywords>\n<TimeCreated SystemTime=\"2024-07-15 16:59:40.842817+00:00\"></TimeCreated>\n<EventRecordID>172349</EventRecordID>\n<Correlation ActivityID=\"\" RelatedActivityID=\"\"></Correlation>\n<Execution ProcessID=\"4\" ThreadID=\"288\"></Execution>\n<Channel>Security</Channel>\n<Computer>DESKTOP-EKVR84B</Computer>\n<Security UserID=\"\"></Security>\n</System>\n<EventData><Data Name=\"SubjectUserSid\">S-1-5-18</Data>\n<Data Name=\"SubjectUserName\">DESKTOP-EKVR84B$</Data>\n<Data Name=\"SubjectDomainName\">WORKGROUP</Data>\n<Data Name=\"SubjectLogonId\">0x00000000000003e7</Data>\n<Data Name=\"ObjectServer\">Security</Data>\n<Data Name=\"ObjectType\">File</Data>\n<Data Name=\"ObjectName\">\\Device\\CdRom0\\Autorun.inf</Data>\n<Data Name=\"HandleId\">0x0000000000000278</Data>\n<Data Name=\"TransactionId\">{00000000-0000-0000-0000-000000000000}</Data>\n<Data Name=\"AccessList\">%%1538\r\n\t\t\t\t%%1541\r\n\t\t\t\t%%4416\r\n\t\t\t\t%%4419\r\n\t\t\t\t%%4423\r\n\t\t\t\t</Data>\n<Data Name=\"AccessReason\">-</Data>\n<Data Name=\"AccessMask\">0x00120089</Data>\n<Data Name=\"PrivilegeList\">-</Data>\n<Data Name=\"RestrictedSidCount\">0</Data>\n<Data Name=\"ProcessId\">0x0000000000000a24</Data>\n<Data Name=\"ProcessName\">C:\\Windows\\System32\\svchost.exe</Data>\n<Data Name=\"ResourceAttributes\">-</Data>\n</EventData>\n</Event>\n"
24924:    "xml": "<Event xmlns=\"http://schemas.microsoft.com/win/2004/08/events/event\"><System><Provider Name=\"Microsoft-Windows-Security-Auditing\" Guid=\"{54849625-5478-4994-a5ba-3e3b0328c30d}\"></Provider>\n<EventID Qualifiers=\"\">4663</EventID>\n<Version>1</Version>\n<Level>0</Level>\n<Task>12812</Task>\n<Opcode>0</Opcode>\n<Keywords>0x8020000000000000</Keywords>\n<TimeCreated SystemTime=\"2024-07-15 16:59:40.842854+00:00\"></TimeCreated>\n<EventRecordID>172350</EventRecordID>\n<Correlation ActivityID=\"\" RelatedActivityID=\"\"></Correlation>\n<Execution ProcessID=\"4\" ThreadID=\"288\"></Execution>\n<Channel>Security</Channel>\n<Computer>DESKTOP-EKVR84B</Computer>\n<Security UserID=\"\"></Security>\n</System>\n<EventData><Data Name=\"SubjectUserSid\">S-1-5-18</Data>\n<Data Name=\"SubjectUserName\">DESKTOP-EKVR84B$</Data>\n<Data Name=\"SubjectDomainName\">WORKGROUP</Data>\n<Data Name=\"SubjectLogonId\">0x00000000000003e7</Data>\n<Data Name=\"ObjectServer\">Security</Data>\n<Data Name=\"ObjectType\">File</Data>\n<Data Name=\"ObjectName\">\\Device\\CdRom0\\Autorun.inf</Data>\n<Data Name=\"HandleId\">0x0000000000000278</Data>\n<Data Name=\"AccessList\">%%4416\r\n\t\t\t\t</Data>\n<Data Name=\"AccessMask\">0x00000001</Data>\n<Data Name=\"ProcessId\">0x0000000000000a24</Data>\n<Data Name=\"ProcessName\">C:\\Windows\\System32\\svchost.exe</Data>\n<Data Name=\"ResourceAttributes\"></Data>\n</EventData>\n</Event>\n"
24948:    "xml": "<Event xmlns=\"http://schemas.microsoft.com/win/2004/08/events/event\"><System><Provider Name=\"Microsoft-Windows-Security-Auditing\" Guid=\"{54849625-5478-4994-a5ba-3e3b0328c30d}\"></Provider>\n<EventID Qualifiers=\"\">4656</EventID>\n<Version>1</Version>\n<Level>0</Level>\n<Task>12812</Task>\n<Opcode>0</Opcode>\n<Keywords>0x8020000000000000</Keywords>\n<TimeCreated SystemTime=\"2024-07-15 16:59:40.844517+00:00\"></TimeCreated>\n<EventRecordID>172354</EventRecordID>\n<Correlation ActivityID=\"\" RelatedActivityID=\"\"></Correlation>\n<Execution ProcessID=\"4\" ThreadID=\"288\"></Execution>\n<Channel>Security</Channel>\n<Computer>DESKTOP-EKVR84B</Computer>\n<Security UserID=\"\"></Security>\n</System>\n<EventData><Data Name=\"SubjectUserSid\">S-1-5-18</Data>\n<Data Name=\"SubjectUserName\">DESKTOP-EKVR84B$</Data>\n<Data Name=\"SubjectDomainName\">WORKGROUP</Data>\n<Data Name=\"SubjectLogonId\">0x00000000000003e7</Data>\n<Data Name=\"ObjectServer\">Security</Data>\n<Data Name=\"ObjectType\">File</Data>\n<Data Name=\"ObjectName\">\\Device\\CdRom0\\Autorun.inf</Data>\n<Data Name=\"HandleId\">0x0000000000000278</Data>\n<Data Name=\"TransactionId\">{00000000-0000-0000-0000-000000000000}</Data>\n<Data Name=\"AccessList\">%%1538\r\n\t\t\t\t%%1541\r\n\t\t\t\t%%4416\r\n\t\t\t\t%%4419\r\n\t\t\t\t%%4423\r\n\t\t\t\t</Data>\n<Data Name=\"AccessReason\">-</Data>\n<Data Name=\"AccessMask\">0x00120089</Data>\n<Data Name=\"PrivilegeList\">-</Data>\n<Data Name=\"RestrictedSidCount\">0</Data>\n<Data Name=\"ProcessId\">0x0000000000000a24</Data>\n<Data Name=\"ProcessName\">C:\\Windows\\System32\\svchost.exe</Data>\n<Data Name=\"ResourceAttributes\">-</Data>\n</EventData>\n</Event>\n"
24954:    "xml": "<Event xmlns=\"http://schemas.microsoft.com/win/2004/08/events/event\"><System><Provider Name=\"Microsoft-Windows-Security-Auditing\" Guid=\"{54849625-5478-4994-a5ba-3e3b0328c30d}\"></Provider>\n<EventID Qualifiers=\"\">4663</EventID>\n<Version>1</Version>\n<Level>0</Level>\n<Task>12812</Task>\n<Opcode>0</Opcode>\n<Keywords>0x8020000000000000</Keywords>\n<TimeCreated SystemTime=\"2024-07-15 16:59:40.844561+00:00\"></TimeCreated>\n<EventRecordID>172355</EventRecordID>\n<Correlation ActivityID=\"\" RelatedActivityID=\"\"></Correlation>\n<Execution ProcessID=\"4\" ThreadID=\"288\"></Execution>\n<Channel>Security</Channel>\n<Computer>DESKTOP-EKVR84B</Computer>\n<Security UserID=\"\"></Security>\n</System>\n<EventData><Data Name=\"SubjectUserSid\">S-1-5-18</Data>\n<Data Name=\"SubjectUserName\">DESKTOP-EKVR84B$</Data>\n<Data Name=\"SubjectDomainName\">WORKGROUP</Data>\n<Data Name=\"SubjectLogonId\">0x00000000000003e7</Data>\n<Data Name=\"ObjectServer\">Security</Data>\n<Data Name=\"ObjectType\">File</Data>\n<Data Name=\"ObjectName\">\\Device\\CdRom0\\Autorun.inf</Data>\n<Data Name=\"HandleId\">0x0000000000000278</Data>\n<Data Name=\"AccessList\">%%4416\r\n\t\t\t\t</Data>\n<Data Name=\"AccessMask\">0x00000001</Data>\n<Data Name=\"ProcessId\">0x0000000000000a24</Data>\n<Data Name=\"ProcessName\">C:\\Windows\\System32\\svchost.exe</Data>\n<Data Name=\"ResourceAttributes\"></Data>\n</EventData>\n</Event>\n"
29172:    "xml": "<Event xmlns=\"http://schemas.microsoft.com/win/2004/08/events/event\"><System><Provider Name=\"Microsoft-Windows-Security-Auditing\" Guid=\"{54849625-5478-4994-a5ba-3e3b0328c30d}\"></Provider>\n<EventID Qualifiers=\"\">4656</EventID>\n<Version>1</Version>\n<Level>0</Level>\n<Task>12801</Task>\n<Opcode>0</Opcode>\n<Keywords>0x8020000000000000</Keywords>\n<TimeCreated SystemTime=\"2024-07-15 16:59:49.377424+00:00\"></TimeCreated>\n<EventRecordID>173038</EventRecordID>\n<Correlation ActivityID=\"\" RelatedActivityID=\"\"></Correlation>\n<Execution ProcessID=\"4\" ThreadID=\"1004\"></Execution>\n<Channel>Security</Channel>\n<Computer>DESKTOP-EKVR84B</Computer>\n<Security UserID=\"\"></Security>\n</System>\n<EventData><Data Name=\"SubjectUserSid\">S-1-5-18</Data>\n<Data Name=\"SubjectUserName\">DESKTOP-EKVR84B$</Data>\n<Data Name=\"SubjectDomainName\">WORKGROUP</Data>\n<Data Name=\"SubjectLogonId\">0x00000000000003e7</Data>\n<Data Name=\"ObjectServer\">Security</Data>\n<Data Name=\"ObjectType\">Key</Data>\n<Data Name=\"ObjectName\">\\REGISTRY\\MACHINE\\SOFTWARE\\Microsoft\\Windows\\CurrentVersion\\Run</Data>\n<Data Name=\"HandleId\">0x0000000000000328</Data>\n<Data Name=\"TransactionId\">{00000000-0000-0000-0000-000000000000}</Data>\n<Data Name=\"AccessList\">%%1538\r\n\t\t\t\t%%4433\r\n\t\t\t\t%%4434\r\n\t\t\t\t</Data>\n<Data Name=\"AccessReason\">-</Data>\n<Data Name=\"AccessMask\">0x00020006</Data>\n<Data Name=\"PrivilegeList\">-</Data>\n<Data Name=\"RestrictedSidCount\">0</Data>\n<Data Name=\"ProcessId\">0x0000000000000f90</Data>\n<Data Name=\"ProcessName\">C:\\ProgramData\\Microsoft\\Windows Defender\\Platform\\4.18.24060.7-0\\MsMpEng.exe</Data>\n<Data Name=\"ResourceAttributes\">-</Data>\n</EventData>\n</Event>\n"
29178:    "xml": "<Event xmlns=\"http://schemas.microsoft.com/win/2004/08/events/event\"><System><Provider Name=\"Microsoft-Windows-Security-Auditing\" Guid=\"{54849625-5478-4994-a5ba-3e3b0328c30d}\"></Provider>\n<EventID Qualifiers=\"\">4663</EventID>\n<Version>1</Version>\n<Level>0</Level>\n<Task>12801</Task>\n<Opcode>0</Opcode>\n<Keywords>0x8020000000000000</Keywords>\n<TimeCreated SystemTime=\"2024-07-15 16:59:49.377445+00:00\"></TimeCreated>\n<EventRecordID>173039</EventRecordID>\n<Correlation ActivityID=\"\" RelatedActivityID=\"\"></Correlation>\n<Execution ProcessID=\"4\" ThreadID=\"1004\"></Execution>\n<Channel>Security</Channel>\n<Computer>DESKTOP-EKVR84B</Computer>\n<Security UserID=\"\"></Security>\n</System>\n<EventData><Data Name=\"SubjectUserSid\">S-1-5-18</Data>\n<Data Name=\"SubjectUserName\">DESKTOP-EKVR84B$</Data>\n<Data Name=\"SubjectDomainName\">WORKGROUP</Data>\n<Data Name=\"SubjectLogonId\">0x00000000000003e7</Data>\n<Data Name=\"ObjectServer\">Security</Data>\n<Data Name=\"ObjectType\">Key</Data>\n<Data Name=\"ObjectName\">\\REGISTRY\\MACHINE\\SOFTWARE\\Microsoft\\Windows\\CurrentVersion\\Run</Data>\n<Data Name=\"HandleId\">0x0000000000000328</Data>\n<Data Name=\"AccessList\">%%4433\r\n\t\t\t\t</Data>\n<Data Name=\"AccessMask\">0x00000002</Data>\n<Data Name=\"ProcessId\">0x0000000000000f90</Data>\n<Data Name=\"ProcessName\">C:\\ProgramData\\Microsoft\\Windows Defender\\Platform\\4.18.24060.7-0\\MsMpEng.exe</Data>\n<Data Name=\"ResourceAttributes\">-</Data>\n</EventData>\n</Event>\n"
29484:    "xml": "<Event xmlns=\"http://schemas.microsoft.com/win/2004/08/events/event\"><System><Provider Name=\"Microsoft-Windows-Security-Auditing\" Guid=\"{54849625-5478-4994-a5ba-3e3b0328c30d}\"></Provider>\n<EventID Qualifiers=\"\">4702</EventID>\n<Version>1</Version>\n<Level>0</Level>\n<Task>12804</Task>\n<Opcode>0</Opcode>\n<Keywords>0x8020000000000000</Keywords>\n<TimeCreated SystemTime=\"2024-07-15 16:59:52.169582+00:00\"></TimeCreated>\n<EventRecordID>173090</EventRecordID>\n<Correlation ActivityID=\"{5c0d5670-d6d8-0001-0758-0d5cd8d6da01}\" RelatedActivityID=\"\"></Correlation>\n<Execution ProcessID=\"680\" ThreadID=\"368\"></Execution>\n<Channel>Security</Channel>\n<Computer>DESKTOP-EKVR84B</Computer>\n<Security UserID=\"\"></Security>\n</System>\n<EventData><Data Name=\"SubjectUserSid\">S-1-5-18</Data>\n<Data Name=\"SubjectUserName\">DESKTOP-EKVR84B$</Data>\n<Data Name=\"SubjectDomainName\">WORKGROUP</Data>\n<Data Name=\"SubjectLogonId\">0x00000000000003e7</Data>\n<Data Name=\"TaskName\">\\Microsoft\\Windows\\UpdateOrchestrator\\Schedule Work</Data>\n<Data Name=\"TaskContentNew\">&lt;?xml version=\"1.0\" encoding=\"UTF-16\"?&gt;\r\n&lt;Task version=\"1.2\" xmlns=\"http://schemas.microsoft.com/windows/2004/02/mit/task\"&gt;\r\n  &lt;RegistrationInfo&gt;\r\n    &lt;URI&gt;\\Microsoft\\Windows\\UpdateOrchestrator\\Schedule Work&lt;/URI&gt;\r\n    &lt;SecurityDescriptor&gt;D:P(A;;FA;;;SY)(A;;FRFX;;;LS)(A;;FRFX;;;BA)&lt;/SecurityDescriptor&gt;\r\n  &lt;/RegistrationInfo&gt;\r\n  &lt;Triggers&gt;\r\n    &lt;TimeTrigger&gt;\r\n      &lt;StartBoundary&gt;2024-07-16T00:48:42-07:00&lt;/StartBoundary&gt;\r\n      &lt;Enabled&gt;true&lt;/Enabled&gt;\r\n    &lt;/TimeTrigger&gt;\r\n  &lt;/Triggers&gt;\r\n  &lt;Principals&gt;\r\n    &lt;Principal id=\"Author\"&gt;\r\n      &lt;RunLevel&gt;LeastPrivilege&lt;/RunLevel&gt;\r\n      &lt;UserId&gt;S-1-5-18&lt;/UserId&gt;\r\n    &lt;/Principal&gt;\r\n  &lt;/Principals&gt;\r\n  &lt;Settings&gt;\r\n    &lt;MultipleInstancesPolicy&gt;IgnoreNew&lt;/MultipleInstancesPolicy&gt;\r\n    &lt;DisallowStartIfOnBatteries&gt;true&lt;/DisallowStartIfOnBatteries&gt;\r\n    &lt;StopIfGoingOnBatteries&gt;true&lt;/StopIfGoingOnBatteries&gt;\r\n    &lt;AllowHardTerminate&gt;true&lt;/AllowHardTerminate&gt;\r\n    &lt;StartWhenAvailable&gt;true&lt;/StartWhenAvailable&gt;\r\n    &lt;RunOnlyIfNetworkAvailable&gt;false&lt;/RunOnlyIfNetworkAvailable&gt;\r\n    &lt;IdleSettings&gt;\r\n      &lt;Duration&gt;PT10M&lt;/Duration&gt;\r\n      &lt;WaitTimeout&gt;PT1H&lt;/WaitTimeout&gt;\r\n      &lt;StopOnIdleEnd&gt;true&lt;/StopOnIdleEnd&gt;\r\n      &lt;RestartOnIdle&gt;false&lt;/RestartOnIdle&gt;\r\n    &lt;/IdleSettings&gt;\r\n    &lt;AllowStartOnDemand&gt;true&lt;/AllowStartOnDemand&gt;\r\n    &lt;Enabled&gt;false&lt;/Enabled&gt;\r\n    &lt;Hidden&gt;false&lt;/Hidden&gt;\r\n    &lt;RunOnlyIfIdle&gt;false&lt;/RunOnlyIfIdle&gt;\r\n    &lt;WakeToRun&gt;false&lt;/WakeToRun&gt;\r\n    &lt;ExecutionTimeLimit&gt;PT72H&lt;/ExecutionTimeLimit&gt;\r\n    &lt;Priority&gt;7&lt;/Priority&gt;\r\n  &lt;/Settings&gt;\r\n  &lt;Actions Context=\"Author\"&gt;\r\n    &lt;Exec&gt;\r\n      &lt;Command&gt;%systemroot%\\system32\\usoclient.exe&lt;/Command&gt;\r\n      &lt;Arguments&gt;StartWork&lt;/Arguments&gt;\r\n    &lt;/Exec&gt;\r\n  &lt;/Actions&gt;\r\n&lt;/Task&gt;</Data>\n<Data Name=\"ClientProcessStartKey\">10977524091715742</Data>\n<Data Name=\"ClientProcessId\">6612</Data>\n<Data Name=\"ParentProcessId\">788</Data>\n<Data Name=\"RpcCallClientLocality\">0</Data>\n<Data Name=\"FQDN\">DESKTOP-EKVR84B</Data>\n</EventData>\n</Event>\n"
29592:    "xml": "<Event xmlns=\"http://schemas.microsoft.com/win/2004/08/events/event\"><System><Provider Name=\"Microsoft-Windows-Security-Auditing\" Guid=\"{54849625-5478-4994-a5ba-3e3b0328c30d}\"></Provider>\n<EventID Qualifiers=\"\">4702</EventID>\n<Version>1</Version>\n<Level>0</Level>\n<Task>12804</Task>\n<Opcode>0</Opcode>\n<Keywords>0x8020000000000000</Keywords>\n<TimeCreated SystemTime=\"2024-07-15 16:59:52.491045+00:00\"></TimeCreated>\n<EventRecordID>173108</EventRecordID>\n<Correlation ActivityID=\"{5c0d5670-d6d8-0001-0758-0d5cd8d6da01}\" RelatedActivityID=\"\"></Correlation>\n<Execution ProcessID=\"680\" ThreadID=\"368\"></Execution>\n<Channel>Security</Channel>\n<Computer>DESKTOP-EKVR84B</Computer>\n<Security UserID=\"\"></Security>\n</System>\n<EventData><Data Name=\"SubjectUserSid\">S-1-5-18</Data>\n<Data Name=\"SubjectUserName\">DESKTOP-EKVR84B$</Data>\n<Data Name=\"SubjectDomainName\">WORKGROUP</Data>\n<Data Name=\"SubjectLogonId\">0x00000000000003e7</Data>\n<Data Name=\"TaskName\">\\Microsoft\\Windows\\UpdateOrchestrator\\Schedule Work</Data>\n<Data Name=\"TaskContentNew\">&lt;?xml version=\"1.0\" encoding=\"UTF-16\"?&gt;\r\n&lt;Task version=\"1.2\" xmlns=\"http://schemas.microsoft.com/windows/2004/02/mit/task\"&gt;\r\n  &lt;RegistrationInfo&gt;\r\n    &lt;URI&gt;\\Microsoft\\Windows\\UpdateOrchestrator\\Schedule Work&lt;/URI&gt;\r\n    &lt;SecurityDescriptor&gt;D:P(A;;FA;;;SY)(A;;FRFX;;;LS)(A;;FRFX;;;BA)&lt;/SecurityDescriptor&gt;\r\n  &lt;/RegistrationInfo&gt;\r\n  &lt;Triggers&gt;\r\n    &lt;TimeTrigger&gt;\r\n      &lt;StartBoundary&gt;2024-07-16T00:48:42-07:00&lt;/StartBoundary&gt;\r\n      &lt;Enabled&gt;true&lt;/Enabled&gt;\r\n    &lt;/TimeTrigger&gt;\r\n  &lt;/Triggers&gt;\r\n  &lt;Principals&gt;\r\n    &lt;Principal id=\"Author\"&gt;\r\n      &lt;UserId&gt;S-1-5-18&lt;/UserId&gt;\r\n      &lt;RunLevel&gt;LeastPrivilege&lt;/RunLevel&gt;\r\n    &lt;/Principal&gt;\r\n  &lt;/Principals&gt;\r\n  &lt;Settings&gt;\r\n    &lt;MultipleInstancesPolicy&gt;IgnoreNew&lt;/MultipleInstancesPolicy&gt;\r\n    &lt;DisallowStartIfOnBatteries&gt;true&lt;/DisallowStartIfOnBatteries&gt;\r\n    &lt;StopIfGoingOnBatteries&gt;true&lt;/StopIfGoingOnBatteries&gt;\r\n    &lt;AllowHardTerminate&gt;true&lt;/AllowHardTerminate&gt;\r\n    &lt;StartWhenAvailable&gt;true&lt;/StartWhenAvailable&gt;\r\n    &lt;RunOnlyIfNetworkAvailable&gt;false&lt;/RunOnlyIfNetworkAvailable&gt;\r\n    &lt;IdleSettings&gt;\r\n      &lt;Duration&gt;PT10M&lt;/Duration&gt;\r\n      &lt;WaitTimeout&gt;PT1H&lt;/WaitTimeout&gt;\r\n      &lt;StopOnIdleEnd&gt;true&lt;/StopOnIdleEnd&gt;\r\n      &lt;RestartOnIdle&gt;false&lt;/RestartOnIdle&gt;\r\n    &lt;/IdleSettings&gt;\r\n    &lt;AllowStartOnDemand&gt;true&lt;/AllowStartOnDemand&gt;\r\n    &lt;Enabled&gt;false&lt;/Enabled&gt;\r\n    &lt;Hidden&gt;false&lt;/Hidden&gt;\r\n    &lt;RunOnlyIfIdle&gt;false&lt;/RunOnlyIfIdle&gt;\r\n    &lt;WakeToRun&gt;false&lt;/WakeToRun&gt;\r\n    &lt;ExecutionTimeLimit&gt;PT72H&lt;/ExecutionTimeLimit&gt;\r\n    &lt;Priority&gt;7&lt;/Priority&gt;\r\n  &lt;/Settings&gt;\r\n  &lt;Actions Context=\"Author\"&gt;\r\n    &lt;Exec&gt;\r\n      &lt;Command&gt;%systemroot%\\system32\\usoclient.exe&lt;/Command&gt;\r\n      &lt;Arguments&gt;StartWork&lt;/Arguments&gt;\r\n    &lt;/Exec&gt;\r\n  &lt;/Actions&gt;\r\n&lt;/Task&gt;</Data>\n<Data Name=\"ClientProcessStartKey\">10977524091715746</Data>\n<Data Name=\"ClientProcessId\">7108</Data>\n<Data Name=\"ParentProcessId\">652</Data>\n<Data Name=\"RpcCallClientLocality\">0</Data>\n<Data Name=\"FQDN\">DESKTOP-EKVR84B</Data>\n</EventData>\n</Event>\n"
29670:    "xml": "<Event xmlns=\"http://schemas.microsoft.com/win/2004/08/events/event\"><System><Provider Name=\"Microsoft-Windows-Security-Auditing\" Guid=\"{54849625-5478-4994-a5ba-3e3b0328c30d}\"></Provider>\n<EventID Qualifiers=\"\">4702</EventID>\n<Version>1</Version>\n<Level>0</Level>\n<Task>12804</Task>\n<Opcode>0</Opcode>\n<Keywords>0x8020000000000000</Keywords>\n<TimeCreated SystemTime=\"2024-07-15 16:59:52.595974+00:00\"></TimeCreated>\n<EventRecordID>173121</EventRecordID>\n<Correlation ActivityID=\"{5c0d5670-d6d8-0001-0758-0d5cd8d6da01}\" RelatedActivityID=\"\"></Correlation>\n<Execution ProcessID=\"680\" ThreadID=\"732\"></Execution>\n<Channel>Security</Channel>\n<Computer>DESKTOP-EKVR84B</Computer>\n<Security UserID=\"\"></Security>\n</System>\n<EventData><Data Name=\"SubjectUserSid\">S-1-5-18</Data>\n<Data Name=\"SubjectUserName\">DESKTOP-EKVR84B$</Data>\n<Data Name=\"SubjectDomainName\">WORKGROUP</Data>\n<Data Name=\"SubjectLogonId\">0x00000000000003e7</Data>\n<Data Name=\"TaskName\">\\Microsoft\\Windows\\UpdateOrchestrator\\Schedule Wake To Work</Data>\n<Data Name=\"TaskContentNew\">&lt;?xml version=\"1.0\" encoding=\"UTF-16\"?&gt;\r\n&lt;Task version=\"1.2\" xmlns=\"http://schemas.microsoft.com/windows/2004/02/mit/task\"&gt;\r\n  &lt;RegistrationInfo&gt;\r\n    &lt;URI&gt;\\Microsoft\\Windows\\UpdateOrchestrator\\Schedule Wake To Work&lt;/URI&gt;\r\n    &lt;SecurityDescriptor&gt;D:P(A;;FA;;;SY)(A;;FRFX;;;LS)(A;;FRFX;;;BA)&lt;/SecurityDescriptor&gt;\r\n  &lt;/RegistrationInfo&gt;\r\n  &lt;Triggers /&gt;\r\n  &lt;Principals&gt;\r\n    &lt;Principal id=\"Author\"&gt;\r\n      &lt;RunLevel&gt;LeastPrivilege&lt;/RunLevel&gt;\r\n      &lt;UserId&gt;S-1-5-18&lt;/UserId&gt;\r\n    &lt;/Principal&gt;\r\n  &lt;/Principals&gt;\r\n  &lt;Settings&gt;\r\n    &lt;MultipleInstancesPolicy&gt;IgnoreNew&lt;/MultipleInstancesPolicy&gt;\r\n    &lt;DisallowStartIfOnBatteries&gt;true&lt;/DisallowStartIfOnBatteries&gt;\r\n    &lt;StopIfGoingOnBatteries&gt;true&lt;/StopIfGoingOnBatteries&gt;\r\n    &lt;AllowHardTerminate&gt;true&lt;/AllowHardTerminate&gt;\r\n    &lt;StartWhenAvailable&gt;false&lt;/StartWhenAvailable&gt;\r\n    &lt;RunOnlyIfNetworkAvailable&gt;false&lt;/RunOnlyIfNetworkAvailable&gt;\r\n    &lt;IdleSettings&gt;\r\n      &lt;Duration&gt;PT10M&lt;/Duration&gt;\r\n      &lt;WaitTimeout&gt;PT1H&lt;/WaitTimeout&gt;\r\n      &lt;StopOnIdleEnd&gt;true&lt;/StopOnIdleEnd&gt;\r\n      &lt;RestartOnIdle&gt;false&lt;/RestartOnIdle&gt;\r\n    &lt;/IdleSettings&gt;\r\n    &lt;AllowStartOnDemand&gt;true&lt;/AllowStartOnDemand&gt;\r\n    &lt;Enabled&gt;false&lt;/Enabled&gt;\r\n    &lt;Hidden&gt;false&lt;/Hidden&gt;\r\n    &lt;RunOnlyIfIdle&gt;false&lt;/RunOnlyIfIdle&gt;\r\n    &lt;WakeToRun&gt;false&lt;/WakeToRun&gt;\r\n    &lt;ExecutionTimeLimit&gt;PT72H&lt;/ExecutionTimeLimit&gt;\r\n    &lt;Priority&gt;7&lt;/Priority&gt;\r\n  &lt;/Settings&gt;\r\n  &lt;Actions Context=\"Author\"&gt;\r\n    &lt;Exec&gt;\r\n      &lt;Command&gt;%systemroot%\\system32\\usoclient.exe&lt;/Command&gt;\r\n      &lt;Arguments&gt;StartWork&lt;/Arguments&gt;\r\n    &lt;/Exec&gt;\r\n  &lt;/Actions&gt;\r\n&lt;/Task&gt;</Data>\n<Data Name=\"ClientProcessStartKey\">10977524091715742</Data>\n<Data Name=\"ClientProcessId\">6612</Data>\n<Data Name=\"ParentProcessId\">788</Data>\n<Data Name=\"RpcCallClientLocality\">0</Data>\n<Data Name=\"FQDN\">DESKTOP-EKVR84B</Data>\n</EventData>\n</Event>\n"
29676:    "xml": "<Event xmlns=\"http://schemas.microsoft.com/win/2004/08/events/event\"><System><Provider Name=\"Microsoft-Windows-Security-Auditing\" Guid=\"{54849625-5478-4994-a5ba-3e3b0328c30d}\"></Provider>\n<EventID Qualifiers=\"\">4702</EventID>\n<Version>1</Version>\n<Level>0</Level>\n<Task>12804</Task>\n<Opcode>0</Opcode>\n<Keywords>0x8020000000000000</Keywords>\n<TimeCreated SystemTime=\"2024-07-15 16:59:52.616180+00:00\"></TimeCreated>\n<EventRecordID>173122</EventRecordID>\n<Correlation ActivityID=\"{5c0d5670-d6d8-0001-0758-0d5cd8d6da01}\" RelatedActivityID=\"\"></Correlation>\n<Execution ProcessID=\"680\" ThreadID=\"732\"></Execution>\n<Channel>Security</Channel>\n<Computer>DESKTOP-EKVR84B</Computer>\n<Security UserID=\"\"></Security>\n</System>\n<EventData><Data Name=\"SubjectUserSid\">S-1-5-18</Data>\n<Data Name=\"SubjectUserName\">DESKTOP-EKVR84B$</Data>\n<Data Name=\"SubjectDomainName\">WORKGROUP</Data>\n<Data Name=\"SubjectLogonId\">0x00000000000003e7</Data>\n<Data Name=\"TaskName\">\\Microsoft\\Windows\\UpdateOrchestrator\\Schedule Wake To Work</Data>\n<Data Name=\"TaskContentNew\">&lt;?xml version=\"1.0\" encoding=\"UTF-16\"?&gt;\r\n&lt;Task version=\"1.2\" xmlns=\"http://schemas.microsoft.com/windows/2004/02/mit/task\"&gt;\r\n  &lt;RegistrationInfo&gt;\r\n    &lt;URI&gt;\\Microsoft\\Windows\\UpdateOrchestrator\\Schedule Wake To Work&lt;/URI&gt;\r\n    &lt;SecurityDescriptor&gt;D:P(A;;FA;;;SY)(A;;FRFX;;;LS)(A;;FRFX;;;BA)&lt;/SecurityDescriptor&gt;\r\n  &lt;/RegistrationInfo&gt;\r\n  &lt;Triggers /&gt;\r\n  &lt;Principals&gt;\r\n    &lt;Principal id=\"Author\"&gt;\r\n      &lt;UserId&gt;S-1-5-18&lt;/UserId&gt;\r\n      &lt;RunLevel&gt;LeastPrivilege&lt;/RunLevel&gt;\r\n    &lt;/Principal&gt;\r\n  &lt;/Principals&gt;\r\n  &lt;Settings&gt;\r\n    &lt;MultipleInstancesPolicy&gt;IgnoreNew&lt;/MultipleInstancesPolicy&gt;\r\n    &lt;DisallowStartIfOnBatteries&gt;true&lt;/DisallowStartIfOnBatteries&gt;\r\n    &lt;StopIfGoingOnBatteries&gt;true&lt;/StopIfGoingOnBatteries&gt;\r\n    &lt;AllowHardTerminate&gt;true&lt;/AllowHardTerminate&gt;\r\n    &lt;StartWhenAvailable&gt;false&lt;/StartWhenAvailable&gt;\r\n    &lt;RunOnlyIfNetworkAvailable&gt;false&lt;/RunOnlyIfNetworkAvailable&gt;\r\n    &lt;IdleSettings&gt;\r\n      &lt;Duration&gt;PT10M&lt;/Duration&gt;\r\n      &lt;WaitTimeout&gt;PT1H&lt;/WaitTimeout&gt;\r\n      &lt;StopOnIdleEnd&gt;true&lt;/StopOnIdleEnd&gt;\r\n      &lt;RestartOnIdle&gt;false&lt;/RestartOnIdle&gt;\r\n    &lt;/IdleSettings&gt;\r\n    &lt;AllowStartOnDemand&gt;true&lt;/AllowStartOnDemand&gt;\r\n    &lt;Enabled&gt;false&lt;/Enabled&gt;\r\n    &lt;Hidden&gt;false&lt;/Hidden&gt;\r\n    &lt;RunOnlyIfIdle&gt;false&lt;/RunOnlyIfIdle&gt;\r\n    &lt;WakeToRun&gt;false&lt;/WakeToRun&gt;\r\n    &lt;ExecutionTimeLimit&gt;PT72H&lt;/ExecutionTimeLimit&gt;\r\n    &lt;Priority&gt;7&lt;/Priority&gt;\r\n  &lt;/Settings&gt;\r\n  &lt;Actions Context=\"Author\"&gt;\r\n    &lt;Exec&gt;\r\n      &lt;Command&gt;%systemroot%\\system32\\usoclient.exe&lt;/Command&gt;\r\n      &lt;Arguments&gt;StartWork&lt;/Arguments&gt;\r\n    &lt;/Exec&gt;\r\n  &lt;/Actions&gt;\r\n&lt;/Task&gt;</Data>\n<Data Name=\"ClientProcessStartKey\">10977524091715746</Data>\n<Data Name=\"ClientProcessId\">7108</Data>\n<Data Name=\"ParentProcessId\">652</Data>\n<Data Name=\"RpcCallClientLocality\">0</Data>\n<Data Name=\"FQDN\">DESKTOP-EKVR84B</Data>\n</EventData>\n</Event>\n"
29694:    "xml": "<Event xmlns=\"http://schemas.microsoft.com/win/2004/08/events/event\"><System><Provider Name=\"Microsoft-Windows-Security-Auditing\" Guid=\"{54849625-5478-4994-a5ba-3e3b0328c30d}\"></Provider>\n<EventID Qualifiers=\"\">4702</EventID>\n<Version>1</Version>\n<Level>0</Level>\n<Task>12804</Task>\n<Opcode>0</Opcode>\n<Keywords>0x8020000000000000</Keywords>\n<TimeCreated SystemTime=\"2024-07-15 16:59:52.755201+00:00\"></TimeCreated>\n<EventRecordID>173125</EventRecordID>\n<Correlation ActivityID=\"{5c0d5670-d6d8-0001-0758-0d5cd8d6da01}\" RelatedActivityID=\"\"></Correlation>\n<Execution ProcessID=\"680\" ThreadID=\"732\"></Execution>\n<Channel>Security</Channel>\n<Computer>DESKTOP-EKVR84B</Computer>\n<Security UserID=\"\"></Security>\n</System>\n<EventData><Data Name=\"SubjectUserSid\">S-1-5-18</Data>\n<Data Name=\"SubjectUserName\">DESKTOP-EKVR84B$</Data>\n<Data Name=\"SubjectDomainName\">WORKGROUP</Data>\n<Data Name=\"SubjectLogonId\">0x00000000000003e7</Data>\n<Data Name=\"TaskName\">\\Microsoft\\Windows\\UpdateOrchestrator\\Schedule Maintenance Work</Data>\n<Data Name=\"TaskContentNew\">&lt;?xml version=\"1.0\" encoding=\"UTF-16\"?&gt;\r\n&lt;Task version=\"1.2\" xmlns=\"http://schemas.microsoft.com/windows/2004/02/mit/task\"&gt;\r\n  &lt;RegistrationInfo&gt;\r\n    &lt;URI&gt;\\Microsoft\\Windows\\UpdateOrchestrator\\Schedule Maintenance Work&lt;/URI&gt;\r\n    &lt;SecurityDescriptor&gt;D:P(A;;FA;;;SY)(A;;FRFX;;;LS)(A;;FRFX;;;BA)&lt;/SecurityDescriptor&gt;\r\n  &lt;/RegistrationInfo&gt;\r\n  &lt;Triggers /&gt;\r\n  &lt;Principals&gt;\r\n    &lt;Principal id=\"Author\"&gt;\r\n      &lt;RunLevel&gt;LeastPrivilege&lt;/RunLevel&gt;\r\n      &lt;UserId&gt;S-1-5-18&lt;/UserId&gt;\r\n    &lt;/Principal&gt;\r\n  &lt;/Principals&gt;\r\n  &lt;Settings&gt;\r\n    &lt;MultipleInstancesPolicy&gt;IgnoreNew&lt;/MultipleInstancesPolicy&gt;\r\n    &lt;DisallowStartIfOnBatteries&gt;true&lt;/DisallowStartIfOnBatteries&gt;\r\n    &lt;StopIfGoingOnBatteries&gt;true&lt;/StopIfGoingOnBatteries&gt;\r\n    &lt;AllowHardTerminate&gt;true&lt;/AllowHardTerminate&gt;\r\n    &lt;StartWhenAvailable&gt;false&lt;/StartWhenAvailable&gt;\r\n    &lt;RunOnlyIfNetworkAvailable&gt;false&lt;/RunOnlyIfNetworkAvailable&gt;\r\n    &lt;IdleSettings&gt;\r\n      &lt;Duration&gt;PT10M&lt;/Duration&gt;\r\n      &lt;WaitTimeout&gt;PT1H&lt;/WaitTimeout&gt;\r\n      &lt;StopOnIdleEnd&gt;true&lt;/StopOnIdleEnd&gt;\r\n      &lt;RestartOnIdle&gt;false&lt;/RestartOnIdle&gt;\r\n    &lt;/IdleSettings&gt;\r\n    &lt;AllowStartOnDemand&gt;true&lt;/AllowStartOnDemand&gt;\r\n    &lt;Enabled&gt;false&lt;/Enabled&gt;\r\n    &lt;Hidden&gt;false&lt;/Hidden&gt;\r\n    &lt;RunOnlyIfIdle&gt;false&lt;/RunOnlyIfIdle&gt;\r\n    &lt;WakeToRun&gt;false&lt;/WakeToRun&gt;\r\n    &lt;ExecutionTimeLimit&gt;PT72H&lt;/ExecutionTimeLimit&gt;\r\n    &lt;Priority&gt;7&lt;/Priority&gt;\r\n  &lt;/Settings&gt;\r\n  &lt;Actions Context=\"Author\"&gt;\r\n    &lt;Exec&gt;\r\n      &lt;Command&gt;%systemroot%\\system32\\usoclient.exe&lt;/Command&gt;\r\n      &lt;Arguments&gt;StartMaintenanceWork&lt;/Arguments&gt;\r\n    &lt;/Exec&gt;\r\n  &lt;/Actions&gt;\r\n&lt;/Task&gt;</Data>\n<Data Name=\"ClientProcessStartKey\">10977524091715742</Data>\n<Data Name=\"ClientProcessId\">6612</Data>\n<Data Name=\"ParentProcessId\">788</Data>\n<Data Name=\"RpcCallClientLocality\">0</Data>\n<Data Name=\"FQDN\">DESKTOP-EKVR84B</Data>\n</EventData>\n</Event>\n"
29700:    "xml": "<Event xmlns=\"http://schemas.microsoft.com/win/2004/08/events/event\"><System><Provider Name=\"Microsoft-Windows-Security-Auditing\" Guid=\"{54849625-5478-4994-a5ba-3e3b0328c30d}\"></Provider>\n<EventID Qualifiers=\"\">4702</EventID>\n<Version>1</Version>\n<Level>0</Level>\n<Task>12804</Task>\n<Opcode>0</Opcode>\n<Keywords>0x8020000000000000</Keywords>\n<TimeCreated SystemTime=\"2024-07-15 16:59:52.794556+00:00\"></TimeCreated>\n<EventRecordID>173126</EventRecordID>\n<Correlation ActivityID=\"{5c0d5670-d6d8-0001-0758-0d5cd8d6da01}\" RelatedActivityID=\"\"></Correlation>\n<Execution ProcessID=\"680\" ThreadID=\"732\"></Execution>\n<Channel>Security</Channel>\n<Computer>DESKTOP-EKVR84B</Computer>\n<Security UserID=\"\"></Security>\n</System>\n<EventData><Data Name=\"SubjectUserSid\">S-1-5-18</Data>\n<Data Name=\"SubjectUserName\">DESKTOP-EKVR84B$</Data>\n<Data Name=\"SubjectDomainName\">WORKGROUP</Data>\n<Data Name=\"SubjectLogonId\">0x00000000000003e7</Data>\n<Data Name=\"TaskName\">\\Microsoft\\Windows\\UpdateOrchestrator\\Schedule Maintenance Work</Data>\n<Data Name=\"TaskContentNew\">&lt;?xml version=\"1.0\" encoding=\"UTF-16\"?&gt;\r\n&lt;Task version=\"1.2\" xmlns=\"http://schemas.microsoft.com/windows/2004/02/mit/task\"&gt;\r\n  &lt;RegistrationInfo&gt;\r\n    &lt;URI&gt;\\Microsoft\\Windows\\UpdateOrchestrator\\Schedule Maintenance Work&lt;/URI&gt;\r\n    &lt;SecurityDescriptor&gt;D:P(A;;FA;;;SY)(A;;FRFX;;;LS)(A;;FRFX;;;BA)&lt;/SecurityDescriptor&gt;\r\n  &lt;/RegistrationInfo&gt;\r\n  &lt;Triggers /&gt;\r\n  &lt;Principals&gt;\r\n    &lt;Principal id=\"Author\"&gt;\r\n      &lt;UserId&gt;S-1-5-18&lt;/UserId&gt;\r\n      &lt;RunLevel&gt;LeastPrivilege&lt;/RunLevel&gt;\r\n    &lt;/Principal&gt;\r\n  &lt;/Principals&gt;\r\n  &lt;Settings&gt;\r\n    &lt;MultipleInstancesPolicy&gt;IgnoreNew&lt;/MultipleInstancesPolicy&gt;\r\n    &lt;DisallowStartIfOnBatteries&gt;true&lt;/DisallowStartIfOnBatteries&gt;\r\n    &lt;StopIfGoingOnBatteries&gt;true&lt;/StopIfGoingOnBatteries&gt;\r\n    &lt;AllowHardTerminate&gt;true&lt;/AllowHardTerminate&gt;\r\n    &lt;StartWhenAvailable&gt;false&lt;/StartWhenAvailable&gt;\r\n    &lt;RunOnlyIfNetworkAvailable&gt;false&lt;/RunOnlyIfNetworkAvailable&gt;\r\n    &lt;IdleSettings&gt;\r\n      &lt;Duration&gt;PT10M&lt;/Duration&gt;\r\n      &lt;WaitTimeout&gt;PT1H&lt;/WaitTimeout&gt;\r\n      &lt;StopOnIdleEnd&gt;true&lt;/StopOnIdleEnd&gt;\r\n      &lt;RestartOnIdle&gt;false&lt;/RestartOnIdle&gt;\r\n    &lt;/IdleSettings&gt;\r\n    &lt;AllowStartOnDemand&gt;true&lt;/AllowStartOnDemand&gt;\r\n    &lt;Enabled&gt;false&lt;/Enabled&gt;\r\n    &lt;Hidden&gt;false&lt;/Hidden&gt;\r\n    &lt;RunOnlyIfIdle&gt;false&lt;/RunOnlyIfIdle&gt;\r\n    &lt;WakeToRun&gt;false&lt;/WakeToRun&gt;\r\n    &lt;ExecutionTimeLimit&gt;PT72H&lt;/ExecutionTimeLimit&gt;\r\n    &lt;Priority&gt;7&lt;/Priority&gt;\r\n  &lt;/Settings&gt;\r\n  &lt;Actions Context=\"Author\"&gt;\r\n    &lt;Exec&gt;\r\n      &lt;Command&gt;%systemroot%\\system32\\usoclient.exe&lt;/Command&gt;\r\n      &lt;Arguments&gt;StartMaintenanceWork&lt;/Arguments&gt;\r\n    &lt;/Exec&gt;\r\n  &lt;/Actions&gt;\r\n&lt;/Task&gt;</Data>\n<Data Name=\"ClientProcessStartKey\">10977524091715746</Data>\n<Data Name=\"ClientProcessId\">7108</Data>\n<Data Name=\"ParentProcessId\">652</Data>\n<Data Name=\"RpcCallClientLocality\">0</Data>\n<Data Name=\"FQDN\">DESKTOP-EKVR84B</Data>\n</EventData>\n</Event>\n"
30390:    "xml": "<Event xmlns=\"http://schemas.microsoft.com/win/2004/08/events/event\"><System><Provider Name=\"Microsoft-Windows-Security-Auditing\" Guid=\"{54849625-5478-4994-a5ba-3e3b0328c30d}\"></Provider>\n<EventID Qualifiers=\"\">4702</EventID>\n<Version>1</Version>\n<Level>0</Level>\n<Task>12804</Task>\n<Opcode>0</Opcode>\n<Keywords>0x8020000000000000</Keywords>\n<TimeCreated SystemTime=\"2024-07-15 16:59:53.777683+00:00\"></TimeCreated>\n<EventRecordID>173241</EventRecordID>\n<Correlation ActivityID=\"{5c0d5670-d6d8-0001-0758-0d5cd8d6da01}\" RelatedActivityID=\"\"></Correlation>\n<Execution ProcessID=\"680\" ThreadID=\"368\"></Execution>\n<Channel>Security</Channel>\n<Computer>DESKTOP-EKVR84B</Computer>\n<Security UserID=\"\"></Security>\n</System>\n<EventData><Data Name=\"SubjectUserSid\">S-1-5-18</Data>\n<Data Name=\"SubjectUserName\">DESKTOP-EKVR84B$</Data>\n<Data Name=\"SubjectDomainName\">WORKGROUP</Data>\n<Data Name=\"SubjectLogonId\">0x00000000000003e7</Data>\n<Data Name=\"TaskName\">\\Microsoft\\Windows\\WindowsUpdate\\RUXIM\\PLUGScheduler</Data>\n<Data Name=\"TaskContentNew\">&lt;?xml version=\"1.0\" encoding=\"UTF-16\"?&gt;\r\n&lt;Task version=\"1.4\" xmlns=\"http://schemas.microsoft.com/windows/2004/02/mit/task\"&gt;\r\n  &lt;RegistrationInfo&gt;\r\n    &lt;Source&gt;Microsoft Corporation&lt;/Source&gt;\r\n    &lt;Author&gt;Microsoft Corporation&lt;/Author&gt;\r\n    &lt;Version&gt;1.0&lt;/Version&gt;\r\n    &lt;Description&gt;Performs periodic Windows Update maintenance tasks.&lt;/Description&gt;\r\n    &lt;SecurityDescriptor&gt;D:(A;;GA;;;SY)(A;;FRFX;;;LS)(A;;FRFX;;;BA)&lt;/SecurityDescriptor&gt;\r\n    &lt;URI&gt;\\Microsoft\\Windows\\WindowsUpdate\\RUXIM\\PLUGScheduler&lt;/URI&gt;\r\n  &lt;/RegistrationInfo&gt;\r\n  &lt;Triggers&gt;\r\n    &lt;RegistrationTrigger&gt;\r\n      &lt;Enabled&gt;true&lt;/Enabled&gt;\r\n      &lt;Delay&gt;PT4H&lt;/Delay&gt;\r\n    &lt;/RegistrationTrigger&gt;\r\n    &lt;TimeTrigger&gt;\r\n      &lt;StartBoundary&gt;2022-11-02T08:19:08&lt;/StartBoundary&gt;\r\n      &lt;Enabled&gt;true&lt;/Enabled&gt;\r\n      &lt;RandomDelay&gt;PT4H&lt;/RandomDelay&gt;\r\n    &lt;/TimeTrigger&gt;\r\n    &lt;LogonTrigger&gt;\r\n      &lt;Enabled&gt;true&lt;/Enabled&gt;\r\n    &lt;/LogonTrigger&gt;\r\n    &lt;CalendarTrigger&gt;\r\n      &lt;StartBoundary&gt;2021-06-11T08:19:18&lt;/StartBoundary&gt;\r\n      &lt;Enabled&gt;true&lt;/Enabled&gt;\r\n      &lt;RandomDelay&gt;PT4H&lt;/RandomDelay&gt;\r\n      &lt;ScheduleByDay&gt;\r\n        &lt;DaysInterval&gt;1&lt;/DaysInterval&gt;\r\n      &lt;/ScheduleByDay&gt;\r\n    &lt;/CalendarTrigger&gt;\r\n  &lt;/Triggers&gt;\r\n  &lt;Principals&gt;\r\n    &lt;Principal id=\"LocalSystem\"&gt;\r\n      &lt;UserId&gt;S-1-5-18&lt;/UserId&gt;\r\n      &lt;RunLevel&gt;HighestAvailable&lt;/RunLevel&gt;\r\n      &lt;LogonType&gt;InteractiveToken&lt;/LogonType&gt;\r\n    &lt;/Principal&gt;\r\n  &lt;/Principals&gt;\r\n  &lt;Settings&gt;\r\n    &lt;MultipleInstancesPolicy&gt;IgnoreNew&lt;/MultipleInstancesPolicy&gt;\r\n    &lt;DisallowStartIfOnBatteries&gt;true&lt;/DisallowStartIfOnBatteries&gt;\r\n    &lt;StopIfGoingOnBatteries&gt;false&lt;/StopIfGoingOnBatteries&gt;\r\n    &lt;AllowHardTerminate&gt;true&lt;/AllowHardTerminate&gt;\r\n    &lt;StartWhenAvailable&gt;true&lt;/StartWhenAvailable&gt;\r\n    &lt;RunOnlyIfNetworkAvailable&gt;false&lt;/RunOnlyIfNetworkAvailable&gt;\r\n    &lt;IdleSettings&gt;\r\n      &lt;StopOnIdleEnd&gt;true&lt;/StopOnIdleEnd&gt;\r\n      &lt;RestartOnIdle&gt;false&lt;/RestartOnIdle&gt;\r\n    &lt;/IdleSettings&gt;\r\n    &lt;AllowStartOnDemand&gt;false&lt;/AllowStartOnDemand&gt;\r\n    &lt;Enabled&gt;true&lt;/Enabled&gt;\r\n    &lt;Hidden&gt;true&lt;/Hidden&gt;\r\n    &lt;RunOnlyIfIdle&gt;false&lt;/RunOnlyIfIdle&gt;\r\n    &lt;DisallowStartOnRemoteAppSession&gt;false&lt;/DisallowStartOnRemoteAppSession&gt;\r\n    &lt;UseUnifiedSchedulingEngine&gt;true&lt;/UseUnifiedSchedulingEngine&gt;\r\n    &lt;WakeToRun&gt;false&lt;/WakeToRun&gt;\r\n    &lt;ExecutionTimeLimit&gt;PT4H&lt;/ExecutionTimeLimit&gt;\r\n    &lt;Priority&gt;7&lt;/Priority&gt;\r\n  &lt;/Settings&gt;\r\n  &lt;Actions Context=\"LocalSystem\"&gt;\r\n    &lt;Exec&gt;\r\n      &lt;Command&gt;\"%ProgramFiles%\\RUXIM\\PLUGscheduler.exe\"&lt;/Command&gt;\r\n      &lt;WorkingDirectory&gt;%ProgramFiles%\\RUXIM&lt;/WorkingDirectory&gt;\r\n    &lt;/Exec&gt;\r\n  &lt;/Actions&gt;\r\n&lt;/Task&gt;</Data>\n<Data Name=\"ClientProcessStartKey\">10977524091715671</Data>\n<Data Name=\"ClientProcessId\">3720</Data>\n<Data Name=\"ParentProcessId\">1452</Data>\n<Data Name=\"RpcCallClientLocality\">0</Data>\n<Data Name=\"FQDN\">DESKTOP-EKVR84B</Data>\n</EventData>\n</Event>\n"
30882:    "xml": "<Event xmlns=\"http://schemas.microsoft.com/win/2004/08/events/event\"><System><Provider Name=\"Microsoft-Windows-Security-Auditing\" Guid=\"{54849625-5478-4994-a5ba-3e3b0328c30d}\"></Provider>\n<EventID Qualifiers=\"\">4656</EventID>\n<Version>1</Version>\n<Level>0</Level>\n<Task>12801</Task>\n<Opcode>0</Opcode>\n<Keywords>0x8020000000000000</Keywords>\n<TimeCreated SystemTime=\"2024-07-15 16:59:58.323002+00:00\"></TimeCreated>\n<EventRecordID>173322</EventRecordID>\n<Correlation ActivityID=\"\" RelatedActivityID=\"\"></Correlation>\n<Execution ProcessID=\"4\" ThreadID=\"6292\"></Execution>\n<Channel>Security</Channel>\n<Computer>DESKTOP-EKVR84B</Computer>\n<Security UserID=\"\"></Security>\n</System>\n<EventData><Data Name=\"SubjectUserSid\">S-1-5-18</Data>\n<Data Name=\"SubjectUserName\">DESKTOP-EKVR84B$</Data>\n<Data Name=\"SubjectDomainName\">WORKGROUP</Data>\n<Data Name=\"SubjectLogonId\">0x00000000000003e7</Data>\n<Data Name=\"ObjectServer\">Security</Data>\n<Data Name=\"ObjectType\">Key</Data>\n<Data Name=\"ObjectName\">\\REGISTRY\\MACHINE\\SOFTWARE\\Microsoft\\Windows\\CurrentVersion\\Run</Data>\n<Data Name=\"HandleId\">0x0000000000000a64</Data>\n<Data Name=\"TransactionId\">{00000000-0000-0000-0000-000000000000}</Data>\n<Data Name=\"AccessList\">%%1538\r\n\t\t\t\t%%4433\r\n\t\t\t\t%%4434\r\n\t\t\t\t</Data>\n<Data Name=\"AccessReason\">-</Data>\n<Data Name=\"AccessMask\">0x00020006</Data>\n<Data Name=\"PrivilegeList\">-</Data>\n<Data Name=\"RestrictedSidCount\">0</Data>\n<Data Name=\"ProcessId\">0x0000000000000f90</Data>\n<Data Name=\"ProcessName\">C:\\ProgramData\\Microsoft\\Windows Defender\\Platform\\4.18.24060.7-0\\MsMpEng.exe</Data>\n<Data Name=\"ResourceAttributes\">-</Data>\n</EventData>\n</Event>\n"
30888:    "xml": "<Event xmlns=\"http://schemas.microsoft.com/win/2004/08/events/event\"><System><Provider Name=\"Microsoft-Windows-Security-Auditing\" Guid=\"{54849625-5478-4994-a5ba-3e3b0328c30d}\"></Provider>\n<EventID Qualifiers=\"\">4663</EventID>\n<Version>1</Version>\n<Level>0</Level>\n<Task>12801</Task>\n<Opcode>0</Opcode>\n<Keywords>0x8020000000000000</Keywords>\n<TimeCreated SystemTime=\"2024-07-15 16:59:58.323004+00:00\"></TimeCreated>\n<EventRecordID>173323</EventRecordID>\n<Correlation ActivityID=\"\" RelatedActivityID=\"\"></Correlation>\n<Execution ProcessID=\"4\" ThreadID=\"6292\"></Execution>\n<Channel>Security</Channel>\n<Computer>DESKTOP-EKVR84B</Computer>\n<Security UserID=\"\"></Security>\n</System>\n<EventData><Data Name=\"SubjectUserSid\">S-1-5-18</Data>\n<Data Name=\"SubjectUserName\">DESKTOP-EKVR84B$</Data>\n<Data Name=\"SubjectDomainName\">WORKGROUP</Data>\n<Data Name=\"SubjectLogonId\">0x00000000000003e7</Data>\n<Data Name=\"ObjectServer\">Security</Data>\n<Data Name=\"ObjectType\">Key</Data>\n<Data Name=\"ObjectName\">\\REGISTRY\\MACHINE\\SOFTWARE\\Microsoft\\Windows\\CurrentVersion\\Run</Data>\n<Data Name=\"HandleId\">0x0000000000000a64</Data>\n<Data Name=\"AccessList\">%%4433\r\n\t\t\t\t</Data>\n<Data Name=\"AccessMask\">0x00000002</Data>\n<Data Name=\"ProcessId\">0x0000000000000f90</Data>\n<Data Name=\"ProcessName\">C:\\ProgramData\\Microsoft\\Windows Defender\\Platform\\4.18.24060.7-0\\MsMpEng.exe</Data>\n<Data Name=\"ResourceAttributes\">-</Data>\n</EventData>\n</Event>\n"
31068:    "xml": "<Event xmlns=\"http://schemas.microsoft.com/win/2004/08/events/event\"><System><Provider Name=\"Microsoft-Windows-Security-Auditing\" Guid=\"{54849625-5478-4994-a5ba-3e3b0328c30d}\"></Provider>\n<EventID Qualifiers=\"\">4702</EventID>\n<Version>1</Version>\n<Level>0</Level>\n<Task>12804</Task>\n<Opcode>0</Opcode>\n<Keywords>0x8020000000000000</Keywords>\n<TimeCreated SystemTime=\"2024-07-15 16:59:58.882885+00:00\"></TimeCreated>\n<EventRecordID>173353</EventRecordID>\n<Correlation ActivityID=\"{5c0d5670-d6d8-0001-0758-0d5cd8d6da01}\" RelatedActivityID=\"\"></Correlation>\n<Execution ProcessID=\"680\" ThreadID=\"368\"></Execution>\n<Channel>Security</Channel>\n<Computer>DESKTOP-EKVR84B</Computer>\n<Security UserID=\"\"></Security>\n</System>\n<EventData><Data Name=\"SubjectUserSid\">S-1-5-18</Data>\n<Data Name=\"SubjectUserName\">DESKTOP-EKVR84B$</Data>\n<Data Name=\"SubjectDomainName\">WORKGROUP</Data>\n<Data Name=\"SubjectLogonId\">0x00000000000003e7</Data>\n<Data Name=\"TaskName\">\\Microsoft\\Windows\\WindowsUpdate\\RUXIM\\PLUGScheduler</Data>\n<Data Name=\"TaskContentNew\">&lt;?xml version=\"1.0\" encoding=\"UTF-16\"?&gt;\r\n&lt;Task version=\"1.4\" xmlns=\"http://schemas.microsoft.com/windows/2004/02/mit/task\"&gt;\r\n  &lt;RegistrationInfo&gt;\r\n    &lt;Source&gt;Microsoft Corporation&lt;/Source&gt;\r\n    &lt;Author&gt;Microsoft Corporation&lt;/Author&gt;\r\n    &lt;Version&gt;1.0&lt;/Version&gt;\r\n    &lt;Description&gt;Performs periodic Windows Update maintenance tasks.&lt;/Description&gt;\r\n    &lt;URI&gt;\\Microsoft\\Windows\\WindowsUpdate\\RUXIM\\PLUGScheduler&lt;/URI&gt;\r\n    &lt;SecurityDescriptor&gt;D:P(A;;FA;;;SY)(A;;FRFX;;;LS)(A;;FRFX;;;BA)&lt;/SecurityDescriptor&gt;\r\n  &lt;/RegistrationInfo&gt;\r\n  &lt;Triggers&gt;\r\n    &lt;RegistrationTrigger&gt;\r\n      &lt;Enabled&gt;true&lt;/Enabled&gt;\r\n      &lt;Delay&gt;PT4H&lt;/Delay&gt;\r\n    &lt;/RegistrationTrigger&gt;\r\n    &lt;TimeTrigger&gt;\r\n      &lt;StartBoundary&gt;2024-07-16T07:20:23.420Z&lt;/StartBoundary&gt;\r\n      &lt;Enabled&gt;true&lt;/Enabled&gt;\r\n      &lt;RandomDelay&gt;PT4H&lt;/RandomDelay&gt;\r\n    &lt;/TimeTrigger&gt;\r\n    &lt;LogonTrigger&gt;\r\n      &lt;Enabled&gt;true&lt;/Enabled&gt;\r\n    &lt;/LogonTrigger&gt;\r\n    &lt;CalendarTrigger&gt;\r\n      &lt;StartBoundary&gt;2021-06-11T08:19:18&lt;/StartBoundary&gt;\r\n      &lt;Enabled&gt;true&lt;/Enabled&gt;\r\n      &lt;RandomDelay&gt;PT4H&lt;/RandomDelay&gt;\r\n      &lt;ScheduleByDay&gt;\r\n        &lt;DaysInterval&gt;1&lt;/DaysInterval&gt;\r\n      &lt;/ScheduleByDay&gt;\r\n    &lt;/CalendarTrigger&gt;\r\n  &lt;/Triggers&gt;\r\n  &lt;Principals&gt;\r\n    &lt;Principal id=\"LocalSystem\"&gt;\r\n      &lt;UserId&gt;S-1-5-18&lt;/UserId&gt;\r\n      &lt;RunLevel&gt;HighestAvailable&lt;/RunLevel&gt;\r\n    &lt;/Principal&gt;\r\n  &lt;/Principals&gt;\r\n  &lt;Settings&gt;\r\n    &lt;MultipleInstancesPolicy&gt;IgnoreNew&lt;/MultipleInstancesPolicy&gt;\r\n    &lt;DisallowStartIfOnBatteries&gt;true&lt;/DisallowStartIfOnBatteries&gt;\r\n    &lt;StopIfGoingOnBatteries&gt;false&lt;/StopIfGoingOnBatteries&gt;\r\n    &lt;AllowHardTerminate&gt;true&lt;/AllowHardTerminate&gt;\r\n    &lt;StartWhenAvailable&gt;true&lt;/StartWhenAvailable&gt;\r\n    &lt;RunOnlyIfNetworkAvailable&gt;false&lt;/RunOnlyIfNetworkAvailable&gt;\r\n    &lt;IdleSettings&gt;\r\n      &lt;StopOnIdleEnd&gt;true&lt;/StopOnIdleEnd&gt;\r\n      &lt;RestartOnIdle&gt;false&lt;/RestartOnIdle&gt;\r\n    &lt;/IdleSettings&gt;\r\n    &lt;AllowStartOnDemand&gt;false&lt;/AllowStartOnDemand&gt;\r\n    &lt;Enabled&gt;true&lt;/Enabled&gt;\r\n    &lt;Hidden&gt;true&lt;/Hidden&gt;\r\n    &lt;RunOnlyIfIdle&gt;false&lt;/RunOnlyIfIdle&gt;\r\n    &lt;DisallowStartOnRemoteAppSession&gt;false&lt;/DisallowStartOnRemoteAppSession&gt;\r\n    &lt;UseUnifiedSchedulingEngine&gt;true&lt;/UseUnifiedSchedulingEngine&gt;\r\n    &lt;WakeToRun&gt;false&lt;/WakeToRun&gt;\r\n    &lt;ExecutionTimeLimit&gt;PT4H&lt;/ExecutionTimeLimit&gt;\r\n    &lt;Priority&gt;7&lt;/Priority&gt;\r\n  &lt;/Settings&gt;\r\n  &lt;Actions Context=\"LocalSystem\"&gt;\r\n    &lt;Exec&gt;\r\n      &lt;Command&gt;\"%ProgramFiles%\\RUXIM\\PLUGscheduler.exe\"&lt;/Command&gt;\r\n      &lt;WorkingDirectory&gt;%ProgramFiles%\\RUXIM&lt;/WorkingDirectory&gt;\r\n    &lt;/Exec&gt;\r\n  &lt;/Actions&gt;\r\n&lt;/Task&gt;</Data>\n<Data Name=\"ClientProcessStartKey\">10977524091715671</Data>\n<Data Name=\"ClientProcessId\">3720</Data>\n<Data Name=\"ParentProcessId\">1452</Data>\n<Data Name=\"RpcCallClientLocality\">0</Data>\n<Data Name=\"FQDN\">DESKTOP-EKVR84B</Data>\n</EventData>\n</Event>\n"
31464:    "xml": "<Event xmlns=\"http://schemas.microsoft.com/win/2004/08/events/event\"><System><Provider Name=\"Microsoft-Windows-Security-Auditing\" Guid=\"{54849625-5478-4994-a5ba-3e3b0328c30d}\"></Provider>\n<EventID Qualifiers=\"\">4656</EventID>\n<Version>1</Version>\n<Level>0</Level>\n<Task>12801</Task>\n<Opcode>0</Opcode>\n<Keywords>0x8020000000000000</Keywords>\n<TimeCreated SystemTime=\"2024-07-15 17:00:07.688692+00:00\"></TimeCreated>\n<EventRecordID>173412</EventRecordID>\n<Correlation ActivityID=\"\" RelatedActivityID=\"\"></Correlation>\n<Execution ProcessID=\"4\" ThreadID=\"264\"></Execution>\n<Channel>Security</Channel>\n<Computer>DESKTOP-EKVR84B</Computer>\n<Security UserID=\"\"></Security>\n</System>\n<EventData><Data Name=\"SubjectUserSid\">S-1-5-21-3576963320-1344788273-4164204335-1001</Data>\n<Data Name=\"SubjectUserName\">user</Data>\n<Data Name=\"SubjectDomainName\">DESKTOP-EKVR84B</Data>\n<Data Name=\"SubjectLogonId\">0x000000000001e8f4</Data>\n<Data Name=\"ObjectServer\">Security</Data>\n<Data Name=\"ObjectType\">Key</Data>\n<Data Name=\"ObjectName\">\\REGISTRY\\MACHINE\\SOFTWARE\\Microsoft\\Windows\\CurrentVersion\\Run</Data>\n<Data Name=\"HandleId\">0x0000000000001fbc</Data>\n<Data Name=\"TransactionId\">{00000000-0000-0000-0000-000000000000}</Data>\n<Data Name=\"AccessList\">%%1538\r\n\t\t\t\t%%4432\r\n\t\t\t\t%%4435\r\n\t\t\t\t%%4436\r\n\t\t\t\t</Data>\n<Data Name=\"AccessReason\">-</Data>\n<Data Name=\"AccessMask\">0x00020019</Data>\n<Data Name=\"PrivilegeList\">-</Data>\n<Data Name=\"RestrictedSidCount\">0</Data>\n<Data Name=\"ProcessId\">0x0000000000001358</Data>\n<Data Name=\"ProcessName\">C:\\Windows\\explorer.exe</Data>\n<Data Name=\"ResourceAttributes\">-</Data>\n</EventData>\n</Event>\n"
31470:    "xml": "<Event xmlns=\"http://schemas.microsoft.com/win/2004/08/events/event\"><System><Provider Name=\"Microsoft-Windows-Security-Auditing\" Guid=\"{54849625-5478-4994-a5ba-3e3b0328c30d}\"></Provider>\n<EventID Qualifiers=\"\">4663</EventID>\n<Version>1</Version>\n<Level>0</Level>\n<Task>12801</Task>\n<Opcode>0</Opcode>\n<Keywords>0x8020000000000000</Keywords>\n<TimeCreated SystemTime=\"2024-07-15 17:00:07.688726+00:00\"></TimeCreated>\n<EventRecordID>173413</EventRecordID>\n<Correlation ActivityID=\"\" RelatedActivityID=\"\"></Correlation>\n<Execution ProcessID=\"4\" ThreadID=\"264\"></Execution>\n<Channel>Security</Channel>\n<Computer>DESKTOP-EKVR84B</Computer>\n<Security UserID=\"\"></Security>\n</System>\n<EventData><Data Name=\"SubjectUserSid\">S-1-5-21-3576963320-1344788273-4164204335-1001</Data>\n<Data Name=\"SubjectUserName\">user</Data>\n<Data Name=\"SubjectDomainName\">DESKTOP-EKVR84B</Data>\n<Data Name=\"SubjectLogonId\">0x000000000001e8f4</Data>\n<Data Name=\"ObjectServer\">Security</Data>\n<Data Name=\"ObjectType\">Key</Data>\n<Data Name=\"ObjectName\">\\REGISTRY\\MACHINE\\SOFTWARE\\Microsoft\\Windows\\CurrentVersion\\Run</Data>\n<Data Name=\"HandleId\">0x0000000000001fbc</Data>\n<Data Name=\"AccessList\">%%4432\r\n\t\t\t\t</Data>\n<Data Name=\"AccessMask\">0x00000001</Data>\n<Data Name=\"ProcessId\">0x0000000000001358</Data>\n<Data Name=\"ProcessName\">C:\\Windows\\explorer.exe</Data>\n<Data Name=\"ResourceAttributes\">-</Data>\n</EventData>\n</Event>\n"
