19350:    "xml": "<Event xmlns=\"http://schemas.microsoft.com/win/2004/08/events/event\"><System><Provider Name=\"Microsoft-Windows-Security-Auditing\" Guid=\"{54849625-5478-4994-a5ba-3e3b0328c30d}\"></Provider>\n<EventID Qualifiers=\"\">4702</EventID>\n<Version>1</Version>\n<Level>0</Level>\n<Task>12804</Task>\n<Opcode>0</Opcode>\n<Keywords>0x8020000000000000</Keywords>\n<TimeCreated SystemTime=\"2024-07-15 16:47:02.255569+00:00\"></TimeCreated>\n<EventRecordID>171513</EventRecordID>\n<Correlation ActivityID=\"{8a8c95d9-d6d6-0000-0397-8c8ad6d6da01}\" RelatedActivityID=\"\"></Correlation>\n<Execution ProcessID=\"684\" ThreadID=\"3324\"></Execution>\n<Channel>Security</Channel>\n<Computer>DESKTOP-EKVR84B</Computer>\n<Security UserID=\"\"></Security>\n</System>\n<EventData><Data Name=\"SubjectUserSid\">S-1-5-18</Data>\n<Data Name=\"SubjectUserName\">DESKTOP-EKVR84B$</Data>\n<Data Name=\"SubjectDomainName\">WORKGROUP</Data>\n<Data Name=\"SubjectLogonId\">0x00000000000003e7</Data>\n<Data Name=\"TaskName\">\\Microsoft\\Windows\\WindowsUpdate\\RUXIM\\PLUGScheduler</Data>\n<Data Name=\"TaskContentNew\">&lt;?xml version=\"1.0\" encoding=\"UTF-16\"?&gt;\r\n&lt;Task version=\"1.4\" xmlns=\"http://schemas.microsoft.com/windows/2004/02/mit/task\"&gt;\r\n  &lt;RegistrationInfo&gt;\r\n    &lt;Source&gt;Microsoft Corporation&lt;/Source&gt;\r\n    &lt;Author&gt;Microsoft Corporation&lt;/Author&gt;\r\n    &lt;Version&gt;1.0&lt;/Version&gt;\r\n    &lt;Description&gt;Performs periodic Windows Update maintenance tasks.&lt;/Description&gt;\r\n    &lt;URI&gt;\\Microsoft\\Windows\\WindowsUpdate\\RUXIM\\PLUGScheduler&lt;/URI&gt;\r\n    &lt;SecurityDescriptor&gt;D:P(A;;FA;;;SY)(A;;FRFX;;;LS)(A;;FRFX;;;BA)&lt;/SecurityDescriptor&gt;\r\n  &lt;/RegistrationInfo&gt;\r\n  &lt;Triggers&gt;\r\n    &lt;RegistrationTrigger&gt;\r\n      &lt;Enabled&gt;true&lt;/Enabled&gt;\r\n      &lt;Delay&gt;PT4H&lt;/Delay&gt;\r\n    &lt;/RegistrationTrigger&gt;\r\n    &lt;TimeTrigger&gt;\r\n      &lt;StartBoundary&gt;2024-07-16T07:20:23.420Z&lt;/StartBoundary&gt;\r\n      &lt;Enabled&gt;true&lt;/Enabled&gt;\r\n      &lt;RandomDelay&gt;PT4H&lt;/RandomDelay&gt;\r\n    &lt;/TimeTrigger&gt;\r\n    &lt;LogonTrigger&gt;\r\n      &lt;Enabled&gt;true&lt;/Enabled&gt;\r\n    &lt;/LogonTrigger&gt;\r\n    &lt;CalendarTrigger&gt;\r\n      &lt;StartBoundary&gt;2021-06-11T08:19:18&lt;/StartBoundary&gt;\r\n      &lt;Enabled&gt;true&lt;/Enabled&gt;\r\n      &lt;RandomDelay&gt;PT4H&lt;/RandomDelay&gt;\r\n      &lt;ScheduleByDay&gt;\r\n        &lt;DaysInterval&gt;1&lt;/DaysInterval&gt;\r\n      &lt;/ScheduleByDay&gt;\r\n    &lt;/CalendarTrigger&gt;\r\n  &lt;/Triggers&gt;\r\n  &lt;Principals&gt;\r\n    &lt;Principal id=\"LocalSystem\"&gt;\r\n      &lt;UserId&gt;S-1-5-18&lt;/UserId&gt;\r\n      &lt;RunLevel&gt;HighestAvailable&lt;/RunLevel&gt;\r\n    &lt;/Principal&gt;\r\n  &lt;/Principals&gt;\r\n  &lt;Settings&gt;\r\n    &lt;MultipleInstancesPolicy&gt;IgnoreNew&lt;/MultipleInstancesPolicy&gt;\r\n    &lt;DisallowStartIfOnBatteries&gt;true&lt;/DisallowStartIfOnBatteries&gt;\r\n    &lt;StopIfGoingOnBatteries&gt;false&lt;/StopIfGoingOnBatteries&gt;\r\n    &lt;AllowHardTerminate&gt;true&lt;/AllowHardTerminate&gt;\r\n    &lt;StartWhenAvailable&gt;true&lt;/StartWhenAvailable&gt;\r\n    &lt;RunOnlyIfNetworkAvailable&gt;false&lt;/RunOnlyIfNetworkAvailable&gt;\r\n    &lt;IdleSettings&gt;\r\n      &lt;StopOnIdleEnd&gt;true&lt;/StopOnIdleEnd&gt;\r\n      &lt;RestartOnIdle&gt;false&lt;/RestartOnIdle&gt;\r\n    &lt;/IdleSettings&gt;\r\n    &lt;AllowStartOnDemand&gt;false&lt;/AllowStartOnDemand&gt;\r\n    &lt;Enabled&gt;true&lt;/Enabled&gt;\r\n    &lt;Hidden&gt;true&lt;/Hidden&gt;\r\n    &lt;RunOnlyIfIdle&gt;false&lt;/RunOnlyIfIdle&gt;\r\n    &lt;DisallowStartOnRemoteAppSession&gt;false&lt;/DisallowStartOnRemoteAppSession&gt;\r\n    &lt;UseUnifiedSchedulingEngine&gt;true&lt;/UseUnifiedSchedulingEngine&gt;\r\n    &lt;WakeToRun&gt;false&lt;/WakeToRun&gt;\r\n    &lt;ExecutionTimeLimit&gt;PT4H&lt;/ExecutionTimeLimit&gt;\r\n    &lt;Priority&gt;7&lt;/Priority&gt;\r\n  &lt;/Settings&gt;\r\n  &lt;Actions Context=\"LocalSystem\"&gt;\r\n    &lt;Exec&gt;\r\n      &lt;Command&gt;\"%ProgramFiles%\\RUXIM\\PLUGscheduler.exe\"&lt;/Command&gt;\r\n      &lt;WorkingDirectory&gt;%ProgramFiles%\\RUXIM&lt;/WorkingDirectory&gt;\r\n    &lt;/Exec&gt;\r\n  &lt;/Actions&gt;\r\n&lt;/Task&gt;</Data>\n<Data Name=\"ClientProcessStartKey\">10696049115005028</Data>\n<Data Name=\"ClientProcessId\">4144</Data>\n<Data Name=\"ParentProcessId\">1292</Data>\n<Data Name=\"RpcCallClientLocality\">0</Data>\n<Data Name=\"FQDN\">DESKTOP-EKVR84B</Data>\n</EventData>\n</Event>\n"
19560:    "xml": "<Event xmlns=\"http://schemas.microsoft.com/win/2004/08/events/event\"><System><Provider Name=\"Microsoft-Windows-Security-Auditing\" Guid=\"{54849625-5478-4994-a5ba-3e3b0328c30d}\"></Provider>\n<EventID Qualifiers=\"\">4656</EventID>\n<Version>1</Version>\n<Level>0</Level>\n<Task>12801</Task>\n<Opcode>0</Opcode>\n<Keywords>0x8020000000000000</Keywords>\n<TimeCreated SystemTime=\"2024-07-15 16:47:08.774860+00:00\"></TimeCreated>\n<EventRecordID>171541</EventRecordID>\n<Correlation ActivityID=\"\" RelatedActivityID=\"\"></Correlation>\n<Execution ProcessID=\"4\" ThreadID=\"6544\"></Execution>\n<Channel>Security</Channel>\n<Computer>DESKTOP-EKVR84B</Computer>\n<Security UserID=\"\"></Security>\n</System>\n<EventData><Data Name=\"SubjectUserSid\">S-1-5-21-3576963320-1344788273-4164204335-1001</Data>\n<Data Name=\"SubjectUserName\">user</Data>\n<Data Name=\"SubjectDomainName\">DESKTOP-EKVR84B</Data>\n<Data Name=\"SubjectLogonId\">0x0000000000023d37</Data>\n<Data Name=\"ObjectServer\">Security</Data>\n<Data Name=\"ObjectType\">Key</Data>\n<Data Name=\"ObjectName\">\\REGISTRY\\MACHINE\\SOFTWARE\\Microsoft\\Windows\\CurrentVersion\\Run</Data>\n<Data Name=\"HandleId\">0x0000000000002004</Data>\n<Data Name=\"TransactionId\">{00000000-0000-0000-0000-000000000000}</Data>\n<Data Name=\"AccessList\">%%1538\r\n\t\t\t\t%%4432\r\n\t\t\t\t%%4435\r\n\t\t\t\t%%4436\r\n\t\t\t\t</Data>\n<Data Name=\"AccessReason\">-</Data>\n<Data Name=\"AccessMask\">0x00020019</Data>\n<Data Name=\"PrivilegeList\">-</Data>\n<Data Name=\"RestrictedSidCount\">0</Data>\n<Data Name=\"ProcessId\">0x0000000000001544</Data>\n<Data Name=\"ProcessName\">C:\\Windows\\explorer.exe</Data>\n<Data Name=\"ResourceAttributes\">-</Data>\n</EventData>\n</Event>\n"
19566:    "xml": "<Event xmlns=\"http://schemas.microsoft.com/win/2004/08/events/event\"><System><Provider Name=\"Microsoft-Windows-Security-Auditing\" Guid=\"{54849625-5478-4994-a5ba-3e3b0328c30d}\"></Provider>\n<EventID Qualifiers=\"\">4663</EventID>\n<Version>1</Version>\n<Level>0</Level>\n<Task>12801</Task>\n<Opcode>0</Opcode>\n<Keywords>0x8020000000000000</Keywords>\n<TimeCreated SystemTime=\"2024-07-15 16:47:08.774864+00:00\"></TimeCreated>\n<EventRecordID>171542</EventRecordID>\n<Correlation ActivityID=\"\" RelatedActivityID=\"\"></Correlation>\n<Execution ProcessID=\"4\" ThreadID=\"6544\"></Execution>\n<Channel>Security</Channel>\n<Computer>DESKTOP-EKVR84B</Computer>\n<Security UserID=\"\"></Security>\n</System>\n<EventData><Data Name=\"SubjectUserSid\">S-1-5-21-3576963320-1344788273-4164204335-1001</Data>\n<Data Name=\"SubjectUserName\">user</Data>\n<Data Name=\"SubjectDomainName\">DESKTOP-EKVR84B</Data>\n<Data Name=\"SubjectLogonId\">0x0000000000023d37</Data>\n<Data Name=\"ObjectServer\">Security</Data>\n<Data Name=\"ObjectType\">Key</Data>\n<Data Name=\"ObjectName\">\\REGISTRY\\MACHINE\\SOFTWARE\\Microsoft\\Windows\\CurrentVersion\\Run</Data>\n<Data Name=\"HandleId\">0x0000000000002004</Data>\n<Data Name=\"AccessList\">%%4432\r\n\t\t\t\t</Data>\n<Data Name=\"AccessMask\">0x00000001</Data>\n<Data Name=\"ProcessId\">0x0000000000001544</Data>\n<Data Name=\"ProcessName\">C:\\Windows\\explorer.exe</Data>\n<Data Name=\"ResourceAttributes\">-</Data>\n</EventData>\n</Event>\n"
20736:    "xml": "<Event xmlns=\"http://schemas.microsoft.com/win/2004/08/events/event\"><System><Provider Name=\"Microsoft-Windows-Security-Auditing\" Guid=\"{54849625-5478-4994-a5ba-3e3b0328c30d}\"></Provider>\n<EventID Qualifiers=\"\">4702</EventID>\n<Version>1</Version>\n<Level>0</Level>\n<Task>12804</Task>\n<Opcode>0</Opcode>\n<Keywords>0x8020000000000000</Keywords>\n<TimeCreated SystemTime=\"2024-07-15 16:47:33.894093+00:00\"></TimeCreated>\n<EventRecordID>171736</EventRecordID>\n<Correlation ActivityID=\"{8a8c95d9-d6d6-0000-0397-8c8ad6d6da01}\" RelatedActivityID=\"\"></Correlation>\n<Execution ProcessID=\"684\" ThreadID=\"4108\"></Execution>\n<Channel>Security</Channel>\n<Computer>DESKTOP-EKVR84B</Computer>\n<Security UserID=\"\"></Security>\n</System>\n<EventData><Data Name=\"SubjectUserSid\">S-1-5-20</Data>\n<Data Name=\"SubjectUserName\">DESKTOP-EKVR84B$</Data>\n<Data Name=\"SubjectDomainName\">WORKGROUP</Data>\n<Data Name=\"SubjectLogonId\">0x00000000000003e4</Data>\n<Data Name=\"TaskName\">\\Microsoft\\Windows\\SoftwareProtectionPlatform\\SvcRestartTask</Data>\n<Data Name=\"TaskContentNew\">&lt;?xml version=\"1.0\" encoding=\"UTF-16\"?&gt;\r\n&lt;Task version=\"1.6\" xmlns=\"http://schemas.microsoft.com/windows/2004/02/mit/task\"&gt;\r\n  &lt;RegistrationInfo&gt;\r\n    &lt;Source&gt;$(@%systemroot%\\system32\\sppc.dll,-200)&lt;/Source&gt;\r\n    &lt;Author&gt;$(@%systemroot%\\system32\\sppc.dll,-200)&lt;/Author&gt;\r\n    &lt;Version&gt;1.0&lt;/Version&gt;\r\n    &lt;Description&gt;$(@%systemroot%\\system32\\sppc.dll,-201)&lt;/Description&gt;\r\n    &lt;URI&gt;\\Microsoft\\Windows\\SoftwareProtectionPlatform\\SvcRestartTask&lt;/URI&gt;\r\n    &lt;SecurityDescriptor&gt;D:P(A;;FA;;;SY)(A;;FA;;;BA)(A;;FA;;;S-1-5-80-123231216-2592883651-3715271367-3753151631-4175906628)(A;;FR;;;S-1-5-87-2912274048-3994893941-1669128114-1310430903-1263774323)&lt;/SecurityDescriptor&gt;\r\n  &lt;/RegistrationInfo&gt;\r\n  &lt;Triggers&gt;\r\n    &lt;CalendarTrigger&gt;\r\n      &lt;StartBoundary&gt;2024-07-16T16:46:33Z&lt;/StartBoundary&gt;\r\n      &lt;Enabled&gt;true&lt;/Enabled&gt;\r\n      &lt;ScheduleByDay&gt;\r\n        &lt;DaysInterval&gt;1&lt;/DaysInterval&gt;\r\n      &lt;/ScheduleByDay&gt;\r\n    &lt;/CalendarTrigger&gt;\r\n  &lt;/Triggers&gt;\r\n  &lt;Principals&gt;\r\n    &lt;Principal id=\"NetworkService\"&gt;\r\n      &lt;UserId&gt;S-1-5-20&lt;/UserId&gt;\r\n      &lt;RunLevel&gt;LeastPrivilege&lt;/RunLevel&gt;\r\n    &lt;/Principal&gt;\r\n  &lt;/Principals&gt;\r\n  &lt;Settings&gt;\r\n    &lt;MultipleInstancesPolicy&gt;IgnoreNew&lt;/MultipleInstancesPolicy&gt;\r\n    &lt;DisallowStartIfOnBatteries&gt;false&lt;/DisallowStartIfOnBatteries&gt;\r\n    &lt;StopIfGoingOnBatteries&gt;false&lt;/StopIfGoingOnBatteries&gt;\r\n    &lt;AllowHardTerminate&gt;false&lt;/AllowHardTerminate&gt;\r\n    &lt;StartWhenAvailable&gt;true&lt;/StartWhenAvailable&gt;\r\n    &lt;RunOnlyIfNetworkAvailable&gt;false&lt;/RunOnlyIfNetworkAvailable&gt;\r\n    &lt;IdleSettings&gt;\r\n      &lt;StopOnIdleEnd&gt;true&lt;/StopOnIdleEnd&gt;\r\n      &lt;RestartOnIdle&gt;false&lt;/RestartOnIdle&gt;\r\n    &lt;/IdleSettings&gt;\r\n    &lt;AllowStartOnDemand&gt;true&lt;/AllowStartOnDemand&gt;\r\n    &lt;Enabled&gt;true&lt;/Enabled&gt;\r\n    &lt;Hidden&gt;true&lt;/Hidden&gt;\r\n    &lt;RunOnlyIfIdle&gt;false&lt;/RunOnlyIfIdle&gt;\r\n    &lt;DisallowStartOnRemoteAppSession&gt;false&lt;/DisallowStartOnRemoteAppSession&gt;\r\n    &lt;UseUnifiedSchedulingEngine&gt;true&lt;/UseUnifiedSchedulingEngine&gt;\r\n    &lt;WakeToRun&gt;false&lt;/WakeToRun&gt;\r\n    &lt;ExecutionTimeLimit&gt;PT0S&lt;/ExecutionTimeLimit&gt;\r\n    &lt;Priority&gt;7&lt;/Priority&gt;\r\n    &lt;RestartOnFailure&gt;\r\n      &lt;Interval&gt;PT1M&lt;/Interval&gt;\r\n      &lt;Count&gt;3&lt;/Count&gt;\r\n    &lt;/RestartOnFailure&gt;\r\n  &lt;/Settings&gt;\r\n  &lt;Actions Context=\"NetworkService\"&gt;\r\n    &lt;ComHandler&gt;\r\n      &lt;ClassId&gt;{B1AEBB5D-EAD9-4476-B375-9C3ED9F32AFC}&lt;/ClassId&gt;\r\n      &lt;Data&gt;&lt;![CDATA[timer]]&gt;&lt;/Data&gt;\r\n    &lt;/ComHandler&gt;\r\n  &lt;/Actions&gt;\r\n&lt;/Task&gt;</Data>\n<Data Name=\"ClientProcessStartKey\">10696049115005039</Data>\n<Data Name=\"ClientProcessId\">4876</Data>\n<Data Name=\"ParentProcessId\">656</Data>\n<Data Name=\"RpcCallClientLocality\">0</Data>\n<Data Name=\"FQDN\">DESKTOP-EKVR84B</Data>\n</EventData>\n</Event>\n"
20952:    "xml": "<Event xmlns=\"http://schemas.microsoft.com/win/2004/08/events/event\"><System><Provider Name=\"Microsoft-Windows-Security-Auditing\" Guid=\"{54849625-5478-4994-a5ba-3e3b0328c30d}\"></Provider>\n<EventID Qualifiers=\"\">4702</EventID>\n<Version>1</Version>\n<Level>0</Level>\n<Task>12804</Task>\n<Opcode>0</Opcode>\n<Keywords>0x8020000000000000</Keywords>\n<TimeCreated SystemTime=\"2024-07-15 16:47:50.471628+00:00\"></TimeCreated>\n<EventRecordID>171771</EventRecordID>\n<Correlation ActivityID=\"{8a8c95d9-d6d6-0000-0397-8c8ad6d6da01}\" RelatedActivityID=\"\"></Correlation>\n<Execution ProcessID=\"684\" ThreadID=\"3324\"></Execution>\n<Channel>Security</Channel>\n<Computer>DESKTOP-EKVR84B</Computer>\n<Security UserID=\"\"></Security>\n</System>\n<EventData><Data Name=\"SubjectUserSid\">S-1-5-18</Data>\n<Data Name=\"SubjectUserName\">DESKTOP-EKVR84B$</Data>\n<Data Name=\"SubjectDomainName\">WORKGROUP</Data>\n<Data Name=\"SubjectLogonId\">0x00000000000003e7</Data>\n<Data Name=\"TaskName\">\\Microsoft\\Windows\\UpdateOrchestrator\\Schedule Work</Data>\n<Data Name=\"TaskContentNew\">&lt;?xml version=\"1.0\" encoding=\"UTF-16\"?&gt;\r\n&lt;Task version=\"1.2\" xmlns=\"http://schemas.microsoft.com/windows/2004/02/mit/task\"&gt;\r\n  &lt;RegistrationInfo&gt;\r\n    &lt;URI&gt;\\Microsoft\\Windows\\UpdateOrchestrator\\Schedule Work&lt;/URI&gt;\r\n    &lt;SecurityDescriptor&gt;D:P(A;;FA;;;SY)(A;;FRFX;;;LS)(A;;FRFX;;;BA)&lt;/SecurityDescriptor&gt;\r\n  &lt;/RegistrationInfo&gt;\r\n  &lt;Triggers&gt;\r\n    &lt;TimeTrigger&gt;\r\n      &lt;StartBoundary&gt;2024-07-16T00:48:42-07:00&lt;/StartBoundary&gt;\r\n      &lt;Enabled&gt;true&lt;/Enabled&gt;\r\n    &lt;/TimeTrigger&gt;\r\n  &lt;/Triggers&gt;\r\n  &lt;Principals&gt;\r\n    &lt;Principal id=\"Author\"&gt;\r\n      &lt;RunLevel&gt;LeastPrivilege&lt;/RunLevel&gt;\r\n      &lt;UserId&gt;S-1-5-18&lt;/UserId&gt;\r\n    &lt;/Principal&gt;\r\n  &lt;/Principals&gt;\r\n  &lt;Settings&gt;\r\n    &lt;MultipleInstancesPolicy&gt;IgnoreNew&lt;/MultipleInstancesPolicy&gt;\r\n    &lt;DisallowStartIfOnBatteries&gt;true&lt;/DisallowStartIfOnBatteries&gt;\r\n    &lt;StopIfGoingOnBatteries&gt;true&lt;/StopIfGoingOnBatteries&gt;\r\n    &lt;AllowHardTerminate&gt;true&lt;/AllowHardTerminate&gt;\r\n    &lt;StartWhenAvailable&gt;true&lt;/StartWhenAvailable&gt;\r\n    &lt;RunOnlyIfNetworkAvailable&gt;false&lt;/RunOnlyIfNetworkAvailable&gt;\r\n    &lt;IdleSettings&gt;\r\n      &lt;Duration&gt;PT10M&lt;/Duration&gt;\r\n      &lt;WaitTimeout&gt;PT1H&lt;/WaitTimeout&gt;\r\n      &lt;StopOnIdleEnd&gt;true&lt;/StopOnIdleEnd&gt;\r\n      &lt;RestartOnIdle&gt;false&lt;/RestartOnIdle&gt;\r\n    &lt;/IdleSettings&gt;\r\n    &lt;AllowStartOnDemand&gt;true&lt;/AllowStartOnDemand&gt;\r\n    &lt;Enabled&gt;false&lt;/Enabled&gt;\r\n    &lt;Hidden&gt;false&lt;/Hidden&gt;\r\n    &lt;RunOnlyIfIdle&gt;false&lt;/RunOnlyIfIdle&gt;\r\n    &lt;WakeToRun&gt;false&lt;/WakeToRun&gt;\r\n    &lt;ExecutionTimeLimit&gt;PT72H&lt;/ExecutionTimeLimit&gt;\r\n    &lt;Priority&gt;7&lt;/Priority&gt;\r\n  &lt;/Settings&gt;\r\n  &lt;Actions Context=\"Author\"&gt;\r\n    &lt;Exec&gt;\r\n      &lt;Command&gt;%systemroot%\\system32\\usoclient.exe&lt;/Command&gt;\r\n      &lt;Arguments&gt;StartWork&lt;/Arguments&gt;\r\n    &lt;/Exec&gt;\r\n  &lt;/Actions&gt;\r\n&lt;/Task&gt;</Data>\n<Data Name=\"ClientProcessStartKey\">10696049115005083</Data>\n<Data Name=\"ClientProcessId\">6696</Data>\n<Data Name=\"ParentProcessId\">784</Data>\n<Data Name=\"RpcCallClientLocality\">0</Data>\n<Data Name=\"FQDN\">DESKTOP-EKVR84B</Data>\n</EventData>\n</Event>\n"
20958:    "xml": "<Event xmlns=\"http://schemas.microsoft.com/win/2004/08/events/event\"><System><Provider Name=\"Microsoft-Windows-Security-Auditing\" Guid=\"{54849625-5478-4994-a5ba-3e3b0328c30d}\"></Provider>\n<EventID Qualifiers=\"\">4702</EventID>\n<Version>1</Version>\n<Level>0</Level>\n<Task>12804</Task>\n<Opcode>0</Opcode>\n<Keywords>0x8020000000000000</Keywords>\n<TimeCreated SystemTime=\"2024-07-15 16:47:50.492668+00:00\"></TimeCreated>\n<EventRecordID>171772</EventRecordID>\n<Correlation ActivityID=\"{8a8c95d9-d6d6-0000-0397-8c8ad6d6da01}\" RelatedActivityID=\"\"></Correlation>\n<Execution ProcessID=\"684\" ThreadID=\"3324\"></Execution>\n<Channel>Security</Channel>\n<Computer>DESKTOP-EKVR84B</Computer>\n<Security UserID=\"\"></Security>\n</System>\n<EventData><Data Name=\"SubjectUserSid\">S-1-5-18</Data>\n<Data Name=\"SubjectUserName\">DESKTOP-EKVR84B$</Data>\n<Data Name=\"SubjectDomainName\">WORKGROUP</Data>\n<Data Name=\"SubjectLogonId\">0x00000000000003e7</Data>\n<Data Name=\"TaskName\">\\Microsoft\\Windows\\UpdateOrchestrator\\Schedule Work</Data>\n<Data Name=\"TaskContentNew\">&lt;?xml version=\"1.0\" encoding=\"UTF-16\"?&gt;\r\n&lt;Task version=\"1.2\" xmlns=\"http://schemas.microsoft.com/windows/2004/02/mit/task\"&gt;\r\n  &lt;RegistrationInfo&gt;\r\n    &lt;URI&gt;\\Microsoft\\Windows\\UpdateOrchestrator\\Schedule Work&lt;/URI&gt;\r\n    &lt;SecurityDescriptor&gt;D:P(A;;FA;;;SY)(A;;FRFX;;;LS)(A;;FRFX;;;BA)&lt;/SecurityDescriptor&gt;\r\n  &lt;/RegistrationInfo&gt;\r\n  &lt;Triggers&gt;\r\n    &lt;TimeTrigger&gt;\r\n      &lt;StartBoundary&gt;2024-07-16T00:48:42-07:00&lt;/StartBoundary&gt;\r\n      &lt;Enabled&gt;true&lt;/Enabled&gt;\r\n    &lt;/TimeTrigger&gt;\r\n  &lt;/Triggers&gt;\r\n  &lt;Principals&gt;\r\n    &lt;Principal id=\"Author\"&gt;\r\n      &lt;UserId&gt;S-1-5-18&lt;/UserId&gt;\r\n      &lt;RunLevel&gt;LeastPrivilege&lt;/RunLevel&gt;\r\n    &lt;/Principal&gt;\r\n  &lt;/Principals&gt;\r\n  &lt;Settings&gt;\r\n    &lt;MultipleInstancesPolicy&gt;IgnoreNew&lt;/MultipleInstancesPolicy&gt;\r\n    &lt;DisallowStartIfOnBatteries&gt;true&lt;/DisallowStartIfOnBatteries&gt;\r\n    &lt;StopIfGoingOnBatteries&gt;true&lt;/StopIfGoingOnBatteries&gt;\r\n    &lt;AllowHardTerminate&gt;true&lt;/AllowHardTerminate&gt;\r\n    &lt;StartWhenAvailable&gt;true&lt;/StartWhenAvailable&gt;\r\n    &lt;RunOnlyIfNetworkAvailable&gt;false&lt;/RunOnlyIfNetworkAvailable&gt;\r\n    &lt;IdleSettings&gt;\r\n      &lt;Duration&gt;PT10M&lt;/Duration&gt;\r\n      &lt;WaitTimeout&gt;PT1H&lt;/WaitTimeout&gt;\r\n      &lt;StopOnIdleEnd&gt;true&lt;/StopOnIdleEnd&gt;\r\n      &lt;RestartOnIdle&gt;false&lt;/RestartOnIdle&gt;\r\n    &lt;/IdleSettings&gt;\r\n    &lt;AllowStartOnDemand&gt;true&lt;/AllowStartOnDemand&gt;\r\n    &lt;Enabled&gt;false&lt;/Enabled&gt;\r\n    &lt;Hidden&gt;false&lt;/Hidden&gt;\r\n    &lt;RunOnlyIfIdle&gt;false&lt;/RunOnlyIfIdle&gt;\r\n    &lt;WakeToRun&gt;false&lt;/WakeToRun&gt;\r\n    &lt;ExecutionTimeLimit&gt;PT72H&lt;/ExecutionTimeLimit&gt;\r\n    &lt;Priority&gt;7&lt;/Priority&gt;\r\n  &lt;/Settings&gt;\r\n  &lt;Actions Context=\"Author\"&gt;\r\n    &lt;Exec&gt;\r\n      &lt;Command&gt;%systemroot%\\system32\\usoclient.exe&lt;/Command&gt;\r\n      &lt;Arguments&gt;StartWork&lt;/Arguments&gt;\r\n    &lt;/Exec&gt;\r\n  &lt;/Actions&gt;\r\n&lt;/Task&gt;</Data>\n<Data Name=\"ClientProcessStartKey\">10696049115005086</Data>\n<Data Name=\"ClientProcessId\">7100</Data>\n<Data Name=\"ParentProcessId\">656</Data>\n<Data Name=\"RpcCallClientLocality\">0</Data>\n<Data Name=\"FQDN\">DESKTOP-EKVR84B</Data>\n</EventData>\n</Event>\n"
20964:    "xml": "<Event xmlns=\"http://schemas.microsoft.com/win/2004/08/events/event\"><System><Provider Name=\"Microsoft-Windows-Security-Auditing\" Guid=\"{54849625-5478-4994-a5ba-3e3b0328c30d}\"></Provider>\n<EventID Qualifiers=\"\">4702</EventID>\n<Version>1</Version>\n<Level>0</Level>\n<Task>12804</Task>\n<Opcode>0</Opcode>\n<Keywords>0x8020000000000000</Keywords>\n<TimeCreated SystemTime=\"2024-07-15 16:47:50.512505+00:00\"></TimeCreated>\n<EventRecordID>171773</EventRecordID>\n<Correlation ActivityID=\"{8a8c95d9-d6d6-0000-0397-8c8ad6d6da01}\" RelatedActivityID=\"\"></Correlation>\n<Execution ProcessID=\"684\" ThreadID=\"3324\"></Execution>\n<Channel>Security</Channel>\n<Computer>DESKTOP-EKVR84B</Computer>\n<Security UserID=\"\"></Security>\n</System>\n<EventData><Data Name=\"SubjectUserSid\">S-1-5-18</Data>\n<Data Name=\"SubjectUserName\">DESKTOP-EKVR84B$</Data>\n<Data Name=\"SubjectDomainName\">WORKGROUP</Data>\n<Data Name=\"SubjectLogonId\">0x00000000000003e7</Data>\n<Data Name=\"TaskName\">\\Microsoft\\Windows\\UpdateOrchestrator\\Schedule Wake To Work</Data>\n<Data Name=\"TaskContentNew\">&lt;?xml version=\"1.0\" encoding=\"UTF-16\"?&gt;\r\n&lt;Task version=\"1.2\" xmlns=\"http://schemas.microsoft.com/windows/2004/02/mit/task\"&gt;\r\n  &lt;RegistrationInfo&gt;\r\n    &lt;URI&gt;\\Microsoft\\Windows\\UpdateOrchestrator\\Schedule Wake To Work&lt;/URI&gt;\r\n    &lt;SecurityDescriptor&gt;D:P(A;;FA;;;SY)(A;;FRFX;;;LS)(A;;FRFX;;;BA)&lt;/SecurityDescriptor&gt;\r\n  &lt;/RegistrationInfo&gt;\r\n  &lt;Triggers /&gt;\r\n  &lt;Principals&gt;\r\n    &lt;Principal id=\"Author\"&gt;\r\n      &lt;RunLevel&gt;LeastPrivilege&lt;/RunLevel&gt;\r\n      &lt;UserId&gt;S-1-5-18&lt;/UserId&gt;\r\n    &lt;/Principal&gt;\r\n  &lt;/Principals&gt;\r\n  &lt;Settings&gt;\r\n    &lt;MultipleInstancesPolicy&gt;IgnoreNew&lt;/MultipleInstancesPolicy&gt;\r\n    &lt;DisallowStartIfOnBatteries&gt;true&lt;/DisallowStartIfOnBatteries&gt;\r\n    &lt;StopIfGoingOnBatteries&gt;true&lt;/StopIfGoingOnBatteries&gt;\r\n    &lt;AllowHardTerminate&gt;true&lt;/AllowHardTerminate&gt;\r\n    &lt;StartWhenAvailable&gt;false&lt;/StartWhenAvailable&gt;\r\n    &lt;RunOnlyIfNetworkAvailable&gt;false&lt;/RunOnlyIfNetworkAvailable&gt;\r\n    &lt;IdleSettings&gt;\r\n      &lt;Duration&gt;PT10M&lt;/Duration&gt;\r\n      &lt;WaitTimeout&gt;PT1H&lt;/WaitTimeout&gt;\r\n      &lt;StopOnIdleEnd&gt;true&lt;/StopOnIdleEnd&gt;\r\n      &lt;RestartOnIdle&gt;false&lt;/RestartOnIdle&gt;\r\n    &lt;/IdleSettings&gt;\r\n    &lt;AllowStartOnDemand&gt;true&lt;/AllowStartOnDemand&gt;\r\n    &lt;Enabled&gt;false&lt;/Enabled&gt;\r\n    &lt;Hidden&gt;false&lt;/Hidden&gt;\r\n    &lt;RunOnlyIfIdle&gt;false&lt;/RunOnlyIfIdle&gt;\r\n    &lt;WakeToRun&gt;false&lt;/WakeToRun&gt;\r\n    &lt;ExecutionTimeLimit&gt;PT72H&lt;/ExecutionTimeLimit&gt;\r\n    &lt;Priority&gt;7&lt;/Priority&gt;\r\n  &lt;/Settings&gt;\r\n  &lt;Actions Context=\"Author\"&gt;\r\n    &lt;Exec&gt;\r\n      &lt;Command&gt;%systemroot%\\system32\\usoclient.exe&lt;/Command&gt;\r\n      &lt;Arguments&gt;StartWork&lt;/Arguments&gt;\r\n    &lt;/Exec&gt;\r\n  &lt;/Actions&gt;\r\n&lt;/Task&gt;</Data>\n<Data Name=\"ClientProcessStartKey\">10696049115005083</Data>\n<Data Name=\"ClientProcessId\">6696</Data>\n<Data Name=\"ParentProcessId\">784</Data>\n<Data Name=\"RpcCallClientLocality\">0</Data>\n<Data Name=\"FQDN\">DESKTOP-EKVR84B</Data>\n</EventData>\n</Event>\n"
20970:    "xml": "<Event xmlns=\"http://schemas.microsoft.com/win/2004/08/events/event\"><System><Provider Name=\"Microsoft-Windows-Security-Auditing\" Guid=\"{54849625-5478-4994-a5ba-3e3b0328c30d}\"></Provider>\n<EventID Qualifiers=\"\">4702</EventID>\n<Version>1</Version>\n<Level>0</Level>\n<Task>12804</Task>\n<Opcode>0</Opcode>\n<Keywords>0x8020000000000000</Keywords>\n<TimeCreated SystemTime=\"2024-07-15 16:47:50.530100+00:00\"></TimeCreated>\n<EventRecordID>171774</EventRecordID>\n<Correlation ActivityID=\"{8a8c95d9-d6d6-0000-0397-8c8ad6d6da01}\" RelatedActivityID=\"\"></Correlation>\n<Execution ProcessID=\"684\" ThreadID=\"3324\"></Execution>\n<Channel>Security</Channel>\n<Computer>DESKTOP-EKVR84B</Computer>\n<Security UserID=\"\"></Security>\n</System>\n<EventData><Data Name=\"SubjectUserSid\">S-1-5-18</Data>\n<Data Name=\"SubjectUserName\">DESKTOP-EKVR84B$</Data>\n<Data Name=\"SubjectDomainName\">WORKGROUP</Data>\n<Data Name=\"SubjectLogonId\">0x00000000000003e7</Data>\n<Data Name=\"TaskName\">\\Microsoft\\Windows\\UpdateOrchestrator\\Schedule Wake To Work</Data>\n<Data Name=\"TaskContentNew\">&lt;?xml version=\"1.0\" encoding=\"UTF-16\"?&gt;\r\n&lt;Task version=\"1.2\" xmlns=\"http://schemas.microsoft.com/windows/2004/02/mit/task\"&gt;\r\n  &lt;RegistrationInfo&gt;\r\n    &lt;URI&gt;\\Microsoft\\Windows\\UpdateOrchestrator\\Schedule Wake To Work&lt;/URI&gt;\r\n    &lt;SecurityDescriptor&gt;D:P(A;;FA;;;SY)(A;;FRFX;;;LS)(A;;FRFX;;;BA)&lt;/SecurityDescriptor&gt;\r\n  &lt;/RegistrationInfo&gt;\r\n  &lt;Triggers /&gt;\r\n  &lt;Principals&gt;\r\n    &lt;Principal id=\"Author\"&gt;\r\n      &lt;UserId&gt;S-1-5-18&lt;/UserId&gt;\r\n      &lt;RunLevel&gt;LeastPrivilege&lt;/RunLevel&gt;\r\n    &lt;/Principal&gt;\r\n  &lt;/Principals&gt;\r\n  &lt;Settings&gt;\r\n    &lt;MultipleInstancesPolicy&gt;IgnoreNew&lt;/MultipleInstancesPolicy&gt;\r\n    &lt;DisallowStartIfOnBatteries&gt;true&lt;/DisallowStartIfOnBatteries&gt;\r\n    &lt;StopIfGoingOnBatteries&gt;true&lt;/StopIfGoingOnBatteries&gt;\r\n    &lt;AllowHardTerminate&gt;true&lt;/AllowHardTerminate&gt;\r\n    &lt;StartWhenAvailable&gt;false&lt;/StartWhenAvailable&gt;\r\n    &lt;RunOnlyIfNetworkAvailable&gt;false&lt;/RunOnlyIfNetworkAvailable&gt;\r\n    &lt;IdleSettings&gt;\r\n      &lt;Duration&gt;PT10M&lt;/Duration&gt;\r\n      &lt;WaitTimeout&gt;PT1H&lt;/WaitTimeout&gt;\r\n      &lt;StopOnIdleEnd&gt;true&lt;/StopOnIdleEnd&gt;\r\n      &lt;RestartOnIdle&gt;false&lt;/RestartOnIdle&gt;\r\n    &lt;/IdleSettings&gt;\r\n    &lt;AllowStartOnDemand&gt;true&lt;/AllowStartOnDemand&gt;\r\n    &lt;Enabled&gt;false&lt;/Enabled&gt;\r\n    &lt;Hidden&gt;false&lt;/Hidden&gt;\r\n    &lt;RunOnlyIfIdle&gt;false&lt;/RunOnlyIfIdle&gt;\r\n    &lt;WakeToRun&gt;false&lt;/WakeToRun&gt;\r\n    &lt;ExecutionTimeLimit&gt;PT72H&lt;/ExecutionTimeLimit&gt;\r\n    &lt;Priority&gt;7&lt;/Priority&gt;\r\n  &lt;/Settings&gt;\r\n  &lt;Actions Context=\"Author\"&gt;\r\n    &lt;Exec&gt;\r\n      &lt;Command&gt;%systemroot%\\system32\\usoclient.exe&lt;/Command&gt;\r\n      &lt;Arguments&gt;StartWork&lt;/Arguments&gt;\r\n    &lt;/Exec&gt;\r\n  &lt;/Actions&gt;\r\n&lt;/Task&gt;</Data>\n<Data Name=\"ClientProcessStartKey\">10696049115005086</Data>\n<Data Name=\"ClientProcessId\">7100</Data>\n<Data Name=\"ParentProcessId\">656</Data>\n<Data Name=\"RpcCallClientLocality\">0</Data>\n<Data Name=\"FQDN\">DESKTOP-EKVR84B</Data>\n</EventData>\n</Event>\n"
20976:    "xml": "<Event xmlns=\"http://schemas.microsoft.com/win/2004/08/events/event\"><System><Provider Name=\"Microsoft-Windows-Security-Auditing\" Guid=\"{54849625-5478-4994-a5ba-3e3b0328c30d}\"></Provider>\n<EventID Qualifiers=\"\">4702</EventID>\n<Version>1</Version>\n<Level>0</Level>\n<Task>12804</Task>\n<Opcode>0</Opcode>\n<Keywords>0x8020000000000000</Keywords>\n<TimeCreated SystemTime=\"2024-07-15 16:47:50.552269+00:00\"></TimeCreated>\n<EventRecordID>171775</EventRecordID>\n<Correlation ActivityID=\"{8a8c95d9-d6d6-0000-0397-8c8ad6d6da01}\" RelatedActivityID=\"\"></Correlation>\n<Execution ProcessID=\"684\" ThreadID=\"3324\"></Execution>\n<Channel>Security</Channel>\n<Computer>DESKTOP-EKVR84B</Computer>\n<Security UserID=\"\"></Security>\n</System>\n<EventData><Data Name=\"SubjectUserSid\">S-1-5-18</Data>\n<Data Name=\"SubjectUserName\">DESKTOP-EKVR84B$</Data>\n<Data Name=\"SubjectDomainName\">WORKGROUP</Data>\n<Data Name=\"SubjectLogonId\">0x00000000000003e7</Data>\n<Data Name=\"TaskName\">\\Microsoft\\Windows\\UpdateOrchestrator\\Schedule Maintenance Work</Data>\n<Data Name=\"TaskContentNew\">&lt;?xml version=\"1.0\" encoding=\"UTF-16\"?&gt;\r\n&lt;Task version=\"1.2\" xmlns=\"http://schemas.microsoft.com/windows/2004/02/mit/task\"&gt;\r\n  &lt;RegistrationInfo&gt;\r\n    &lt;URI&gt;\\Microsoft\\Windows\\UpdateOrchestrator\\Schedule Maintenance Work&lt;/URI&gt;\r\n    &lt;SecurityDescriptor&gt;D:P(A;;FA;;;SY)(A;;FRFX;;;LS)(A;;FRFX;;;BA)&lt;/SecurityDescriptor&gt;\r\n  &lt;/RegistrationInfo&gt;\r\n  &lt;Triggers /&gt;\r\n  &lt;Principals&gt;\r\n    &lt;Principal id=\"Author\"&gt;\r\n      &lt;RunLevel&gt;LeastPrivilege&lt;/RunLevel&gt;\r\n      &lt;UserId&gt;S-1-5-18&lt;/UserId&gt;\r\n    &lt;/Principal&gt;\r\n  &lt;/Principals&gt;\r\n  &lt;Settings&gt;\r\n    &lt;MultipleInstancesPolicy&gt;IgnoreNew&lt;/MultipleInstancesPolicy&gt;\r\n    &lt;DisallowStartIfOnBatteries&gt;true&lt;/DisallowStartIfOnBatteries&gt;\r\n    &lt;StopIfGoingOnBatteries&gt;true&lt;/StopIfGoingOnBatteries&gt;\r\n    &lt;AllowHardTerminate&gt;true&lt;/AllowHardTerminate&gt;\r\n    &lt;StartWhenAvailable&gt;false&lt;/StartWhenAvailable&gt;\r\n    &lt;RunOnlyIfNetworkAvailable&gt;false&lt;/RunOnlyIfNetworkAvailable&gt;\r\n    &lt;IdleSettings&gt;\r\n      &lt;Duration&gt;PT10M&lt;/Duration&gt;\r\n      &lt;WaitTimeout&gt;PT1H&lt;/WaitTimeout&gt;\r\n      &lt;StopOnIdleEnd&gt;true&lt;/StopOnIdleEnd&gt;\r\n      &lt;RestartOnIdle&gt;false&lt;/RestartOnIdle&gt;\r\n    &lt;/IdleSettings&gt;\r\n    &lt;AllowStartOnDemand&gt;true&lt;/AllowStartOnDemand&gt;\r\n    &lt;Enabled&gt;false&lt;/Enabled&gt;\r\n    &lt;Hidden&gt;false&lt;/Hidden&gt;\r\n    &lt;RunOnlyIfIdle&gt;false&lt;/RunOnlyIfIdle&gt;\r\n    &lt;WakeToRun&gt;false&lt;/WakeToRun&gt;\r\n    &lt;ExecutionTimeLimit&gt;PT72H&lt;/ExecutionTimeLimit&gt;\r\n    &lt;Priority&gt;7&lt;/Priority&gt;\r\n  &lt;/Settings&gt;\r\n  &lt;Actions Context=\"Author\"&gt;\r\n    &lt;Exec&gt;\r\n      &lt;Command&gt;%systemroot%\\system32\\usoclient.exe&lt;/Command&gt;\r\n      &lt;Arguments&gt;StartMaintenanceWork&lt;/Arguments&gt;\r\n    &lt;/Exec&gt;\r\n  &lt;/Actions&gt;\r\n&lt;/Task&gt;</Data>\n<Data Name=\"ClientProcessStartKey\">10696049115005083</Data>\n<Data Name=\"ClientProcessId\">6696</Data>\n<Data Name=\"ParentProcessId\">784</Data>\n<Data Name=\"RpcCallClientLocality\">0</Data>\n<Data Name=\"FQDN\">DESKTOP-EKVR84B</Data>\n</EventData>\n</Event>\n"
20982:    "xml": "<Event xmlns=\"http://schemas.microsoft.com/win/2004/08/events/event\"><System><Provider Name=\"Microsoft-Windows-Security-Auditing\" Guid=\"{54849625-5478-4994-a5ba-3e3b0328c30d}\"></Provider>\n<EventID Qualifiers=\"\">4702</EventID>\n<Version>1</Version>\n<Level>0</Level>\n<Task>12804</Task>\n<Opcode>0</Opcode>\n<Keywords>0x8020000000000000</Keywords>\n<TimeCreated SystemTime=\"2024-07-15 16:47:50.599525+00:00\"></TimeCreated>\n<EventRecordID>171776</EventRecordID>\n<Correlation ActivityID=\"{8a8c95d9-d6d6-0000-0397-8c8ad6d6da01}\" RelatedActivityID=\"\"></Correlation>\n<Execution ProcessID=\"684\" ThreadID=\"3324\"></Execution>\n<Channel>Security</Channel>\n<Computer>DESKTOP-EKVR84B</Computer>\n<Security UserID=\"\"></Security>\n</System>\n<EventData><Data Name=\"SubjectUserSid\">S-1-5-18</Data>\n<Data Name=\"SubjectUserName\">DESKTOP-EKVR84B$</Data>\n<Data Name=\"SubjectDomainName\">WORKGROUP</Data>\n<Data Name=\"SubjectLogonId\">0x00000000000003e7</Data>\n<Data Name=\"TaskName\">\\Microsoft\\Windows\\UpdateOrchestrator\\Schedule Maintenance Work</Data>\n<Data Name=\"TaskContentNew\">&lt;?xml version=\"1.0\" encoding=\"UTF-16\"?&gt;\r\n&lt;Task version=\"1.2\" xmlns=\"http://schemas.microsoft.com/windows/2004/02/mit/task\"&gt;\r\n  &lt;RegistrationInfo&gt;\r\n    &lt;URI&gt;\\Microsoft\\Windows\\UpdateOrchestrator\\Schedule Maintenance Work&lt;/URI&gt;\r\n    &lt;SecurityDescriptor&gt;D:P(A;;FA;;;SY)(A;;FRFX;;;LS)(A;;FRFX;;;BA)&lt;/SecurityDescriptor&gt;\r\n  &lt;/RegistrationInfo&gt;\r\n  &lt;Triggers /&gt;\r\n  &lt;Principals&gt;\r\n    &lt;Principal id=\"Author\"&gt;\r\n      &lt;UserId&gt;S-1-5-18&lt;/UserId&gt;\r\n      &lt;RunLevel&gt;LeastPrivilege&lt;/RunLevel&gt;\r\n    &lt;/Principal&gt;\r\n  &lt;/Principals&gt;\r\n  &lt;Settings&gt;\r\n    &lt;MultipleInstancesPolicy&gt;IgnoreNew&lt;/MultipleInstancesPolicy&gt;\r\n    &lt;DisallowStartIfOnBatteries&gt;true&lt;/DisallowStartIfOnBatteries&gt;\r\n    &lt;StopIfGoingOnBatteries&gt;true&lt;/StopIfGoingOnBatteries&gt;\r\n    &lt;AllowHardTerminate&gt;true&lt;/AllowHardTerminate&gt;\r\n    &lt;StartWhenAvailable&gt;false&lt;/StartWhenAvailable&gt;\r\n    &lt;RunOnlyIfNetworkAvailable&gt;false&lt;/RunOnlyIfNetworkAvailable&gt;\r\n    &lt;IdleSettings&gt;\r\n      &lt;Duration&gt;PT10M&lt;/Duration&gt;\r\n      &lt;WaitTimeout&gt;PT1H&lt;/WaitTimeout&gt;\r\n      &lt;StopOnIdleEnd&gt;true&lt;/StopOnIdleEnd&gt;\r\n      &lt;RestartOnIdle&gt;false&lt;/RestartOnIdle&gt;\r\n    &lt;/IdleSettings&gt;\r\n    &lt;AllowStartOnDemand&gt;true&lt;/AllowStartOnDemand&gt;\r\n    &lt;Enabled&gt;false&lt;/Enabled&gt;\r\n    &lt;Hidden&gt;false&lt;/Hidden&gt;\r\n    &lt;RunOnlyIfIdle&gt;false&lt;/RunOnlyIfIdle&gt;\r\n    &lt;WakeToRun&gt;false&lt;/WakeToRun&gt;\r\n    &lt;ExecutionTimeLimit&gt;PT72H&lt;/ExecutionTimeLimit&gt;\r\n    &lt;Priority&gt;7&lt;/Priority&gt;\r\n  &lt;/Settings&gt;\r\n  &lt;Actions Context=\"Author\"&gt;\r\n    &lt;Exec&gt;\r\n      &lt;Command&gt;%systemroot%\\system32\\usoclient.exe&lt;/Command&gt;\r\n      &lt;Arguments&gt;StartMaintenanceWork&lt;/Arguments&gt;\r\n    &lt;/Exec&gt;\r\n  &lt;/Actions&gt;\r\n&lt;/Task&gt;</Data>\n<Data Name=\"ClientProcessStartKey\">10696049115005086</Data>\n<Data Name=\"ClientProcessId\">7100</Data>\n<Data Name=\"ParentProcessId\">656</Data>\n<Data Name=\"RpcCallClientLocality\">0</Data>\n<Data Name=\"FQDN\">DESKTOP-EKVR84B</Data>\n</EventData>\n</Event>\n"
22062:    "xml": "<Event xmlns=\"http://schemas.microsoft.com/win/2004/08/events/event\"><System><Provider Name=\"Microsoft-Windows-Security-Auditing\" Guid=\"{54849625-5478-4994-a5ba-3e3b0328c30d}\"></Provider>\n<EventID Qualifiers=\"\">4702</EventID>\n<Version>1</Version>\n<Level>0</Level>\n<Task>12804</Task>\n<Opcode>0</Opcode>\n<Keywords>0x8020000000000000</Keywords>\n<TimeCreated SystemTime=\"2024-07-15 16:49:14.297237+00:00\"></TimeCreated>\n<EventRecordID>171947</EventRecordID>\n<Correlation ActivityID=\"{8a8c95d9-d6d6-0000-0397-8c8ad6d6da01}\" RelatedActivityID=\"\"></Correlation>\n<Execution ProcessID=\"684\" ThreadID=\"736\"></Execution>\n<Channel>Security</Channel>\n<Computer>DESKTOP-EKVR84B</Computer>\n<Security UserID=\"\"></Security>\n</System>\n<EventData><Data Name=\"SubjectUserSid\">S-1-5-20</Data>\n<Data Name=\"SubjectUserName\">DESKTOP-EKVR84B$</Data>\n<Data Name=\"SubjectDomainName\">WORKGROUP</Data>\n<Data Name=\"SubjectLogonId\">0x00000000000003e4</Data>\n<Data Name=\"TaskName\">\\Microsoft\\Windows\\SoftwareProtectionPlatform\\SvcRestartTask</Data>\n<Data Name=\"TaskContentNew\">&lt;?xml version=\"1.0\" encoding=\"UTF-16\"?&gt;\r\n&lt;Task version=\"1.6\" xmlns=\"http://schemas.microsoft.com/windows/2004/02/mit/task\"&gt;\r\n  &lt;RegistrationInfo&gt;\r\n    &lt;Source&gt;$(@%systemroot%\\system32\\sppc.dll,-200)&lt;/Source&gt;\r\n    &lt;Author&gt;$(@%systemroot%\\system32\\sppc.dll,-200)&lt;/Author&gt;\r\n    &lt;Version&gt;1.0&lt;/Version&gt;\r\n    &lt;Description&gt;$(@%systemroot%\\system32\\sppc.dll,-201)&lt;/Description&gt;\r\n    &lt;URI&gt;\\Microsoft\\Windows\\SoftwareProtectionPlatform\\SvcRestartTask&lt;/URI&gt;\r\n    &lt;SecurityDescriptor&gt;D:P(A;;FA;;;SY)(A;;FA;;;BA)(A;;FA;;;S-1-5-80-123231216-2592883651-3715271367-3753151631-4175906628)(A;;FR;;;S-1-5-87-2912274048-3994893941-1669128114-1310430903-1263774323)&lt;/SecurityDescriptor&gt;\r\n  &lt;/RegistrationInfo&gt;\r\n  &lt;Triggers&gt;\r\n    &lt;CalendarTrigger&gt;\r\n      &lt;StartBoundary&gt;2024-07-16T16:46:14Z&lt;/StartBoundary&gt;\r\n      &lt;Enabled&gt;true&lt;/Enabled&gt;\r\n      &lt;ScheduleByDay&gt;\r\n        &lt;DaysInterval&gt;1&lt;/DaysInterval&gt;\r\n      &lt;/ScheduleByDay&gt;\r\n    &lt;/CalendarTrigger&gt;\r\n  &lt;/Triggers&gt;\r\n  &lt;Principals&gt;\r\n    &lt;Principal id=\"NetworkService\"&gt;\r\n      &lt;UserId&gt;S-1-5-20&lt;/UserId&gt;\r\n      &lt;RunLevel&gt;LeastPrivilege&lt;/RunLevel&gt;\r\n    &lt;/Principal&gt;\r\n  &lt;/Principals&gt;\r\n  &lt;Settings&gt;\r\n    &lt;MultipleInstancesPolicy&gt;IgnoreNew&lt;/MultipleInstancesPolicy&gt;\r\n    &lt;DisallowStartIfOnBatteries&gt;false&lt;/DisallowStartIfOnBatteries&gt;\r\n    &lt;StopIfGoingOnBatteries&gt;false&lt;/StopIfGoingOnBatteries&gt;\r\n    &lt;AllowHardTerminate&gt;false&lt;/AllowHardTerminate&gt;\r\n    &lt;StartWhenAvailable&gt;true&lt;/StartWhenAvailable&gt;\r\n    &lt;RunOnlyIfNetworkAvailable&gt;false&lt;/RunOnlyIfNetworkAvailable&gt;\r\n    &lt;IdleSettings&gt;\r\n      &lt;StopOnIdleEnd&gt;true&lt;/StopOnIdleEnd&gt;\r\n      &lt;RestartOnIdle&gt;false&lt;/RestartOnIdle&gt;\r\n    &lt;/IdleSettings&gt;\r\n    &lt;AllowStartOnDemand&gt;true&lt;/AllowStartOnDemand&gt;\r\n    &lt;Enabled&gt;true&lt;/Enabled&gt;\r\n    &lt;Hidden&gt;true&lt;/Hidden&gt;\r\n    &lt;RunOnlyIfIdle&gt;false&lt;/RunOnlyIfIdle&gt;\r\n    &lt;DisallowStartOnRemoteAppSession&gt;false&lt;/DisallowStartOnRemoteAppSession&gt;\r\n    &lt;UseUnifiedSchedulingEngine&gt;true&lt;/UseUnifiedSchedulingEngine&gt;\r\n    &lt;WakeToRun&gt;false&lt;/WakeToRun&gt;\r\n    &lt;ExecutionTimeLimit&gt;PT0S&lt;/ExecutionTimeLimit&gt;\r\n    &lt;Priority&gt;7&lt;/Priority&gt;\r\n    &lt;RestartOnFailure&gt;\r\n      &lt;Interval&gt;PT1M&lt;/Interval&gt;\r\n      &lt;Count&gt;3&lt;/Count&gt;\r\n    &lt;/RestartOnFailure&gt;\r\n  &lt;/Settings&gt;\r\n  &lt;Actions Context=\"NetworkService\"&gt;\r\n    &lt;ComHandler&gt;\r\n      &lt;ClassId&gt;{B1AEBB5D-EAD9-4476-B375-9C3ED9F32AFC}&lt;/ClassId&gt;\r\n      &lt;Data&gt;&lt;![CDATA[timer]]&gt;&lt;/Data&gt;\r\n    &lt;/ComHandler&gt;\r\n  &lt;/Actions&gt;\r\n&lt;/Task&gt;</Data>\n<Data Name=\"ClientProcessStartKey\">10696049115005171</Data>\n<Data Name=\"ClientProcessId\">9636</Data>\n<Data Name=\"ParentProcessId\">656</Data>\n<Data Name=\"RpcCallClientLocality\">0</Data>\n<Data Name=\"FQDN\">DESKTOP-EKVR84B</Data>\n</EventData>\n</Event>\n"
22116:    "xml": "<Event xmlns=\"http://schemas.microsoft.com/win/2004/08/events/event\"><System><Provider Name=\"Microsoft-Windows-Security-Auditing\" Guid=\"{54849625-5478-4994-a5ba-3e3b0328c30d}\"></Provider>\n<EventID Qualifiers=\"\">4702</EventID>\n<Version>1</Version>\n<Level>0</Level>\n<Task>12804</Task>\n<Opcode>0</Opcode>\n<Keywords>0x8020000000000000</Keywords>\n<TimeCreated SystemTime=\"2024-07-15 16:49:39.714205+00:00\"></TimeCreated>\n<EventRecordID>171956</EventRecordID>\n<Correlation ActivityID=\"{8a8c95d9-d6d6-0000-0397-8c8ad6d6da01}\" RelatedActivityID=\"\"></Correlation>\n<Execution ProcessID=\"684\" ThreadID=\"3324\"></Execution>\n<Channel>Security</Channel>\n<Computer>DESKTOP-EKVR84B</Computer>\n<Security UserID=\"\"></Security>\n</System>\n<EventData><Data Name=\"SubjectUserSid\">S-1-5-18</Data>\n<Data Name=\"SubjectUserName\">DESKTOP-EKVR84B$</Data>\n<Data Name=\"SubjectDomainName\">WORKGROUP</Data>\n<Data Name=\"SubjectLogonId\">0x00000000000003e7</Data>\n<Data Name=\"TaskName\">\\Microsoft\\Windows\\PushToInstall\\Registration</Data>\n<Data Name=\"TaskContentNew\">&lt;?xml version=\"1.0\" encoding=\"UTF-16\"?&gt;\r\n&lt;Task version=\"1.6\" xmlns=\"http://schemas.microsoft.com/windows/2004/02/mit/task\"&gt;\r\n  &lt;RegistrationInfo&gt;\r\n    &lt;Version&gt;1.0&lt;/Version&gt;\r\n    &lt;URI&gt;\\Microsoft\\Windows\\PushToInstall\\Registration&lt;/URI&gt;\r\n    &lt;SecurityDescriptor&gt;D:P(A;;FA;;;SY)(A;;FA;;;BA)(A;;GRGX;;;SU)&lt;/SecurityDescriptor&gt;\r\n  &lt;/RegistrationInfo&gt;\r\n  &lt;Triggers&gt;\r\n    &lt;TimeTrigger&gt;\r\n      &lt;Repetition&gt;\r\n        &lt;Interval&gt;P1D&lt;/Interval&gt;\r\n        &lt;StopAtDurationEnd&gt;false&lt;/StopAtDurationEnd&gt;\r\n      &lt;/Repetition&gt;\r\n      &lt;StartBoundary&gt;2024-07-15T09:49:39&lt;/StartBoundary&gt;\r\n      &lt;Enabled&gt;true&lt;/Enabled&gt;\r\n    &lt;/TimeTrigger&gt;\r\n    &lt;WnfStateChangeTrigger&gt;\r\n      &lt;Enabled&gt;true&lt;/Enabled&gt;\r\n      &lt;Delay&gt;PT15M&lt;/Delay&gt;\r\n      &lt;StateName&gt;750CBCA3290B9641&lt;/StateName&gt;\r\n      &lt;Data&gt;01&lt;/Data&gt;\r\n      &lt;DataOffset&gt;0&lt;/DataOffset&gt;\r\n    &lt;/WnfStateChangeTrigger&gt;\r\n  &lt;/Triggers&gt;\r\n  &lt;Principals&gt;\r\n    &lt;Principal id=\"LocalSystem\"&gt;\r\n      &lt;UserId&gt;S-1-5-18&lt;/UserId&gt;\r\n      &lt;RunLevel&gt;HighestAvailable&lt;/RunLevel&gt;\r\n    &lt;/Principal&gt;\r\n  &lt;/Principals&gt;\r\n  &lt;Settings&gt;\r\n    &lt;MultipleInstancesPolicy&gt;IgnoreNew&lt;/MultipleInstancesPolicy&gt;\r\n    &lt;DisallowStartIfOnBatteries&gt;false&lt;/DisallowStartIfOnBatteries&gt;\r\n    &lt;StopIfGoingOnBatteries&gt;false&lt;/StopIfGoingOnBatteries&gt;\r\n    &lt;AllowHardTerminate&gt;true&lt;/AllowHardTerminate&gt;\r\n    &lt;StartWhenAvailable&gt;true&lt;/StartWhenAvailable&gt;\r\n    &lt;RunOnlyIfNetworkAvailable&gt;true&lt;/RunOnlyIfNetworkAvailable&gt;\r\n    &lt;IdleSettings&gt;\r\n      &lt;StopOnIdleEnd&gt;true&lt;/StopOnIdleEnd&gt;\r\n      &lt;RestartOnIdle&gt;false&lt;/RestartOnIdle&gt;\r\n    &lt;/IdleSettings&gt;\r\n    &lt;AllowStartOnDemand&gt;true&lt;/AllowStartOnDemand&gt;\r\n    &lt;Enabled&gt;true&lt;/Enabled&gt;\r\n    &lt;Hidden&gt;false&lt;/Hidden&gt;\r\n    &lt;RunOnlyIfIdle&gt;false&lt;/RunOnlyIfIdle&gt;\r\n    &lt;DisallowStartOnRemoteAppSession&gt;true&lt;/DisallowStartOnRemoteAppSession&gt;\r\n    &lt;UseUnifiedSchedulingEngine&gt;true&lt;/UseUnifiedSchedulingEngine&gt;\r\n    &lt;WakeToRun&gt;false&lt;/WakeToRun&gt;\r\n    &lt;ExecutionTimeLimit&gt;PT1H&lt;/ExecutionTimeLimit&gt;\r\n    &lt;Priority&gt;7&lt;/Priority&gt;\r\n  &lt;/Settings&gt;\r\n  &lt;Actions Context=\"LocalSystem\"&gt;\r\n    &lt;Exec&gt;\r\n      &lt;Command&gt;%windir%\\system32\\sc.exe&lt;/Command&gt;\r\n      &lt;Arguments&gt;start pushtoinstall registration&lt;/Arguments&gt;\r\n    &lt;/Exec&gt;\r\n  &lt;/Actions&gt;\r\n&lt;/Task&gt;</Data>\n<Data Name=\"ClientProcessStartKey\">10696049115005188</Data>\n<Data Name=\"ClientProcessId\">10956</Data>\n<Data Name=\"ParentProcessId\">656</Data>\n<Data Name=\"RpcCallClientLocality\">0</Data>\n<Data Name=\"FQDN\">DESKTOP-EKVR84B</Data>\n</EventData>\n</Event>\n"
22302:    "xml": "<Event xmlns=\"http://schemas.microsoft.com/win/2004/08/events/event\"><System><Provider Name=\"Microsoft-Windows-Security-Auditing\" Guid=\"{54849625-5478-4994-a5ba-3e3b0328c30d}\"></Provider>\n<EventID Qualifiers=\"\">4702</EventID>\n<Version>1</Version>\n<Level>0</Level>\n<Task>12804</Task>\n<Opcode>0</Opcode>\n<Keywords>0x8020000000000000</Keywords>\n<TimeCreated SystemTime=\"2024-07-15 16:51:55.746397+00:00\"></TimeCreated>\n<EventRecordID>171984</EventRecordID>\n<Correlation ActivityID=\"{8a8c95d9-d6d6-0000-0397-8c8ad6d6da01}\" RelatedActivityID=\"\"></Correlation>\n<Execution ProcessID=\"684\" ThreadID=\"736\"></Execution>\n<Channel>Security</Channel>\n<Computer>DESKTOP-EKVR84B</Computer>\n<Security UserID=\"\"></Security>\n</System>\n<EventData><Data Name=\"SubjectUserSid\">S-1-5-18</Data>\n<Data Name=\"SubjectUserName\">DESKTOP-EKVR84B$</Data>\n<Data Name=\"SubjectDomainName\">WORKGROUP</Data>\n<Data Name=\"SubjectLogonId\">0x00000000000003e7</Data>\n<Data Name=\"TaskName\">\\Microsoft\\Windows\\UpdateOrchestrator\\Schedule Work</Data>\n<Data Name=\"TaskContentNew\">&lt;?xml version=\"1.0\" encoding=\"UTF-16\"?&gt;\r\n&lt;Task version=\"1.2\" xmlns=\"http://schemas.microsoft.com/windows/2004/02/mit/task\"&gt;\r\n  &lt;RegistrationInfo&gt;\r\n    &lt;URI&gt;\\Microsoft\\Windows\\UpdateOrchestrator\\Schedule Work&lt;/URI&gt;\r\n    &lt;SecurityDescriptor&gt;D:P(A;;FA;;;SY)(A;;FRFX;;;LS)(A;;FRFX;;;BA)&lt;/SecurityDescriptor&gt;\r\n  &lt;/RegistrationInfo&gt;\r\n  &lt;Triggers&gt;\r\n    &lt;TimeTrigger&gt;\r\n      &lt;StartBoundary&gt;2024-07-16T00:48:42-07:00&lt;/StartBoundary&gt;\r\n      &lt;Enabled&gt;true&lt;/Enabled&gt;\r\n    &lt;/TimeTrigger&gt;\r\n  &lt;/Triggers&gt;\r\n  &lt;Principals&gt;\r\n    &lt;Principal id=\"Author\"&gt;\r\n      &lt;RunLevel&gt;LeastPrivilege&lt;/RunLevel&gt;\r\n      &lt;UserId&gt;S-1-5-18&lt;/UserId&gt;\r\n    &lt;/Principal&gt;\r\n  &lt;/Principals&gt;\r\n  &lt;Settings&gt;\r\n    &lt;MultipleInstancesPolicy&gt;IgnoreNew&lt;/MultipleInstancesPolicy&gt;\r\n    &lt;DisallowStartIfOnBatteries&gt;true&lt;/DisallowStartIfOnBatteries&gt;\r\n    &lt;StopIfGoingOnBatteries&gt;true&lt;/StopIfGoingOnBatteries&gt;\r\n    &lt;AllowHardTerminate&gt;true&lt;/AllowHardTerminate&gt;\r\n    &lt;StartWhenAvailable&gt;true&lt;/StartWhenAvailable&gt;\r\n    &lt;RunOnlyIfNetworkAvailable&gt;false&lt;/RunOnlyIfNetworkAvailable&gt;\r\n    &lt;IdleSettings&gt;\r\n      &lt;Duration&gt;PT10M&lt;/Duration&gt;\r\n      &lt;WaitTimeout&gt;PT1H&lt;/WaitTimeout&gt;\r\n      &lt;StopOnIdleEnd&gt;true&lt;/StopOnIdleEnd&gt;\r\n      &lt;RestartOnIdle&gt;false&lt;/RestartOnIdle&gt;\r\n    &lt;/IdleSettings&gt;\r\n    &lt;AllowStartOnDemand&gt;true&lt;/AllowStartOnDemand&gt;\r\n    &lt;Enabled&gt;false&lt;/Enabled&gt;\r\n    &lt;Hidden&gt;false&lt;/Hidden&gt;\r\n    &lt;RunOnlyIfIdle&gt;false&lt;/RunOnlyIfIdle&gt;\r\n    &lt;WakeToRun&gt;false&lt;/WakeToRun&gt;\r\n    &lt;ExecutionTimeLimit&gt;PT72H&lt;/ExecutionTimeLimit&gt;\r\n    &lt;Priority&gt;7&lt;/Priority&gt;\r\n  &lt;/Settings&gt;\r\n  &lt;Actions Context=\"Author\"&gt;\r\n    &lt;Exec&gt;\r\n      &lt;Command&gt;%systemroot%\\system32\\usoclient.exe&lt;/Command&gt;\r\n      &lt;Arguments&gt;StartWork&lt;/Arguments&gt;\r\n    &lt;/Exec&gt;\r\n  &lt;/Actions&gt;\r\n&lt;/Task&gt;</Data>\n<Data Name=\"ClientProcessStartKey\">10696049115005199</Data>\n<Data Name=\"ClientProcessId\">9792</Data>\n<Data Name=\"ParentProcessId\">784</Data>\n<Data Name=\"RpcCallClientLocality\">0</Data>\n<Data Name=\"FQDN\">DESKTOP-EKVR84B</Data>\n</EventData>\n</Event>\n"
22320:    "xml": "<Event xmlns=\"http://schemas.microsoft.com/win/2004/08/events/event\"><System><Provider Name=\"Microsoft-Windows-Security-Auditing\" Guid=\"{54849625-5478-4994-a5ba-3e3b0328c30d}\"></Provider>\n<EventID Qualifiers=\"\">4702</EventID>\n<Version>1</Version>\n<Level>0</Level>\n<Task>12804</Task>\n<Opcode>0</Opcode>\n<Keywords>0x8020000000000000</Keywords>\n<TimeCreated SystemTime=\"2024-07-15 16:51:55.802599+00:00\"></TimeCreated>\n<EventRecordID>171987</EventRecordID>\n<Correlation ActivityID=\"{8a8c95d9-d6d6-0000-0397-8c8ad6d6da01}\" RelatedActivityID=\"\"></Correlation>\n<Execution ProcessID=\"684\" ThreadID=\"736\"></Execution>\n<Channel>Security</Channel>\n<Computer>DESKTOP-EKVR84B</Computer>\n<Security UserID=\"\"></Security>\n</System>\n<EventData><Data Name=\"SubjectUserSid\">S-1-5-18</Data>\n<Data Name=\"SubjectUserName\">DESKTOP-EKVR84B$</Data>\n<Data Name=\"SubjectDomainName\">WORKGROUP</Data>\n<Data Name=\"SubjectLogonId\">0x00000000000003e7</Data>\n<Data Name=\"TaskName\">\\Microsoft\\Windows\\UpdateOrchestrator\\Schedule Work</Data>\n<Data Name=\"TaskContentNew\">&lt;?xml version=\"1.0\" encoding=\"UTF-16\"?&gt;\r\n&lt;Task version=\"1.2\" xmlns=\"http://schemas.microsoft.com/windows/2004/02/mit/task\"&gt;\r\n  &lt;RegistrationInfo&gt;\r\n    &lt;URI&gt;\\Microsoft\\Windows\\UpdateOrchestrator\\Schedule Work&lt;/URI&gt;\r\n    &lt;SecurityDescriptor&gt;D:P(A;;FA;;;SY)(A;;FRFX;;;LS)(A;;FRFX;;;BA)&lt;/SecurityDescriptor&gt;\r\n  &lt;/RegistrationInfo&gt;\r\n  &lt;Triggers&gt;\r\n    &lt;TimeTrigger&gt;\r\n      &lt;StartBoundary&gt;2024-07-16T00:48:42-07:00&lt;/StartBoundary&gt;\r\n      &lt;Enabled&gt;true&lt;/Enabled&gt;\r\n    &lt;/TimeTrigger&gt;\r\n  &lt;/Triggers&gt;\r\n  &lt;Principals&gt;\r\n    &lt;Principal id=\"Author\"&gt;\r\n      &lt;UserId&gt;S-1-5-18&lt;/UserId&gt;\r\n      &lt;RunLevel&gt;LeastPrivilege&lt;/RunLevel&gt;\r\n    &lt;/Principal&gt;\r\n  &lt;/Principals&gt;\r\n  &lt;Settings&gt;\r\n    &lt;MultipleInstancesPolicy&gt;IgnoreNew&lt;/MultipleInstancesPolicy&gt;\r\n    &lt;DisallowStartIfOnBatteries&gt;true&lt;/DisallowStartIfOnBatteries&gt;\r\n    &lt;StopIfGoingOnBatteries&gt;true&lt;/StopIfGoingOnBatteries&gt;\r\n    &lt;AllowHardTerminate&gt;true&lt;/AllowHardTerminate&gt;\r\n    &lt;StartWhenAvailable&gt;true&lt;/StartWhenAvailable&gt;\r\n    &lt;RunOnlyIfNetworkAvailable&gt;false&lt;/RunOnlyIfNetworkAvailable&gt;\r\n    &lt;IdleSettings&gt;\r\n      &lt;Duration&gt;PT10M&lt;/Duration&gt;\r\n      &lt;WaitTimeout&gt;PT1H&lt;/WaitTimeout&gt;\r\n      &lt;StopOnIdleEnd&gt;true&lt;/StopOnIdleEnd&gt;\r\n      &lt;RestartOnIdle&gt;false&lt;/RestartOnIdle&gt;\r\n    &lt;/IdleSettings&gt;\r\n    &lt;AllowStartOnDemand&gt;true&lt;/AllowStartOnDemand&gt;\r\n    &lt;Enabled&gt;false&lt;/Enabled&gt;\r\n    &lt;Hidden&gt;false&lt;/Hidden&gt;\r\n    &lt;RunOnlyIfIdle&gt;false&lt;/RunOnlyIfIdle&gt;\r\n    &lt;WakeToRun&gt;false&lt;/WakeToRun&gt;\r\n    &lt;ExecutionTimeLimit&gt;PT72H&lt;/ExecutionTimeLimit&gt;\r\n    &lt;Priority&gt;7&lt;/Priority&gt;\r\n  &lt;/Settings&gt;\r\n  &lt;Actions Context=\"Author\"&gt;\r\n    &lt;Exec&gt;\r\n      &lt;Command&gt;%systemroot%\\system32\\usoclient.exe&lt;/Command&gt;\r\n      &lt;Arguments&gt;StartWork&lt;/Arguments&gt;\r\n    &lt;/Exec&gt;\r\n  &lt;/Actions&gt;\r\n&lt;/Task&gt;</Data>\n<Data Name=\"ClientProcessStartKey\">10696049115005200</Data>\n<Data Name=\"ClientProcessId\">8788</Data>\n<Data Name=\"ParentProcessId\">656</Data>\n<Data Name=\"RpcCallClientLocality\">0</Data>\n<Data Name=\"FQDN\">DESKTOP-EKVR84B</Data>\n</EventData>\n</Event>\n"
