9432:    "xml": "<Event xmlns=\"http://schemas.microsoft.com/win/2004/08/events/event\"><System><Provider Name=\"Microsoft-Windows-Security-Auditing\" Guid=\"{54849625-5478-4994-a5ba-3e3b0328c30d}\"></Provider>\n<EventID Qualifiers=\"\">4702</EventID>\n<Version>1</Version>\n<Level>0</Level>\n<Task>12804</Task>\n<Opcode>0</Opcode>\n<Keywords>0x8020000000000000</Keywords>\n<TimeCreated SystemTime=\"2024-07-15 16:40:33.659029+00:00\"></TimeCreated>\n<EventRecordID>169951</EventRecordID>\n<Correlation ActivityID=\"{5c5fefd0-d6cd-0000-eaf0-5f5ccdd6da01}\" RelatedActivityID=\"\"></Correlation>\n<Execution ProcessID=\"684\" ThreadID=\"6568\"></Execution>\n<Channel>Security</Channel>\n<Computer>DESKTOP-EKVR84B</Computer>\n<Security UserID=\"\"></Security>\n</System>\n<EventData><Data Name=\"SubjectUserSid\">S-1-5-18</Data>\n<Data Name=\"SubjectUserName\">DESKTOP-EKVR84B$</Data>\n<Data Name=\"SubjectDomainName\">WORKGROUP</Data>\n<Data Name=\"SubjectLogonId\">0x00000000000003e7</Data>\n<Data Name=\"TaskName\">\\Microsoft\\Windows\\UpdateOrchestrator\\Schedule Work</Data>\n<Data Name=\"TaskContentNew\">&lt;?xml version=\"1.0\" encoding=\"UTF-16\"?&gt;\r\n&lt;Task version=\"1.2\" xmlns=\"http://schemas.microsoft.com/windows/2004/02/mit/task\"&gt;\r\n  &lt;RegistrationInfo&gt;\r\n    &lt;URI&gt;\\Microsoft\\Windows\\UpdateOrchestrator\\Schedule Work&lt;/URI&gt;\r\n    &lt;SecurityDescriptor&gt;D:P(A;;FA;;;SY)(A;;FRFX;;;LS)(A;;FRFX;;;BA)&lt;/SecurityDescriptor&gt;\r\n  &lt;/RegistrationInfo&gt;\r\n  &lt;Triggers&gt;\r\n    &lt;TimeTrigger&gt;\r\n      &lt;StartBoundary&gt;2024-07-16T00:48:42-07:00&lt;/StartBoundary&gt;\r\n      &lt;Enabled&gt;true&lt;/Enabled&gt;\r\n    &lt;/TimeTrigger&gt;\r\n  &lt;/Triggers&gt;\r\n  &lt;Principals&gt;\r\n    &lt;Principal id=\"Author\"&gt;\r\n      &lt;UserId&gt;S-1-5-18&lt;/UserId&gt;\r\n      &lt;RunLevel&gt;LeastPrivilege&lt;/RunLevel&gt;\r\n    &lt;/Principal&gt;\r\n  &lt;/Principals&gt;\r\n  &lt;Settings&gt;\r\n    &lt;MultipleInstancesPolicy&gt;IgnoreNew&lt;/MultipleInstancesPolicy&gt;\r\n    &lt;DisallowStartIfOnBatteries&gt;true&lt;/DisallowStartIfOnBatteries&gt;\r\n    &lt;StopIfGoingOnBatteries&gt;true&lt;/StopIfGoingOnBatteries&gt;\r\n    &lt;AllowHardTerminate&gt;true&lt;/AllowHardTerminate&gt;\r\n    &lt;StartWhenAvailable&gt;true&lt;/StartWhenAvailable&gt;\r\n    &lt;RunOnlyIfNetworkAvailable&gt;false&lt;/RunOnlyIfNetworkAvailable&gt;\r\n    &lt;IdleSettings&gt;\r\n      &lt;Duration&gt;PT10M&lt;/Duration&gt;\r\n      &lt;WaitTimeout&gt;PT1H&lt;/WaitTimeout&gt;\r\n      &lt;StopOnIdleEnd&gt;true&lt;/StopOnIdleEnd&gt;\r\n      &lt;RestartOnIdle&gt;false&lt;/RestartOnIdle&gt;\r\n    &lt;/IdleSettings&gt;\r\n    &lt;AllowStartOnDemand&gt;true&lt;/AllowStartOnDemand&gt;\r\n    &lt;Enabled&gt;false&lt;/Enabled&gt;\r\n    &lt;Hidden&gt;false&lt;/Hidden&gt;\r\n    &lt;RunOnlyIfIdle&gt;false&lt;/RunOnlyIfIdle&gt;\r\n    &lt;WakeToRun&gt;false&lt;/WakeToRun&gt;\r\n    &lt;ExecutionTimeLimit&gt;PT72H&lt;/ExecutionTimeLimit&gt;\r\n    &lt;Priority&gt;7&lt;/Priority&gt;\r\n  &lt;/Settings&gt;\r\n  &lt;Actions Context=\"Author\"&gt;\r\n    &lt;Exec&gt;\r\n      &lt;Command&gt;%systemroot%\\system32\\usoclient.exe&lt;/Command&gt;\r\n      &lt;Arguments&gt;StartWork&lt;/Arguments&gt;\r\n    &lt;/Exec&gt;\r\n  &lt;/Actions&gt;\r\n&lt;/Task&gt;</Data>\n<Data Name=\"ClientProcessStartKey\">10414574138295806</Data>\n<Data Name=\"ClientProcessId\">1964</Data>\n<Data Name=\"ParentProcessId\">664</Data>\n<Data Name=\"RpcCallClientLocality\">0</Data>\n<Data Name=\"FQDN\">DESKTOP-EKVR84B</Data>\n</EventData>\n</Event>\n"
9438:    "xml": "<Event xmlns=\"http://schemas.microsoft.com/win/2004/08/events/event\"><System><Provider Name=\"Microsoft-Windows-Security-Auditing\" Guid=\"{54849625-5478-4994-a5ba-3e3b0328c30d}\"></Provider>\n<EventID Qualifiers=\"\">4702</EventID>\n<Version>1</Version>\n<Level>0</Level>\n<Task>12804</Task>\n<Opcode>0</Opcode>\n<Keywords>0x8020000000000000</Keywords>\n<TimeCreated SystemTime=\"2024-07-15 16:40:33.669321+00:00\"></TimeCreated>\n<EventRecordID>169952</EventRecordID>\n<Correlation ActivityID=\"{5c5fefd0-d6cd-0000-eaf0-5f5ccdd6da01}\" RelatedActivityID=\"\"></Correlation>\n<Execution ProcessID=\"684\" ThreadID=\"6568\"></Execution>\n<Channel>Security</Channel>\n<Computer>DESKTOP-EKVR84B</Computer>\n<Security UserID=\"\"></Security>\n</System>\n<EventData><Data Name=\"SubjectUserSid\">S-1-5-18</Data>\n<Data Name=\"SubjectUserName\">DESKTOP-EKVR84B$</Data>\n<Data Name=\"SubjectDomainName\">WORKGROUP</Data>\n<Data Name=\"SubjectLogonId\">0x00000000000003e7</Data>\n<Data Name=\"TaskName\">\\Microsoft\\Windows\\UpdateOrchestrator\\Schedule Wake To Work</Data>\n<Data Name=\"TaskContentNew\">&lt;?xml version=\"1.0\" encoding=\"UTF-16\"?&gt;\r\n&lt;Task version=\"1.2\" xmlns=\"http://schemas.microsoft.com/windows/2004/02/mit/task\"&gt;\r\n  &lt;RegistrationInfo&gt;\r\n    &lt;URI&gt;\\Microsoft\\Windows\\UpdateOrchestrator\\Schedule Wake To Work&lt;/URI&gt;\r\n    &lt;SecurityDescriptor&gt;D:P(A;;FA;;;SY)(A;;FRFX;;;LS)(A;;FRFX;;;BA)&lt;/SecurityDescriptor&gt;\r\n  &lt;/RegistrationInfo&gt;\r\n  &lt;Triggers /&gt;\r\n  &lt;Principals&gt;\r\n    &lt;Principal id=\"Author\"&gt;\r\n      &lt;RunLevel&gt;LeastPrivilege&lt;/RunLevel&gt;\r\n      &lt;UserId&gt;S-1-5-18&lt;/UserId&gt;\r\n    &lt;/Principal&gt;\r\n  &lt;/Principals&gt;\r\n  &lt;Settings&gt;\r\n    &lt;MultipleInstancesPolicy&gt;IgnoreNew&lt;/MultipleInstancesPolicy&gt;\r\n    &lt;DisallowStartIfOnBatteries&gt;true&lt;/DisallowStartIfOnBatteries&gt;\r\n    &lt;StopIfGoingOnBatteries&gt;true&lt;/StopIfGoingOnBatteries&gt;\r\n    &lt;AllowHardTerminate&gt;true&lt;/AllowHardTerminate&gt;\r\n    &lt;StartWhenAvailable&gt;false&lt;/StartWhenAvailable&gt;\r\n    &lt;RunOnlyIfNetworkAvailable&gt;false&lt;/RunOnlyIfNetworkAvailable&gt;\r\n    &lt;IdleSettings&gt;\r\n      &lt;Duration&gt;PT10M&lt;/Duration&gt;\r\n      &lt;WaitTimeout&gt;PT1H&lt;/WaitTimeout&gt;\r\n      &lt;StopOnIdleEnd&gt;true&lt;/StopOnIdleEnd&gt;\r\n      &lt;RestartOnIdle&gt;false&lt;/RestartOnIdle&gt;\r\n    &lt;/IdleSettings&gt;\r\n    &lt;AllowStartOnDemand&gt;true&lt;/AllowStartOnDemand&gt;\r\n    &lt;Enabled&gt;false&lt;/Enabled&gt;\r\n    &lt;Hidden&gt;false&lt;/Hidden&gt;\r\n    &lt;RunOnlyIfIdle&gt;false&lt;/RunOnlyIfIdle&gt;\r\n    &lt;WakeToRun&gt;false&lt;/WakeToRun&gt;\r\n    &lt;ExecutionTimeLimit&gt;PT72H&lt;/ExecutionTimeLimit&gt;\r\n    &lt;Priority&gt;7&lt;/Priority&gt;\r\n  &lt;/Settings&gt;\r\n  &lt;Actions Context=\"Author\"&gt;\r\n    &lt;Exec&gt;\r\n      &lt;Command&gt;%systemroot%\\system32\\usoclient.exe&lt;/Command&gt;\r\n      &lt;Arguments&gt;StartWork&lt;/Arguments&gt;\r\n    &lt;/Exec&gt;\r\n  &lt;/Actions&gt;\r\n&lt;/Task&gt;</Data>\n<Data Name=\"ClientProcessStartKey\">10414574138295958</Data>\n<Data Name=\"ClientProcessId\">9164</Data>\n<Data Name=\"ParentProcessId\">792</Data>\n<Data Name=\"RpcCallClientLocality\">0</Data>\n<Data Name=\"FQDN\">DESKTOP-EKVR84B</Data>\n</EventData>\n</Event>\n"
9444:    "xml": "<Event xmlns=\"http://schemas.microsoft.com/win/2004/08/events/event\"><System><Provider Name=\"Microsoft-Windows-Security-Auditing\" Guid=\"{54849625-5478-4994-a5ba-3e3b0328c30d}\"></Provider>\n<EventID Qualifiers=\"\">4702</EventID>\n<Version>1</Version>\n<Level>0</Level>\n<Task>12804</Task>\n<Opcode>0</Opcode>\n<Keywords>0x8020000000000000</Keywords>\n<TimeCreated SystemTime=\"2024-07-15 16:40:33.676058+00:00\"></TimeCreated>\n<EventRecordID>169953</EventRecordID>\n<Correlation ActivityID=\"{5c5fefd0-d6cd-0000-eaf0-5f5ccdd6da01}\" RelatedActivityID=\"\"></Correlation>\n<Execution ProcessID=\"684\" ThreadID=\"6568\"></Execution>\n<Channel>Security</Channel>\n<Computer>DESKTOP-EKVR84B</Computer>\n<Security UserID=\"\"></Security>\n</System>\n<EventData><Data Name=\"SubjectUserSid\">S-1-5-18</Data>\n<Data Name=\"SubjectUserName\">DESKTOP-EKVR84B$</Data>\n<Data Name=\"SubjectDomainName\">WORKGROUP</Data>\n<Data Name=\"SubjectLogonId\">0x00000000000003e7</Data>\n<Data Name=\"TaskName\">\\Microsoft\\Windows\\UpdateOrchestrator\\Schedule Wake To Work</Data>\n<Data Name=\"TaskContentNew\">&lt;?xml version=\"1.0\" encoding=\"UTF-16\"?&gt;\r\n&lt;Task version=\"1.2\" xmlns=\"http://schemas.microsoft.com/windows/2004/02/mit/task\"&gt;\r\n  &lt;RegistrationInfo&gt;\r\n    &lt;URI&gt;\\Microsoft\\Windows\\UpdateOrchestrator\\Schedule Wake To Work&lt;/URI&gt;\r\n    &lt;SecurityDescriptor&gt;D:P(A;;FA;;;SY)(A;;FRFX;;;LS)(A;;FRFX;;;BA)&lt;/SecurityDescriptor&gt;\r\n  &lt;/RegistrationInfo&gt;\r\n  &lt;Triggers /&gt;\r\n  &lt;Principals&gt;\r\n    &lt;Principal id=\"Author\"&gt;\r\n      &lt;UserId&gt;S-1-5-18&lt;/UserId&gt;\r\n      &lt;RunLevel&gt;LeastPrivilege&lt;/RunLevel&gt;\r\n    &lt;/Principal&gt;\r\n  &lt;/Principals&gt;\r\n  &lt;Settings&gt;\r\n    &lt;MultipleInstancesPolicy&gt;IgnoreNew&lt;/MultipleInstancesPolicy&gt;\r\n    &lt;DisallowStartIfOnBatteries&gt;true&lt;/DisallowStartIfOnBatteries&gt;\r\n    &lt;StopIfGoingOnBatteries&gt;true&lt;/StopIfGoingOnBatteries&gt;\r\n    &lt;AllowHardTerminate&gt;true&lt;/AllowHardTerminate&gt;\r\n    &lt;StartWhenAvailable&gt;false&lt;/StartWhenAvailable&gt;\r\n    &lt;RunOnlyIfNetworkAvailable&gt;false&lt;/RunOnlyIfNetworkAvailable&gt;\r\n    &lt;IdleSettings&gt;\r\n      &lt;Duration&gt;PT10M&lt;/Duration&gt;\r\n      &lt;WaitTimeout&gt;PT1H&lt;/WaitTimeout&gt;\r\n      &lt;StopOnIdleEnd&gt;true&lt;/StopOnIdleEnd&gt;\r\n      &lt;RestartOnIdle&gt;false&lt;/RestartOnIdle&gt;\r\n    &lt;/IdleSettings&gt;\r\n    &lt;AllowStartOnDemand&gt;true&lt;/AllowStartOnDemand&gt;\r\n    &lt;Enabled&gt;false&lt;/Enabled&gt;\r\n    &lt;Hidden&gt;false&lt;/Hidden&gt;\r\n    &lt;RunOnlyIfIdle&gt;false&lt;/RunOnlyIfIdle&gt;\r\n    &lt;WakeToRun&gt;false&lt;/WakeToRun&gt;\r\n    &lt;ExecutionTimeLimit&gt;PT72H&lt;/ExecutionTimeLimit&gt;\r\n    &lt;Priority&gt;7&lt;/Priority&gt;\r\n  &lt;/Settings&gt;\r\n  &lt;Actions Context=\"Author\"&gt;\r\n    &lt;Exec&gt;\r\n      &lt;Command&gt;%systemroot%\\system32\\usoclient.exe&lt;/Command&gt;\r\n      &lt;Arguments&gt;StartWork&lt;/Arguments&gt;\r\n    &lt;/Exec&gt;\r\n  &lt;/Actions&gt;\r\n&lt;/Task&gt;</Data>\n<Data Name=\"ClientProcessStartKey\">10414574138295806</Data>\n<Data Name=\"ClientProcessId\">1964</Data>\n<Data Name=\"ParentProcessId\">664</Data>\n<Data Name=\"RpcCallClientLocality\">0</Data>\n<Data Name=\"FQDN\">DESKTOP-EKVR84B</Data>\n</EventData>\n</Event>\n"
9450:    "xml": "<Event xmlns=\"http://schemas.microsoft.com/win/2004/08/events/event\"><System><Provider Name=\"Microsoft-Windows-Security-Auditing\" Guid=\"{54849625-5478-4994-a5ba-3e3b0328c30d}\"></Provider>\n<EventID Qualifiers=\"\">4702</EventID>\n<Version>1</Version>\n<Level>0</Level>\n<Task>12804</Task>\n<Opcode>0</Opcode>\n<Keywords>0x8020000000000000</Keywords>\n<TimeCreated SystemTime=\"2024-07-15 16:40:33.684765+00:00\"></TimeCreated>\n<EventRecordID>169954</EventRecordID>\n<Correlation ActivityID=\"{5c5fefd0-d6cd-0000-eaf0-5f5ccdd6da01}\" RelatedActivityID=\"\"></Correlation>\n<Execution ProcessID=\"684\" ThreadID=\"6568\"></Execution>\n<Channel>Security</Channel>\n<Computer>DESKTOP-EKVR84B</Computer>\n<Security UserID=\"\"></Security>\n</System>\n<EventData><Data Name=\"SubjectUserSid\">S-1-5-18</Data>\n<Data Name=\"SubjectUserName\">DESKTOP-EKVR84B$</Data>\n<Data Name=\"SubjectDomainName\">WORKGROUP</Data>\n<Data Name=\"SubjectLogonId\">0x00000000000003e7</Data>\n<Data Name=\"TaskName\">\\Microsoft\\Windows\\UpdateOrchestrator\\Schedule Maintenance Work</Data>\n<Data Name=\"TaskContentNew\">&lt;?xml version=\"1.0\" encoding=\"UTF-16\"?&gt;\r\n&lt;Task version=\"1.2\" xmlns=\"http://schemas.microsoft.com/windows/2004/02/mit/task\"&gt;\r\n  &lt;RegistrationInfo&gt;\r\n    &lt;URI&gt;\\Microsoft\\Windows\\UpdateOrchestrator\\Schedule Maintenance Work&lt;/URI&gt;\r\n    &lt;SecurityDescriptor&gt;D:P(A;;FA;;;SY)(A;;FRFX;;;LS)(A;;FRFX;;;BA)&lt;/SecurityDescriptor&gt;\r\n  &lt;/RegistrationInfo&gt;\r\n  &lt;Triggers /&gt;\r\n  &lt;Principals&gt;\r\n    &lt;Principal id=\"Author\"&gt;\r\n      &lt;RunLevel&gt;LeastPrivilege&lt;/RunLevel&gt;\r\n      &lt;UserId&gt;S-1-5-18&lt;/UserId&gt;\r\n    &lt;/Principal&gt;\r\n  &lt;/Principals&gt;\r\n  &lt;Settings&gt;\r\n    &lt;MultipleInstancesPolicy&gt;IgnoreNew&lt;/MultipleInstancesPolicy&gt;\r\n    &lt;DisallowStartIfOnBatteries&gt;true&lt;/DisallowStartIfOnBatteries&gt;\r\n    &lt;StopIfGoingOnBatteries&gt;true&lt;/StopIfGoingOnBatteries&gt;\r\n    &lt;AllowHardTerminate&gt;true&lt;/AllowHardTerminate&gt;\r\n    &lt;StartWhenAvailable&gt;false&lt;/StartWhenAvailable&gt;\r\n    &lt;RunOnlyIfNetworkAvailable&gt;false&lt;/RunOnlyIfNetworkAvailable&gt;\r\n    &lt;IdleSettings&gt;\r\n      &lt;Duration&gt;PT10M&lt;/Duration&gt;\r\n      &lt;WaitTimeout&gt;PT1H&lt;/WaitTimeout&gt;\r\n      &lt;StopOnIdleEnd&gt;true&lt;/StopOnIdleEnd&gt;\r\n      &lt;RestartOnIdle&gt;false&lt;/RestartOnIdle&gt;\r\n    &lt;/IdleSettings&gt;\r\n    &lt;AllowStartOnDemand&gt;true&lt;/AllowStartOnDemand&gt;\r\n    &lt;Enabled&gt;false&lt;/Enabled&gt;\r\n    &lt;Hidden&gt;false&lt;/Hidden&gt;\r\n    &lt;RunOnlyIfIdle&gt;false&lt;/RunOnlyIfIdle&gt;\r\n    &lt;WakeToRun&gt;false&lt;/WakeToRun&gt;\r\n    &lt;ExecutionTimeLimit&gt;PT72H&lt;/ExecutionTimeLimit&gt;\r\n    &lt;Priority&gt;7&lt;/Priority&gt;\r\n  &lt;/Settings&gt;\r\n  &lt;Actions Context=\"Author\"&gt;\r\n    &lt;Exec&gt;\r\n      &lt;Command&gt;%systemroot%\\system32\\usoclient.exe&lt;/Command&gt;\r\n      &lt;Arguments&gt;StartMaintenanceWork&lt;/Arguments&gt;\r\n    &lt;/Exec&gt;\r\n  &lt;/Actions&gt;\r\n&lt;/Task&gt;</Data>\n<Data Name=\"ClientProcessStartKey\">10414574138295958</Data>\n<Data Name=\"ClientProcessId\">9164</Data>\n<Data Name=\"ParentProcessId\">792</Data>\n<Data Name=\"RpcCallClientLocality\">0</Data>\n<Data Name=\"FQDN\">DESKTOP-EKVR84B</Data>\n</EventData>\n</Event>\n"
9456:    "xml": "<Event xmlns=\"http://schemas.microsoft.com/win/2004/08/events/event\"><System><Provider Name=\"Microsoft-Windows-Security-Auditing\" Guid=\"{54849625-5478-4994-a5ba-3e3b0328c30d}\"></Provider>\n<EventID Qualifiers=\"\">4702</EventID>\n<Version>1</Version>\n<Level>0</Level>\n<Task>12804</Task>\n<Opcode>0</Opcode>\n<Keywords>0x8020000000000000</Keywords>\n<TimeCreated SystemTime=\"2024-07-15 16:40:33.692316+00:00\"></TimeCreated>\n<EventRecordID>169955</EventRecordID>\n<Correlation ActivityID=\"{5c5fefd0-d6cd-0000-eaf0-5f5ccdd6da01}\" RelatedActivityID=\"\"></Correlation>\n<Execution ProcessID=\"684\" ThreadID=\"6568\"></Execution>\n<Channel>Security</Channel>\n<Computer>DESKTOP-EKVR84B</Computer>\n<Security UserID=\"\"></Security>\n</System>\n<EventData><Data Name=\"SubjectUserSid\">S-1-5-18</Data>\n<Data Name=\"SubjectUserName\">DESKTOP-EKVR84B$</Data>\n<Data Name=\"SubjectDomainName\">WORKGROUP</Data>\n<Data Name=\"SubjectLogonId\">0x00000000000003e7</Data>\n<Data Name=\"TaskName\">\\Microsoft\\Windows\\UpdateOrchestrator\\Schedule Maintenance Work</Data>\n<Data Name=\"TaskContentNew\">&lt;?xml version=\"1.0\" encoding=\"UTF-16\"?&gt;\r\n&lt;Task version=\"1.2\" xmlns=\"http://schemas.microsoft.com/windows/2004/02/mit/task\"&gt;\r\n  &lt;RegistrationInfo&gt;\r\n    &lt;URI&gt;\\Microsoft\\Windows\\UpdateOrchestrator\\Schedule Maintenance Work&lt;/URI&gt;\r\n    &lt;SecurityDescriptor&gt;D:P(A;;FA;;;SY)(A;;FRFX;;;LS)(A;;FRFX;;;BA)&lt;/SecurityDescriptor&gt;\r\n  &lt;/RegistrationInfo&gt;\r\n  &lt;Triggers /&gt;\r\n  &lt;Principals&gt;\r\n    &lt;Principal id=\"Author\"&gt;\r\n      &lt;UserId&gt;S-1-5-18&lt;/UserId&gt;\r\n      &lt;RunLevel&gt;LeastPrivilege&lt;/RunLevel&gt;\r\n    &lt;/Principal&gt;\r\n  &lt;/Principals&gt;\r\n  &lt;Settings&gt;\r\n    &lt;MultipleInstancesPolicy&gt;IgnoreNew&lt;/MultipleInstancesPolicy&gt;\r\n    &lt;DisallowStartIfOnBatteries&gt;true&lt;/DisallowStartIfOnBatteries&gt;\r\n    &lt;StopIfGoingOnBatteries&gt;true&lt;/StopIfGoingOnBatteries&gt;\r\n    &lt;AllowHardTerminate&gt;true&lt;/AllowHardTerminate&gt;\r\n    &lt;StartWhenAvailable&gt;false&lt;/StartWhenAvailable&gt;\r\n    &lt;RunOnlyIfNetworkAvailable&gt;false&lt;/RunOnlyIfNetworkAvailable&gt;\r\n    &lt;IdleSettings&gt;\r\n      &lt;Duration&gt;PT10M&lt;/Duration&gt;\r\n      &lt;WaitTimeout&gt;PT1H&lt;/WaitTimeout&gt;\r\n      &lt;StopOnIdleEnd&gt;true&lt;/StopOnIdleEnd&gt;\r\n      &lt;RestartOnIdle&gt;false&lt;/RestartOnIdle&gt;\r\n    &lt;/IdleSettings&gt;\r\n    &lt;AllowStartOnDemand&gt;true&lt;/AllowStartOnDemand&gt;\r\n    &lt;Enabled&gt;false&lt;/Enabled&gt;\r\n    &lt;Hidden&gt;false&lt;/Hidden&gt;\r\n    &lt;RunOnlyIfIdle&gt;false&lt;/RunOnlyIfIdle&gt;\r\n    &lt;WakeToRun&gt;false&lt;/WakeToRun&gt;\r\n    &lt;ExecutionTimeLimit&gt;PT72H&lt;/ExecutionTimeLimit&gt;\r\n    &lt;Priority&gt;7&lt;/Priority&gt;\r\n  &lt;/Settings&gt;\r\n  &lt;Actions Context=\"Author\"&gt;\r\n    &lt;Exec&gt;\r\n      &lt;Command&gt;%systemroot%\\system32\\usoclient.exe&lt;/Command&gt;\r\n      &lt;Arguments&gt;StartMaintenanceWork&lt;/Arguments&gt;\r\n    &lt;/Exec&gt;\r\n  &lt;/Actions&gt;\r\n&lt;/Task&gt;</Data>\n<Data Name=\"ClientProcessStartKey\">10414574138295806</Data>\n<Data Name=\"ClientProcessId\">1964</Data>\n<Data Name=\"ParentProcessId\">664</Data>\n<Data Name=\"RpcCallClientLocality\">0</Data>\n<Data Name=\"FQDN\">DESKTOP-EKVR84B</Data>\n</EventData>\n</Event>\n"
9702:    "xml": "<Event xmlns=\"http://schemas.microsoft.com/win/2004/08/events/event\"><System><Provider Name=\"Microsoft-Windows-Security-Auditing\" Guid=\"{54849625-5478-4994-a5ba-3e3b0328c30d}\"></Provider>\n<EventID Qualifiers=\"\">4702</EventID>\n<Version>1</Version>\n<Level>0</Level>\n<Task>12804</Task>\n<Opcode>0</Opcode>\n<Keywords>0x8020000000000000</Keywords>\n<TimeCreated SystemTime=\"2024-07-15 16:41:04.417042+00:00\"></TimeCreated>\n<EventRecordID>169996</EventRecordID>\n<Correlation ActivityID=\"{5c5fefd0-d6cd-0000-eaf0-5f5ccdd6da01}\" RelatedActivityID=\"\"></Correlation>\n<Execution ProcessID=\"684\" ThreadID=\"6568\"></Execution>\n<Channel>Security</Channel>\n<Computer>DESKTOP-EKVR84B</Computer>\n<Security UserID=\"\"></Security>\n</System>\n<EventData><Data Name=\"SubjectUserSid\">S-1-5-18</Data>\n<Data Name=\"SubjectUserName\">DESKTOP-EKVR84B$</Data>\n<Data Name=\"SubjectDomainName\">WORKGROUP</Data>\n<Data Name=\"SubjectLogonId\">0x00000000000003e7</Data>\n<Data Name=\"TaskName\">\\Microsoft\\Windows\\.NET Framework\\.NET Framework NGEN v4.0.30319 64</Data>\n<Data Name=\"TaskContentNew\">&lt;?xml version=\"1.0\" encoding=\"UTF-16\"?&gt;\r\n&lt;Task version=\"1.6\" xmlns=\"http://schemas.microsoft.com/windows/2004/02/mit/task\"&gt;\r\n  &lt;RegistrationInfo&gt;\r\n    &lt;Date&gt;2010-09-30T14:53:37.9516706&lt;/Date&gt;\r\n    &lt;URI&gt;\\Microsoft\\Windows\\.NET Framework\\.NET Framework NGEN v4.0.30319 64&lt;/URI&gt;\r\n    &lt;SecurityDescriptor&gt;D:(A;OICI;FA;;;BA)(A;OICI;FA;;;SY)(A;OICI;GR;;;AU)(A;;FRFX;;;LS)&lt;/SecurityDescriptor&gt;\r\n  &lt;/RegistrationInfo&gt;\r\n  &lt;Triggers&gt;\r\n    &lt;BootTrigger id=\"BootTrigger1\"&gt;\r\n      &lt;Enabled&gt;true&lt;/Enabled&gt;\r\n      &lt;Delay&gt;PT5M&lt;/Delay&gt;\r\n    &lt;/BootTrigger&gt;\r\n  &lt;/Triggers&gt;\r\n  &lt;Principals&gt;\r\n    &lt;Principal id=\"Author\"&gt;\r\n      &lt;RunLevel&gt;LeastPrivilege&lt;/RunLevel&gt;\r\n      &lt;UserId&gt;SYSTEM&lt;/UserId&gt;\r\n    &lt;/Principal&gt;\r\n  &lt;/Principals&gt;\r\n  &lt;Settings&gt;\r\n    &lt;MultipleInstancesPolicy&gt;IgnoreNew&lt;/MultipleInstancesPolicy&gt;\r\n    &lt;DisallowStartIfOnBatteries&gt;false&lt;/DisallowStartIfOnBatteries&gt;\r\n    &lt;StopIfGoingOnBatteries&gt;false&lt;/StopIfGoingOnBatteries&gt;\r\n    &lt;AllowHardTerminate&gt;true&lt;/AllowHardTerminate&gt;\r\n    &lt;StartWhenAvailable&gt;false&lt;/StartWhenAvailable&gt;\r\n    &lt;RunOnlyIfNetworkAvailable&gt;false&lt;/RunOnlyIfNetworkAvailable&gt;\r\n    &lt;IdleSettings&gt;\r\n      &lt;StopOnIdleEnd&gt;true&lt;/StopOnIdleEnd&gt;\r\n      &lt;RestartOnIdle&gt;false&lt;/RestartOnIdle&gt;\r\n    &lt;/IdleSettings&gt;\r\n    &lt;AllowStartOnDemand&gt;true&lt;/AllowStartOnDemand&gt;\r\n    &lt;Enabled&gt;true&lt;/Enabled&gt;\r\n    &lt;Hidden&gt;true&lt;/Hidden&gt;\r\n    &lt;RunOnlyIfIdle&gt;false&lt;/RunOnlyIfIdle&gt;\r\n    &lt;DisallowStartOnRemoteAppSession&gt;false&lt;/DisallowStartOnRemoteAppSession&gt;\r\n    &lt;UseUnifiedSchedulingEngine&gt;true&lt;/UseUnifiedSchedulingEngine&gt;\r\n    &lt;MaintenanceSettings&gt;\r\n      &lt;Period&gt;P1D&lt;/Period&gt;\r\n      &lt;Deadline&gt;P2D&lt;/Deadline&gt;\r\n      &lt;Exclusive&gt;false&lt;/Exclusive&gt;\r\n    &lt;/MaintenanceSettings&gt;\r\n    &lt;WakeToRun&gt;false&lt;/WakeToRun&gt;\r\n    &lt;ExecutionTimeLimit&gt;PT2H&lt;/ExecutionTimeLimit&gt;\r\n    &lt;Priority&gt;7&lt;/Priority&gt;\r\n  &lt;/Settings&gt;\r\n  &lt;Actions Context=\"Author\"&gt;\r\n    &lt;ComHandler&gt;\r\n      &lt;ClassId&gt;{429BC048-379E-45E0-80E4-EB1977941B5C}&lt;/ClassId&gt;\r\n      &lt;Data&gt;&lt;![CDATA[/RuntimeWide]]&gt;&lt;/Data&gt;\r\n    &lt;/ComHandler&gt;\r\n  &lt;/Actions&gt;\r\n&lt;/Task&gt;</Data>\n<Data Name=\"ClientProcessStartKey\">10414574138295969</Data>\n<Data Name=\"ClientProcessId\">2252</Data>\n<Data Name=\"ParentProcessId\">4576</Data>\n<Data Name=\"RpcCallClientLocality\">0</Data>\n<Data Name=\"FQDN\">DESKTOP-EKVR84B</Data>\n</EventData>\n</Event>\n"
9840:    "xml": "<Event xmlns=\"http://schemas.microsoft.com/win/2004/08/events/event\"><System><Provider Name=\"Microsoft-Windows-Security-Auditing\" Guid=\"{54849625-5478-4994-a5ba-3e3b0328c30d}\"></Provider>\n<EventID Qualifiers=\"\">4702</EventID>\n<Version>1</Version>\n<Level>0</Level>\n<Task>12804</Task>\n<Opcode>0</Opcode>\n<Keywords>0x8020000000000000</Keywords>\n<TimeCreated SystemTime=\"2024-07-15 16:41:04.824730+00:00\"></TimeCreated>\n<EventRecordID>170019</EventRecordID>\n<Correlation ActivityID=\"{5c5fefd0-d6cd-0000-eaf0-5f5ccdd6da01}\" RelatedActivityID=\"\"></Correlation>\n<Execution ProcessID=\"684\" ThreadID=\"764\"></Execution>\n<Channel>Security</Channel>\n<Computer>DESKTOP-EKVR84B</Computer>\n<Security UserID=\"\"></Security>\n</System>\n<EventData><Data Name=\"SubjectUserSid\">S-1-5-18</Data>\n<Data Name=\"SubjectUserName\">DESKTOP-EKVR84B$</Data>\n<Data Name=\"SubjectDomainName\">WORKGROUP</Data>\n<Data Name=\"SubjectLogonId\">0x00000000000003e7</Data>\n<Data Name=\"TaskName\">\\Microsoft\\Windows\\.NET Framework\\.NET Framework NGEN v4.0.30319</Data>\n<Data Name=\"TaskContentNew\">&lt;?xml version=\"1.0\" encoding=\"UTF-16\"?&gt;\r\n&lt;Task version=\"1.6\" xmlns=\"http://schemas.microsoft.com/windows/2004/02/mit/task\"&gt;\r\n  &lt;RegistrationInfo&gt;\r\n    &lt;Date&gt;2010-09-30T14:53:37.9516706&lt;/Date&gt;\r\n    &lt;URI&gt;\\Microsoft\\Windows\\.NET Framework\\.NET Framework NGEN v4.0.30319&lt;/URI&gt;\r\n    &lt;SecurityDescriptor&gt;D:(A;OICI;FA;;;BA)(A;OICI;FA;;;SY)(A;OICI;GR;;;AU)(A;;FRFX;;;LS)&lt;/SecurityDescriptor&gt;\r\n  &lt;/RegistrationInfo&gt;\r\n  &lt;Triggers&gt;\r\n    &lt;BootTrigger id=\"BootTrigger1\"&gt;\r\n      &lt;Enabled&gt;true&lt;/Enabled&gt;\r\n      &lt;Delay&gt;PT5M&lt;/Delay&gt;\r\n    &lt;/BootTrigger&gt;\r\n  &lt;/Triggers&gt;\r\n  &lt;Principals&gt;\r\n    &lt;Principal id=\"Author\"&gt;\r\n      &lt;RunLevel&gt;LeastPrivilege&lt;/RunLevel&gt;\r\n      &lt;UserId&gt;SYSTEM&lt;/UserId&gt;\r\n    &lt;/Principal&gt;\r\n  &lt;/Principals&gt;\r\n  &lt;Settings&gt;\r\n    &lt;MultipleInstancesPolicy&gt;IgnoreNew&lt;/MultipleInstancesPolicy&gt;\r\n    &lt;DisallowStartIfOnBatteries&gt;false&lt;/DisallowStartIfOnBatteries&gt;\r\n    &lt;StopIfGoingOnBatteries&gt;false&lt;/StopIfGoingOnBatteries&gt;\r\n    &lt;AllowHardTerminate&gt;true&lt;/AllowHardTerminate&gt;\r\n    &lt;StartWhenAvailable&gt;false&lt;/StartWhenAvailable&gt;\r\n    &lt;RunOnlyIfNetworkAvailable&gt;false&lt;/RunOnlyIfNetworkAvailable&gt;\r\n    &lt;IdleSettings&gt;\r\n      &lt;StopOnIdleEnd&gt;true&lt;/StopOnIdleEnd&gt;\r\n      &lt;RestartOnIdle&gt;false&lt;/RestartOnIdle&gt;\r\n    &lt;/IdleSettings&gt;\r\n    &lt;AllowStartOnDemand&gt;true&lt;/AllowStartOnDemand&gt;\r\n    &lt;Enabled&gt;true&lt;/Enabled&gt;\r\n    &lt;Hidden&gt;true&lt;/Hidden&gt;\r\n    &lt;RunOnlyIfIdle&gt;false&lt;/RunOnlyIfIdle&gt;\r\n    &lt;DisallowStartOnRemoteAppSession&gt;false&lt;/DisallowStartOnRemoteAppSession&gt;\r\n    &lt;UseUnifiedSchedulingEngine&gt;true&lt;/UseUnifiedSchedulingEngine&gt;\r\n    &lt;MaintenanceSettings&gt;\r\n      &lt;Period&gt;P1D&lt;/Period&gt;\r\n      &lt;Deadline&gt;P2D&lt;/Deadline&gt;\r\n      &lt;Exclusive&gt;false&lt;/Exclusive&gt;\r\n    &lt;/MaintenanceSettings&gt;\r\n    &lt;WakeToRun&gt;false&lt;/WakeToRun&gt;\r\n    &lt;ExecutionTimeLimit&gt;PT2H&lt;/ExecutionTimeLimit&gt;\r\n    &lt;Priority&gt;7&lt;/Priority&gt;\r\n  &lt;/Settings&gt;\r\n  &lt;Actions Context=\"Author\"&gt;\r\n    &lt;ComHandler&gt;\r\n      &lt;ClassId&gt;{84F0FAE1-C27B-4F6F-807B-28CF6F96287D}&lt;/ClassId&gt;\r\n      &lt;Data&gt;&lt;![CDATA[/RuntimeWide]]&gt;&lt;/Data&gt;\r\n    &lt;/ComHandler&gt;\r\n  &lt;/Actions&gt;\r\n&lt;/Task&gt;</Data>\n<Data Name=\"ClientProcessStartKey\">10414574138295971</Data>\n<Data Name=\"ClientProcessId\">8128</Data>\n<Data Name=\"ParentProcessId\">6176</Data>\n<Data Name=\"RpcCallClientLocality\">0</Data>\n<Data Name=\"FQDN\">DESKTOP-EKVR84B</Data>\n</EventData>\n</Event>\n"
10038:    "xml": "<Event xmlns=\"http://schemas.microsoft.com/win/2004/08/events/event\"><System><Provider Name=\"Microsoft-Windows-Security-Auditing\" Guid=\"{54849625-5478-4994-a5ba-3e3b0328c30d}\"></Provider>\n<EventID Qualifiers=\"\">4702</EventID>\n<Version>1</Version>\n<Level>0</Level>\n<Task>12804</Task>\n<Opcode>0</Opcode>\n<Keywords>0x8020000000000000</Keywords>\n<TimeCreated SystemTime=\"2024-07-15 16:44:03.362034+00:00\"></TimeCreated>\n<EventRecordID>170050</EventRecordID>\n<Correlation ActivityID=\"{5c5fefd0-d6cd-0000-eaf0-5f5ccdd6da01}\" RelatedActivityID=\"\"></Correlation>\n<Execution ProcessID=\"684\" ThreadID=\"2880\"></Execution>\n<Channel>Security</Channel>\n<Computer>DESKTOP-EKVR84B</Computer>\n<Security UserID=\"\"></Security>\n</System>\n<EventData><Data Name=\"SubjectUserSid\">S-1-5-18</Data>\n<Data Name=\"SubjectUserName\">DESKTOP-EKVR84B$</Data>\n<Data Name=\"SubjectDomainName\">WORKGROUP</Data>\n<Data Name=\"SubjectLogonId\">0x00000000000003e7</Data>\n<Data Name=\"TaskName\">\\Microsoft\\Windows\\.NET Framework\\.NET Framework NGEN v4.0.30319 64</Data>\n<Data Name=\"TaskContentNew\">&lt;?xml version=\"1.0\" encoding=\"UTF-16\"?&gt;\r\n&lt;Task version=\"1.6\" xmlns=\"http://schemas.microsoft.com/windows/2004/02/mit/task\"&gt;\r\n  &lt;RegistrationInfo&gt;\r\n    &lt;Date&gt;2010-09-30T14:53:37.9516706&lt;/Date&gt;\r\n    &lt;URI&gt;\\Microsoft\\Windows\\.NET Framework\\.NET Framework NGEN v4.0.30319 64&lt;/URI&gt;\r\n    &lt;SecurityDescriptor&gt;D:(A;OICI;FA;;;BA)(A;OICI;FA;;;SY)(A;OICI;GR;;;AU)(A;;FRFX;;;LS)&lt;/SecurityDescriptor&gt;\r\n  &lt;/RegistrationInfo&gt;\r\n  &lt;Triggers /&gt;\r\n  &lt;Principals&gt;\r\n    &lt;Principal id=\"Author\"&gt;\r\n      &lt;RunLevel&gt;LeastPrivilege&lt;/RunLevel&gt;\r\n      &lt;UserId&gt;SYSTEM&lt;/UserId&gt;\r\n    &lt;/Principal&gt;\r\n  &lt;/Principals&gt;\r\n  &lt;Settings&gt;\r\n    &lt;MultipleInstancesPolicy&gt;IgnoreNew&lt;/MultipleInstancesPolicy&gt;\r\n    &lt;DisallowStartIfOnBatteries&gt;true&lt;/DisallowStartIfOnBatteries&gt;\r\n    &lt;StopIfGoingOnBatteries&gt;true&lt;/StopIfGoingOnBatteries&gt;\r\n    &lt;AllowHardTerminate&gt;true&lt;/AllowHardTerminate&gt;\r\n    &lt;StartWhenAvailable&gt;false&lt;/StartWhenAvailable&gt;\r\n    &lt;RunOnlyIfNetworkAvailable&gt;false&lt;/RunOnlyIfNetworkAvailable&gt;\r\n    &lt;IdleSettings&gt;\r\n      &lt;StopOnIdleEnd&gt;true&lt;/StopOnIdleEnd&gt;\r\n      &lt;RestartOnIdle&gt;false&lt;/RestartOnIdle&gt;\r\n    &lt;/IdleSettings&gt;\r\n    &lt;AllowStartOnDemand&gt;true&lt;/AllowStartOnDemand&gt;\r\n    &lt;Enabled&gt;true&lt;/Enabled&gt;\r\n    &lt;Hidden&gt;true&lt;/Hidden&gt;\r\n    &lt;RunOnlyIfIdle&gt;false&lt;/RunOnlyIfIdle&gt;\r\n    &lt;DisallowStartOnRemoteAppSession&gt;false&lt;/DisallowStartOnRemoteAppSession&gt;\r\n    &lt;UseUnifiedSchedulingEngine&gt;true&lt;/UseUnifiedSchedulingEngine&gt;\r\n    &lt;MaintenanceSettings&gt;\r\n      &lt;Period&gt;P1D&lt;/Period&gt;\r\n      &lt;Deadline&gt;P2D&lt;/Deadline&gt;\r\n      &lt;Exclusive&gt;false&lt;/Exclusive&gt;\r\n    &lt;/MaintenanceSettings&gt;\r\n    &lt;WakeToRun&gt;false&lt;/WakeToRun&gt;\r\n    &lt;ExecutionTimeLimit&gt;PT2H&lt;/ExecutionTimeLimit&gt;\r\n    &lt;Priority&gt;7&lt;/Priority&gt;\r\n  &lt;/Settings&gt;\r\n  &lt;Actions Context=\"Author\"&gt;\r\n    &lt;ComHandler&gt;\r\n      &lt;ClassId&gt;{429BC048-379E-45E0-80E4-EB1977941B5C}&lt;/ClassId&gt;\r\n      &lt;Data&gt;&lt;![CDATA[/RuntimeWide]]&gt;&lt;/Data&gt;\r\n    &lt;/ComHandler&gt;\r\n  &lt;/Actions&gt;\r\n&lt;/Task&gt;</Data>\n<Data Name=\"ClientProcessStartKey\">10414574138296123</Data>\n<Data Name=\"ClientProcessId\">6980</Data>\n<Data Name=\"ParentProcessId\">4576</Data>\n<Data Name=\"RpcCallClientLocality\">0</Data>\n<Data Name=\"FQDN\">DESKTOP-EKVR84B</Data>\n</EventData>\n</Event>\n"
10044:    "xml": "<Event xmlns=\"http://schemas.microsoft.com/win/2004/08/events/event\"><System><Provider Name=\"Microsoft-Windows-Security-Auditing\" Guid=\"{54849625-5478-4994-a5ba-3e3b0328c30d}\"></Provider>\n<EventID Qualifiers=\"\">4702</EventID>\n<Version>1</Version>\n<Level>0</Level>\n<Task>12804</Task>\n<Opcode>0</Opcode>\n<Keywords>0x8020000000000000</Keywords>\n<TimeCreated SystemTime=\"2024-07-15 16:44:34.006252+00:00\"></TimeCreated>\n<EventRecordID>170051</EventRecordID>\n<Correlation ActivityID=\"{5c5fefd0-d6cd-0000-eaf0-5f5ccdd6da01}\" RelatedActivityID=\"\"></Correlation>\n<Execution ProcessID=\"684\" ThreadID=\"2880\"></Execution>\n<Channel>Security</Channel>\n<Computer>DESKTOP-EKVR84B</Computer>\n<Security UserID=\"\"></Security>\n</System>\n<EventData><Data Name=\"SubjectUserSid\">S-1-5-18</Data>\n<Data Name=\"SubjectUserName\">DESKTOP-EKVR84B$</Data>\n<Data Name=\"SubjectDomainName\">WORKGROUP</Data>\n<Data Name=\"SubjectLogonId\">0x00000000000003e7</Data>\n<Data Name=\"TaskName\">\\Microsoft\\Windows\\.NET Framework\\.NET Framework NGEN v4.0.30319</Data>\n<Data Name=\"TaskContentNew\">&lt;?xml version=\"1.0\" encoding=\"UTF-16\"?&gt;\r\n&lt;Task version=\"1.6\" xmlns=\"http://schemas.microsoft.com/windows/2004/02/mit/task\"&gt;\r\n  &lt;RegistrationInfo&gt;\r\n    &lt;Date&gt;2010-09-30T14:53:37.9516706&lt;/Date&gt;\r\n    &lt;URI&gt;\\Microsoft\\Windows\\.NET Framework\\.NET Framework NGEN v4.0.30319&lt;/URI&gt;\r\n    &lt;SecurityDescriptor&gt;D:(A;OICI;FA;;;BA)(A;OICI;FA;;;SY)(A;OICI;GR;;;AU)(A;;FRFX;;;LS)&lt;/SecurityDescriptor&gt;\r\n  &lt;/RegistrationInfo&gt;\r\n  &lt;Triggers /&gt;\r\n  &lt;Principals&gt;\r\n    &lt;Principal id=\"Author\"&gt;\r\n      &lt;RunLevel&gt;LeastPrivilege&lt;/RunLevel&gt;\r\n      &lt;UserId&gt;SYSTEM&lt;/UserId&gt;\r\n    &lt;/Principal&gt;\r\n  &lt;/Principals&gt;\r\n  &lt;Settings&gt;\r\n    &lt;MultipleInstancesPolicy&gt;IgnoreNew&lt;/MultipleInstancesPolicy&gt;\r\n    &lt;DisallowStartIfOnBatteries&gt;true&lt;/DisallowStartIfOnBatteries&gt;\r\n    &lt;StopIfGoingOnBatteries&gt;true&lt;/StopIfGoingOnBatteries&gt;\r\n    &lt;AllowHardTerminate&gt;true&lt;/AllowHardTerminate&gt;\r\n    &lt;StartWhenAvailable&gt;false&lt;/StartWhenAvailable&gt;\r\n    &lt;RunOnlyIfNetworkAvailable&gt;false&lt;/RunOnlyIfNetworkAvailable&gt;\r\n    &lt;IdleSettings&gt;\r\n      &lt;StopOnIdleEnd&gt;true&lt;/StopOnIdleEnd&gt;\r\n      &lt;RestartOnIdle&gt;false&lt;/RestartOnIdle&gt;\r\n    &lt;/IdleSettings&gt;\r\n    &lt;AllowStartOnDemand&gt;true&lt;/AllowStartOnDemand&gt;\r\n    &lt;Enabled&gt;true&lt;/Enabled&gt;\r\n    &lt;Hidden&gt;true&lt;/Hidden&gt;\r\n    &lt;RunOnlyIfIdle&gt;false&lt;/RunOnlyIfIdle&gt;\r\n    &lt;DisallowStartOnRemoteAppSession&gt;false&lt;/DisallowStartOnRemoteAppSession&gt;\r\n    &lt;UseUnifiedSchedulingEngine&gt;true&lt;/UseUnifiedSchedulingEngine&gt;\r\n    &lt;MaintenanceSettings&gt;\r\n      &lt;Period&gt;P1D&lt;/Period&gt;\r\n      &lt;Deadline&gt;P2D&lt;/Deadline&gt;\r\n      &lt;Exclusive&gt;false&lt;/Exclusive&gt;\r\n    &lt;/MaintenanceSettings&gt;\r\n    &lt;WakeToRun&gt;false&lt;/WakeToRun&gt;\r\n    &lt;ExecutionTimeLimit&gt;PT2H&lt;/ExecutionTimeLimit&gt;\r\n    &lt;Priority&gt;7&lt;/Priority&gt;\r\n  &lt;/Settings&gt;\r\n  &lt;Actions Context=\"Author\"&gt;\r\n    &lt;ComHandler&gt;\r\n      &lt;ClassId&gt;{84F0FAE1-C27B-4F6F-807B-28CF6F96287D}&lt;/ClassId&gt;\r\n      &lt;Data&gt;&lt;![CDATA[/RuntimeWide]]&gt;&lt;/Data&gt;\r\n    &lt;/ComHandler&gt;\r\n  &lt;/Actions&gt;\r\n&lt;/Task&gt;</Data>\n<Data Name=\"ClientProcessStartKey\">10414574138296180</Data>\n<Data Name=\"ClientProcessId\">7196</Data>\n<Data Name=\"ParentProcessId\">6176</Data>\n<Data Name=\"RpcCallClientLocality\">0</Data>\n<Data Name=\"FQDN\">DESKTOP-EKVR84B</Data>\n</EventData>\n</Event>\n"
10128:    "xml": "<Event xmlns=\"http://schemas.microsoft.com/win/2004/08/events/event\"><System><Provider Name=\"User32\" Guid=\"{b0aa8734-56f7-41cc-b2f4-de228e98b946}\" EventSourceName=\"User32\"></Provider>\n<EventID Qualifiers=\"32768\">1074</EventID>\n<Version>0</Version>\n<Level>4</Level>\n<Task>0</Task>\n<Opcode>0</Opcode>\n<Keywords>0x8080000000000000</Keywords>\n<TimeCreated SystemTime=\"2024-07-15 16:46:14.079933+00:00\"></TimeCreated>\n<EventRecordID>3668</EventRecordID>\n<Correlation ActivityID=\"\" RelatedActivityID=\"\"></Correlation>\n<Execution ProcessID=\"436\" ThreadID=\"564\"></Execution>\n<Channel>System</Channel>\n<Computer>DESKTOP-EKVR84B</Computer>\n<Security UserID=\"S-1-5-21-3576963320-1344788273-4164204335-1001\"></Security>\n</System>\n<EventData><Data Name=\"param1\">C:\\Windows\\System32\\RuntimeBroker.exe (DESKTOP-EKVR84B)</Data>\n<Data Name=\"param2\">DESKTOP-EKVR84B</Data>\n<Data Name=\"param3\">Other (Unplanned)</Data>\n<Data Name=\"param4\">0x0</Data>\n<Data Name=\"param5\">restart</Data>\n<Data Name=\"param6\"></Data>\n<Data Name=\"param7\">DESKTOP-EKVR84B\\user</Data>\n</EventData>\n</Event>\n"
10230:    "xml": "<Event xmlns=\"http://schemas.microsoft.com/win/2004/08/events/event\"><System><Provider Name=\"Microsoft-Windows-Security-Auditing\" Guid=\"{54849625-5478-4994-a5ba-3e3b0328c30d}\"></Provider>\n<EventID Qualifiers=\"\">4702</EventID>\n<Version>1</Version>\n<Level>0</Level>\n<Task>12804</Task>\n<Opcode>0</Opcode>\n<Keywords>0x8020000000000000</Keywords>\n<TimeCreated SystemTime=\"2024-07-15 16:46:16.353050+00:00\"></TimeCreated>\n<EventRecordID>170075</EventRecordID>\n<Correlation ActivityID=\"{5c5fefd0-d6cd-0000-eaf0-5f5ccdd6da01}\" RelatedActivityID=\"\"></Correlation>\n<Execution ProcessID=\"684\" ThreadID=\"764\"></Execution>\n<Channel>Security</Channel>\n<Computer>DESKTOP-EKVR84B</Computer>\n<Security UserID=\"\"></Security>\n</System>\n<EventData><Data Name=\"SubjectUserSid\">S-1-5-18</Data>\n<Data Name=\"SubjectUserName\">DESKTOP-EKVR84B$</Data>\n<Data Name=\"SubjectDomainName\">WORKGROUP</Data>\n<Data Name=\"SubjectLogonId\">0x00000000000003e7</Data>\n<Data Name=\"TaskName\">\\Microsoft\\Windows\\WindowsUpdate\\Scheduled Start</Data>\n<Data Name=\"TaskContentNew\">&lt;?xml version=\"1.0\" encoding=\"UTF-16\"?&gt;\r\n&lt;Task version=\"1.4\" xmlns=\"http://schemas.microsoft.com/windows/2004/02/mit/task\"&gt;\r\n  &lt;RegistrationInfo&gt;\r\n    &lt;Source&gt;Microsoft Corporation.&lt;/Source&gt;\r\n    &lt;Author&gt;Microsoft Corporation.&lt;/Author&gt;\r\n    &lt;Description&gt;This task is used to start the Windows Update service when needed to perform scheduled operations such as scans.&lt;/Description&gt;\r\n    &lt;URI&gt;\\Microsoft\\Windows\\WindowsUpdate\\Scheduled Start&lt;/URI&gt;\r\n    &lt;SecurityDescriptor&gt;D:(A;;FA;;;SY)(A;;FRFX;;;LS)(A;;FA;;;BA)&lt;/SecurityDescriptor&gt;\r\n  &lt;/RegistrationInfo&gt;\r\n  &lt;Triggers&gt;\r\n    &lt;TimeTrigger&gt;\r\n      &lt;StartBoundary&gt;2024-07-16T14:18:02Z&lt;/StartBoundary&gt;\r\n      &lt;Enabled&gt;true&lt;/Enabled&gt;\r\n      &lt;RandomDelay&gt;PT1M&lt;/RandomDelay&gt;\r\n    &lt;/TimeTrigger&gt;\r\n    &lt;SessionStateChangeTrigger&gt;\r\n      &lt;Enabled&gt;false&lt;/Enabled&gt;\r\n      &lt;StateChange&gt;ConsoleDisconnect&lt;/StateChange&gt;\r\n    &lt;/SessionStateChangeTrigger&gt;\r\n    &lt;SessionStateChangeTrigger&gt;\r\n      &lt;Enabled&gt;false&lt;/Enabled&gt;\r\n      &lt;StateChange&gt;RemoteDisconnect&lt;/StateChange&gt;\r\n    &lt;/SessionStateChangeTrigger&gt;\r\n    &lt;WnfStateChangeTrigger&gt;\r\n      &lt;Enabled&gt;false&lt;/Enabled&gt;\r\n      &lt;StateName&gt;7508BCA3380C960C&lt;/StateName&gt;\r\n      &lt;Data&gt;01&lt;/Data&gt;\r\n      &lt;DataOffset&gt;0&lt;/DataOffset&gt;\r\n    &lt;/WnfStateChangeTrigger&gt;\r\n  &lt;/Triggers&gt;\r\n  &lt;Principals&gt;\r\n    &lt;Principal id=\"LocalSystem\"&gt;\r\n      &lt;RunLevel&gt;LeastPrivilege&lt;/RunLevel&gt;\r\n      &lt;UserId&gt;NT AUTHORITY\\SYSTEM&lt;/UserId&gt;\r\n    &lt;/Principal&gt;\r\n  &lt;/Principals&gt;\r\n  &lt;Settings&gt;\r\n    &lt;MultipleInstancesPolicy&gt;IgnoreNew&lt;/MultipleInstancesPolicy&gt;\r\n    &lt;DisallowStartIfOnBatteries&gt;false&lt;/DisallowStartIfOnBatteries&gt;\r\n    &lt;StopIfGoingOnBatteries&gt;false&lt;/StopIfGoingOnBatteries&gt;\r\n    &lt;AllowHardTerminate&gt;true&lt;/AllowHardTerminate&gt;\r\n    &lt;StartWhenAvailable&gt;true&lt;/StartWhenAvailable&gt;\r\n    &lt;RunOnlyIfNetworkAvailable&gt;false&lt;/RunOnlyIfNetworkAvailable&gt;\r\n    &lt;IdleSettings&gt;\r\n      &lt;Duration&gt;PT10M&lt;/Duration&gt;\r\n      &lt;WaitTimeout&gt;PT1H&lt;/WaitTimeout&gt;\r\n      &lt;StopOnIdleEnd&gt;true&lt;/StopOnIdleEnd&gt;\r\n      &lt;RestartOnIdle&gt;false&lt;/RestartOnIdle&gt;\r\n    &lt;/IdleSettings&gt;\r\n    &lt;AllowStartOnDemand&gt;false&lt;/AllowStartOnDemand&gt;\r\n    &lt;Enabled&gt;true&lt;/Enabled&gt;\r\n    &lt;Hidden&gt;false&lt;/Hidden&gt;\r\n    &lt;RunOnlyIfIdle&gt;false&lt;/RunOnlyIfIdle&gt;\r\n    &lt;DisallowStartOnRemoteAppSession&gt;false&lt;/DisallowStartOnRemoteAppSession&gt;\r\n    &lt;UseUnifiedSchedulingEngine&gt;true&lt;/UseUnifiedSchedulingEngine&gt;\r\n    &lt;WakeToRun&gt;false&lt;/WakeToRun&gt;\r\n    &lt;ExecutionTimeLimit&gt;PT72H&lt;/ExecutionTimeLimit&gt;\r\n    &lt;Priority&gt;7&lt;/Priority&gt;\r\n  &lt;/Settings&gt;\r\n  &lt;Actions Context=\"LocalSystem\"&gt;\r\n    &lt;Exec&gt;\r\n      &lt;Command&gt;C:\\Windows\\system32\\sc.exe&lt;/Command&gt;\r\n      &lt;Arguments&gt;start wuauserv&lt;/Arguments&gt;\r\n    &lt;/Exec&gt;\r\n  &lt;/Actions&gt;\r\n&lt;/Task&gt;</Data>\n<Data Name=\"ClientProcessStartKey\">10414574138295932</Data>\n<Data Name=\"ClientProcessId\">1420</Data>\n<Data Name=\"ParentProcessId\">664</Data>\n<Data Name=\"RpcCallClientLocality\">0</Data>\n<Data Name=\"FQDN\">DESKTOP-EKVR84B</Data>\n</EventData>\n</Event>\n"
10260:    "xml": "<Event xmlns=\"http://schemas.microsoft.com/win/2004/08/events/event\"><System><Provider Name=\"Microsoft-Windows-Security-Auditing\" Guid=\"{54849625-5478-4994-a5ba-3e3b0328c30d}\"></Provider>\n<EventID Qualifiers=\"\">4658</EventID>\n<Version>0</Version>\n<Level>0</Level>\n<Task>12801</Task>\n<Opcode>0</Opcode>\n<Keywords>0x8020000000000000</Keywords>\n<TimeCreated SystemTime=\"2024-07-15 16:46:16.810322+00:00\"></TimeCreated>\n<EventRecordID>170078</EventRecordID>\n<Correlation ActivityID=\"\" RelatedActivityID=\"\"></Correlation>\n<Execution ProcessID=\"4\" ThreadID=\"6000\"></Execution>\n<Channel>Security</Channel>\n<Computer>DESKTOP-EKVR84B</Computer>\n<Security UserID=\"\"></Security>\n</System>\n<EventData><Data Name=\"SubjectUserSid\">S-1-5-18</Data>\n<Data Name=\"SubjectUserName\">DESKTOP-EKVR84B$</Data>\n<Data Name=\"SubjectDomainName\">WORKGROUP</Data>\n<Data Name=\"SubjectLogonId\">0x00000000000003e7</Data>\n<Data Name=\"ObjectServer\">Security</Data>\n<Data Name=\"HandleId\">0x000000000000158c</Data>\n<Data Name=\"ProcessId\">0x0000000000002578</Data>\n<Data Name=\"ProcessName\">C:\\Windows\\System32\\CompatTelRunner.exe</Data>\n</EventData>\n</Event>\n"
10266:    "xml": "<Event xmlns=\"http://schemas.microsoft.com/win/2004/08/events/event\"><System><Provider Name=\"Microsoft-Windows-Security-Auditing\" Guid=\"{54849625-5478-4994-a5ba-3e3b0328c30d}\"></Provider>\n<EventID Qualifiers=\"\">4656</EventID>\n<Version>1</Version>\n<Level>0</Level>\n<Task>12801</Task>\n<Opcode>0</Opcode>\n<Keywords>0x8020000000000000</Keywords>\n<TimeCreated SystemTime=\"2024-07-15 16:46:16.810396+00:00\"></TimeCreated>\n<EventRecordID>170079</EventRecordID>\n<Correlation ActivityID=\"\" RelatedActivityID=\"\"></Correlation>\n<Execution ProcessID=\"4\" ThreadID=\"6000\"></Execution>\n<Channel>Security</Channel>\n<Computer>DESKTOP-EKVR84B</Computer>\n<Security UserID=\"\"></Security>\n</System>\n<EventData><Data Name=\"SubjectUserSid\">S-1-5-18</Data>\n<Data Name=\"SubjectUserName\">DESKTOP-EKVR84B$</Data>\n<Data Name=\"SubjectDomainName\">WORKGROUP</Data>\n<Data Name=\"SubjectLogonId\">0x00000000000003e7</Data>\n<Data Name=\"ObjectServer\">Security</Data>\n<Data Name=\"ObjectType\">Key</Data>\n<Data Name=\"ObjectName\">\\REGISTRY\\MACHINE\\SOFTWARE\\Microsoft\\SystemCertificates\\ROOT\\Certificates</Data>\n<Data Name=\"HandleId\">0x00000000000003b4</Data>\n<Data Name=\"TransactionId\">{00000000-0000-0000-0000-000000000000}</Data>\n<Data Name=\"AccessList\">%%1537\r\n\t\t\t\t%%1538\r\n\t\t\t\t%%4432\r\n\t\t\t\t%%4433\r\n\t\t\t\t%%4434\r\n\t\t\t\t%%4435\r\n\t\t\t\t%%4436\r\n\t\t\t\t</Data>\n<Data Name=\"AccessReason\">-</Data>\n<Data Name=\"AccessMask\">0x0003001f</Data>\n<Data Name=\"PrivilegeList\">-</Data>\n<Data Name=\"RestrictedSidCount\">0</Data>\n<Data Name=\"ProcessId\">0x0000000000002578</Data>\n<Data Name=\"ProcessName\">C:\\Windows\\System32\\CompatTelRunner.exe</Data>\n<Data Name=\"ResourceAttributes\">-</Data>\n</EventData>\n</Event>\n"
10272:    "xml": "<Event xmlns=\"http://schemas.microsoft.com/win/2004/08/events/event\"><System><Provider Name=\"Microsoft-Windows-Security-Auditing\" Guid=\"{54849625-5478-4994-a5ba-3e3b0328c30d}\"></Provider>\n<EventID Qualifiers=\"\">4658</EventID>\n<Version>0</Version>\n<Level>0</Level>\n<Task>12801</Task>\n<Opcode>0</Opcode>\n<Keywords>0x8020000000000000</Keywords>\n<TimeCreated SystemTime=\"2024-07-15 16:46:16.810902+00:00\"></TimeCreated>\n<EventRecordID>170080</EventRecordID>\n<Correlation ActivityID=\"\" RelatedActivityID=\"\"></Correlation>\n<Execution ProcessID=\"4\" ThreadID=\"10360\"></Execution>\n<Channel>Security</Channel>\n<Computer>DESKTOP-EKVR84B</Computer>\n<Security UserID=\"\"></Security>\n</System>\n<EventData><Data Name=\"SubjectUserSid\">S-1-5-18</Data>\n<Data Name=\"SubjectUserName\">DESKTOP-EKVR84B$</Data>\n<Data Name=\"SubjectDomainName\">WORKGROUP</Data>\n<Data Name=\"SubjectLogonId\">0x00000000000003e7</Data>\n<Data Name=\"ObjectServer\">Security</Data>\n<Data Name=\"HandleId\">0x00000000000003b4</Data>\n<Data Name=\"ProcessId\">0x0000000000002578</Data>\n<Data Name=\"ProcessName\">C:\\Windows\\System32\\CompatTelRunner.exe</Data>\n</EventData>\n</Event>\n"
10284:    "xml": "<Event xmlns=\"http://schemas.microsoft.com/win/2004/08/events/event\"><System><Provider Name=\"Microsoft-Windows-Security-Auditing\" Guid=\"{54849625-5478-4994-a5ba-3e3b0328c30d}\"></Provider>\n<EventID Qualifiers=\"\">4658</EventID>\n<Version>0</Version>\n<Level>0</Level>\n<Task>12801</Task>\n<Opcode>0</Opcode>\n<Keywords>0x8020000000000000</Keywords>\n<TimeCreated SystemTime=\"2024-07-15 16:46:16.812269+00:00\"></TimeCreated>\n<EventRecordID>170082</EventRecordID>\n<Correlation ActivityID=\"\" RelatedActivityID=\"\"></Correlation>\n<Execution ProcessID=\"4\" ThreadID=\"6000\"></Execution>\n<Channel>Security</Channel>\n<Computer>DESKTOP-EKVR84B</Computer>\n<Security UserID=\"\"></Security>\n</System>\n<EventData><Data Name=\"SubjectUserSid\">S-1-5-18</Data>\n<Data Name=\"SubjectUserName\">DESKTOP-EKVR84B$</Data>\n<Data Name=\"SubjectDomainName\">WORKGROUP</Data>\n<Data Name=\"SubjectLogonId\">0x00000000000003e7</Data>\n<Data Name=\"ObjectServer\">Security</Data>\n<Data Name=\"HandleId\">0x000000000000158c</Data>\n<Data Name=\"ProcessId\">0x0000000000002578</Data>\n<Data Name=\"ProcessName\">C:\\Windows\\System32\\CompatTelRunner.exe</Data>\n</EventData>\n</Event>\n"
10290:    "xml": "<Event xmlns=\"http://schemas.microsoft.com/win/2004/08/events/event\"><System><Provider Name=\"Microsoft-Windows-Security-Auditing\" Guid=\"{54849625-5478-4994-a5ba-3e3b0328c30d}\"></Provider>\n<EventID Qualifiers=\"\">4656</EventID>\n<Version>1</Version>\n<Level>0</Level>\n<Task>12801</Task>\n<Opcode>0</Opcode>\n<Keywords>0x8020000000000000</Keywords>\n<TimeCreated SystemTime=\"2024-07-15 16:46:16.812288+00:00\"></TimeCreated>\n<EventRecordID>170083</EventRecordID>\n<Correlation ActivityID=\"\" RelatedActivityID=\"\"></Correlation>\n<Execution ProcessID=\"4\" ThreadID=\"6000\"></Execution>\n<Channel>Security</Channel>\n<Computer>DESKTOP-EKVR84B</Computer>\n<Security UserID=\"\"></Security>\n</System>\n<EventData><Data Name=\"SubjectUserSid\">S-1-5-18</Data>\n<Data Name=\"SubjectUserName\">DESKTOP-EKVR84B$</Data>\n<Data Name=\"SubjectDomainName\">WORKGROUP</Data>\n<Data Name=\"SubjectLogonId\">0x00000000000003e7</Data>\n<Data Name=\"ObjectServer\">Security</Data>\n<Data Name=\"ObjectType\">Key</Data>\n<Data Name=\"ObjectName\">\\REGISTRY\\MACHINE\\SOFTWARE\\Policies\\Microsoft\\SystemCertificates\\Root\\Certificates</Data>\n<Data Name=\"HandleId\">0x00000000000003b8</Data>\n<Data Name=\"TransactionId\">{00000000-0000-0000-0000-000000000000}</Data>\n<Data Name=\"AccessList\">%%1537\r\n\t\t\t\t%%1538\r\n\t\t\t\t%%4432\r\n\t\t\t\t%%4433\r\n\t\t\t\t%%4434\r\n\t\t\t\t%%4435\r\n\t\t\t\t%%4436\r\n\t\t\t\t</Data>\n<Data Name=\"AccessReason\">-</Data>\n<Data Name=\"AccessMask\">0x0003001f</Data>\n<Data Name=\"PrivilegeList\">-</Data>\n<Data Name=\"RestrictedSidCount\">0</Data>\n<Data Name=\"ProcessId\">0x0000000000002578</Data>\n<Data Name=\"ProcessName\">C:\\Windows\\System32\\CompatTelRunner.exe</Data>\n<Data Name=\"ResourceAttributes\">-</Data>\n</EventData>\n</Event>\n"
10296:    "xml": "<Event xmlns=\"http://schemas.microsoft.com/win/2004/08/events/event\"><System><Provider Name=\"Microsoft-Windows-Security-Auditing\" Guid=\"{54849625-5478-4994-a5ba-3e3b0328c30d}\"></Provider>\n<EventID Qualifiers=\"\">4658</EventID>\n<Version>0</Version>\n<Level>0</Level>\n<Task>12801</Task>\n<Opcode>0</Opcode>\n<Keywords>0x8020000000000000</Keywords>\n<TimeCreated SystemTime=\"2024-07-15 16:46:16.812307+00:00\"></TimeCreated>\n<EventRecordID>170084</EventRecordID>\n<Correlation ActivityID=\"\" RelatedActivityID=\"\"></Correlation>\n<Execution ProcessID=\"4\" ThreadID=\"6000\"></Execution>\n<Channel>Security</Channel>\n<Computer>DESKTOP-EKVR84B</Computer>\n<Security UserID=\"\"></Security>\n</System>\n<EventData><Data Name=\"SubjectUserSid\">S-1-5-18</Data>\n<Data Name=\"SubjectUserName\">DESKTOP-EKVR84B$</Data>\n<Data Name=\"SubjectDomainName\">WORKGROUP</Data>\n<Data Name=\"SubjectLogonId\">0x00000000000003e7</Data>\n<Data Name=\"ObjectServer\">Security</Data>\n<Data Name=\"HandleId\">0x00000000000003b8</Data>\n<Data Name=\"ProcessId\">0x0000000000002578</Data>\n<Data Name=\"ProcessName\">C:\\Windows\\System32\\CompatTelRunner.exe</Data>\n</EventData>\n</Event>\n"
10308:    "xml": "<Event xmlns=\"http://schemas.microsoft.com/win/2004/08/events/event\"><System><Provider Name=\"Microsoft-Windows-Security-Auditing\" Guid=\"{54849625-5478-4994-a5ba-3e3b0328c30d}\"></Provider>\n<EventID Qualifiers=\"\">4658</EventID>\n<Version>0</Version>\n<Level>0</Level>\n<Task>12801</Task>\n<Opcode>0</Opcode>\n<Keywords>0x8020000000000000</Keywords>\n<TimeCreated SystemTime=\"2024-07-15 16:46:16.812635+00:00\"></TimeCreated>\n<EventRecordID>170086</EventRecordID>\n<Correlation ActivityID=\"\" RelatedActivityID=\"\"></Correlation>\n<Execution ProcessID=\"4\" ThreadID=\"6000\"></Execution>\n<Channel>Security</Channel>\n<Computer>DESKTOP-EKVR84B</Computer>\n<Security UserID=\"\"></Security>\n</System>\n<EventData><Data Name=\"SubjectUserSid\">S-1-5-18</Data>\n<Data Name=\"SubjectUserName\">DESKTOP-EKVR84B$</Data>\n<Data Name=\"SubjectDomainName\">WORKGROUP</Data>\n<Data Name=\"SubjectLogonId\">0x00000000000003e7</Data>\n<Data Name=\"ObjectServer\">Security</Data>\n<Data Name=\"HandleId\">0x0000000000003c9c</Data>\n<Data Name=\"ProcessId\">0x0000000000002578</Data>\n<Data Name=\"ProcessName\">C:\\Windows\\System32\\CompatTelRunner.exe</Data>\n</EventData>\n</Event>\n"
